2023-06-19 11:06:44,881 [main] INFO  c.m.c.BookingControllerIntegrationTest Starting BookingControllerIntegrationTest using Java 18.0.1.1 with PID 19564 (started by 2050610 in C:\Users\2050610\OneDrive - Cognizant\Desktop\MovieBooking\moviebookingapp)
2023-06-19 11:06:44,897 [main] DEBUG c.m.c.BookingControllerIntegrationTest Running with Spring Boot v3.1.0, Spring v6.0.9
2023-06-19 11:06:44,899 [main] INFO  c.m.c.BookingControllerIntegrationTest No active profile set, falling back to 1 default profile: "default"
2023-06-19 11:06:57,142 [main] INFO  c.m.c.BookingControllerIntegrationTest Started BookingControllerIntegrationTest in 13.071 seconds (process running for 15.344)
2023-06-19 11:07:00,455 [main] INFO  c.m.contollers.BookingController Start - viewAllMovies
2023-06-19 11:08:35,129 [main] INFO  c.m.c.BookingControllerIntegrationTest Starting BookingControllerIntegrationTest using Java 18.0.1.1 with PID 19640 (started by 2050610 in C:\Users\2050610\OneDrive - Cognizant\Desktop\MovieBooking\moviebookingapp)
2023-06-19 11:08:35,132 [main] DEBUG c.m.c.BookingControllerIntegrationTest Running with Spring Boot v3.1.0, Spring v6.0.9
2023-06-19 11:08:35,134 [main] INFO  c.m.c.BookingControllerIntegrationTest No active profile set, falling back to 1 default profile: "default"
2023-06-19 11:08:45,690 [main] INFO  c.m.c.BookingControllerIntegrationTest Started BookingControllerIntegrationTest in 11.552 seconds (process running for 14.051)
2023-06-19 11:08:48,812 [main] INFO  c.m.contollers.BookingController Start - viewAllMovies
2023-06-19 11:34:27,455 [main] INFO  c.m.c.BookingControllerIntegrationTest Starting BookingControllerIntegrationTest using Java 18.0.1.1 with PID 17840 (started by 2050610 in C:\Users\2050610\OneDrive - Cognizant\Desktop\MovieBooking\moviebookingapp)
2023-06-19 11:34:27,457 [main] DEBUG c.m.c.BookingControllerIntegrationTest Running with Spring Boot v3.1.0, Spring v6.0.9
2023-06-19 11:34:27,459 [main] INFO  c.m.c.BookingControllerIntegrationTest No active profile set, falling back to 1 default profile: "default"
2023-06-19 11:34:36,707 [main] INFO  c.m.c.BookingControllerIntegrationTest Started BookingControllerIntegrationTest in 10.022 seconds (process running for 12.178)
2023-06-19 11:34:39,247 [main] INFO  c.m.contollers.BookingController Start - viewAllMovies
2023-06-19 11:41:10,497 [main] INFO  c.m.c.BookingControllerIntegrationTest Starting BookingControllerIntegrationTest using Java 18.0.1.1 with PID 17796 (started by 2050610 in C:\Users\2050610\OneDrive - Cognizant\Desktop\MovieBooking\moviebookingapp)
2023-06-19 11:41:10,499 [main] DEBUG c.m.c.BookingControllerIntegrationTest Running with Spring Boot v3.1.0, Spring v6.0.9
2023-06-19 11:41:10,504 [main] INFO  c.m.c.BookingControllerIntegrationTest No active profile set, falling back to 1 default profile: "default"
2023-06-19 11:41:30,422 [main] INFO  c.m.c.BookingControllerIntegrationTest Started BookingControllerIntegrationTest in 22.049 seconds (process running for 28.18)
2023-06-19 11:41:35,431 [main] INFO  c.m.contollers.BookingController Start - viewAllMovies
2023-06-19 11:41:35,794 [main] TRACE c.m.contollers.BookingController End - viewAllMovies
2023-06-19 11:42:31,414 [main] INFO  c.m.c.BookingControllerIntegrationTest Starting BookingControllerIntegrationTest using Java 18.0.1.1 with PID 11664 (started by 2050610 in C:\Users\2050610\OneDrive - Cognizant\Desktop\MovieBooking\moviebookingapp)
2023-06-19 11:42:31,418 [main] DEBUG c.m.c.BookingControllerIntegrationTest Running with Spring Boot v3.1.0, Spring v6.0.9
2023-06-19 11:42:31,420 [main] INFO  c.m.c.BookingControllerIntegrationTest No active profile set, falling back to 1 default profile: "default"
2023-06-19 11:42:41,805 [main] INFO  c.m.c.BookingControllerIntegrationTest Started BookingControllerIntegrationTest in 11.576 seconds (process running for 14.987)
2023-06-19 11:42:44,401 [main] INFO  c.m.contollers.BookingController Start - viewAllMovies
2023-06-19 11:42:44,562 [main] TRACE c.m.contollers.BookingController End - viewAllMovies
2023-06-19 11:43:37,903 [main] INFO  c.m.c.BookingControllerIntegrationTest Starting BookingControllerIntegrationTest using Java 18.0.1.1 with PID 20640 (started by 2050610 in C:\Users\2050610\OneDrive - Cognizant\Desktop\MovieBooking\moviebookingapp)
2023-06-19 11:43:37,905 [main] DEBUG c.m.c.BookingControllerIntegrationTest Running with Spring Boot v3.1.0, Spring v6.0.9
2023-06-19 11:43:37,907 [main] INFO  c.m.c.BookingControllerIntegrationTest No active profile set, falling back to 1 default profile: "default"
2023-06-19 11:43:49,116 [main] INFO  c.m.c.BookingControllerIntegrationTest Started BookingControllerIntegrationTest in 12.229 seconds (process running for 15.233)
2023-06-19 11:43:52,323 [main] INFO  c.m.contollers.BookingController Start - viewAllMovies
2023-06-19 11:43:52,717 [main] TRACE c.m.contollers.BookingController End - viewAllMovies
2023-06-19 11:56:56,992 [main] INFO  c.m.interfaces.MovieServiceTest Starting MovieServiceTest using Java 18.0.1.1 with PID 20808 (started by 2050610 in C:\Users\2050610\OneDrive - Cognizant\Desktop\MovieBooking\moviebookingapp)
2023-06-19 11:56:56,994 [main] DEBUG c.m.interfaces.MovieServiceTest Running with Spring Boot v3.1.0, Spring v6.0.9
2023-06-19 11:56:56,996 [main] INFO  c.m.interfaces.MovieServiceTest No active profile set, falling back to 1 default profile: "default"
2023-06-19 11:57:09,073 [main] INFO  c.m.interfaces.MovieServiceTest Started MovieServiceTest in 12.93 seconds (process running for 15.447)
2023-06-19 11:59:46,515 [main] INFO  c.m.interfaces.MovieServiceTest Starting MovieServiceTest using Java 18.0.1.1 with PID 14684 (started by 2050610 in C:\Users\2050610\OneDrive - Cognizant\Desktop\MovieBooking\moviebookingapp)
2023-06-19 11:59:46,525 [main] DEBUG c.m.interfaces.MovieServiceTest Running with Spring Boot v3.1.0, Spring v6.0.9
2023-06-19 11:59:46,553 [main] INFO  c.m.interfaces.MovieServiceTest No active profile set, falling back to 1 default profile: "default"
2023-06-19 12:00:05,147 [main] INFO  c.m.interfaces.MovieServiceTest Started MovieServiceTest in 20.143 seconds (process running for 24.984)
2023-06-19 12:02:46,840 [main] INFO  c.m.interfaces.MovieServiceTest Starting MovieServiceTest using Java 18.0.1.1 with PID 14296 (started by 2050610 in C:\Users\2050610\OneDrive - Cognizant\Desktop\MovieBooking\moviebookingapp)
2023-06-19 12:02:46,842 [main] DEBUG c.m.interfaces.MovieServiceTest Running with Spring Boot v3.1.0, Spring v6.0.9
2023-06-19 12:02:46,843 [main] INFO  c.m.interfaces.MovieServiceTest No active profile set, falling back to 1 default profile: "default"
2023-06-19 12:02:57,100 [main] INFO  c.m.interfaces.MovieServiceTest Started MovieServiceTest in 10.981 seconds (process running for 13.275)
2023-06-19 12:05:42,207 [main] INFO  c.m.c.BookingControllerIntegrationTest Starting BookingControllerIntegrationTest using Java 18.0.1.1 with PID 24372 (started by 2050610 in C:\Users\2050610\OneDrive - Cognizant\Desktop\MovieBooking\moviebookingapp)
2023-06-19 12:05:42,208 [main] DEBUG c.m.c.BookingControllerIntegrationTest Running with Spring Boot v3.1.0, Spring v6.0.9
2023-06-19 12:05:42,210 [main] INFO  c.m.c.BookingControllerIntegrationTest No active profile set, falling back to 1 default profile: "default"
2023-06-19 12:05:52,099 [main] INFO  c.m.c.BookingControllerIntegrationTest Started BookingControllerIntegrationTest in 10.64 seconds (process running for 13.293)
2023-06-19 12:05:54,420 [main] INFO  c.m.contollers.BookingController Start - viewAllMovies
2023-06-19 12:05:54,734 [main] TRACE c.m.contollers.BookingController End - viewAllMovies
2023-06-19 12:06:30,645 [main] INFO  c.m.c.BookingControllerIntegrationTest Starting BookingControllerIntegrationTest using Java 18.0.1.1 with PID 11076 (started by 2050610 in C:\Users\2050610\OneDrive - Cognizant\Desktop\MovieBooking\moviebookingapp)
2023-06-19 12:06:30,648 [main] DEBUG c.m.c.BookingControllerIntegrationTest Running with Spring Boot v3.1.0, Spring v6.0.9
2023-06-19 12:06:30,650 [main] INFO  c.m.c.BookingControllerIntegrationTest No active profile set, falling back to 1 default profile: "default"
2023-06-19 12:06:41,076 [main] INFO  c.m.c.BookingControllerIntegrationTest Started BookingControllerIntegrationTest in 11.327 seconds (process running for 13.69)
2023-06-19 12:06:44,236 [main] INFO  c.m.contollers.BookingController Start - viewAllMovies
2023-06-19 12:06:44,478 [main] TRACE c.m.contollers.BookingController End - viewAllMovies
2023-06-19 12:07:35,421 [main] INFO  c.m.interfaces.MovieServiceTest Starting MovieServiceTest using Java 18.0.1.1 with PID 22428 (started by 2050610 in C:\Users\2050610\OneDrive - Cognizant\Desktop\MovieBooking\moviebookingapp)
2023-06-19 12:07:35,424 [main] DEBUG c.m.interfaces.MovieServiceTest Running with Spring Boot v3.1.0, Spring v6.0.9
2023-06-19 12:07:35,427 [main] INFO  c.m.interfaces.MovieServiceTest No active profile set, falling back to 1 default profile: "default"
2023-06-19 12:07:46,720 [main] INFO  c.m.interfaces.MovieServiceTest Started MovieServiceTest in 12.083 seconds (process running for 14.477)
2023-06-19 12:08:16,771 [main] INFO  c.m.interfaces.MovieServiceTest Starting MovieServiceTest using Java 18.0.1.1 with PID 11784 (started by 2050610 in C:\Users\2050610\OneDrive - Cognizant\Desktop\MovieBooking\moviebookingapp)
2023-06-19 12:08:16,773 [main] DEBUG c.m.interfaces.MovieServiceTest Running with Spring Boot v3.1.0, Spring v6.0.9
2023-06-19 12:08:16,774 [main] INFO  c.m.interfaces.MovieServiceTest No active profile set, falling back to 1 default profile: "default"
2023-06-19 12:08:29,536 [main] INFO  c.m.interfaces.MovieServiceTest Started MovieServiceTest in 13.548 seconds (process running for 16.036)
2023-06-19 12:09:12,050 [main] INFO  c.m.interfaces.MovieServiceTest Starting MovieServiceTest using Java 18.0.1.1 with PID 18916 (started by 2050610 in C:\Users\2050610\OneDrive - Cognizant\Desktop\MovieBooking\moviebookingapp)
2023-06-19 12:09:12,053 [main] DEBUG c.m.interfaces.MovieServiceTest Running with Spring Boot v3.1.0, Spring v6.0.9
2023-06-19 12:09:12,055 [main] INFO  c.m.interfaces.MovieServiceTest No active profile set, falling back to 1 default profile: "default"
2023-06-19 12:09:23,682 [main] INFO  c.m.interfaces.MovieServiceTest Started MovieServiceTest in 12.439 seconds (process running for 15.188)
2023-06-19 12:09:40,301 [main] INFO  c.m.interfaces.MovieServiceTest Starting MovieServiceTest using Java 18.0.1.1 with PID 20200 (started by 2050610 in C:\Users\2050610\OneDrive - Cognizant\Desktop\MovieBooking\moviebookingapp)
2023-06-19 12:09:40,302 [main] DEBUG c.m.interfaces.MovieServiceTest Running with Spring Boot v3.1.0, Spring v6.0.9
2023-06-19 12:09:40,304 [main] INFO  c.m.interfaces.MovieServiceTest No active profile set, falling back to 1 default profile: "default"
2023-06-19 12:09:51,068 [main] INFO  c.m.interfaces.MovieServiceTest Started MovieServiceTest in 11.552 seconds (process running for 14.122)
2023-06-19 12:13:25,373 [main] INFO  c.m.interfaces.MovieServiceTest Starting MovieServiceTest using Java 18.0.1.1 with PID 22180 (started by 2050610 in C:\Users\2050610\OneDrive - Cognizant\Desktop\MovieBooking\moviebookingapp)
2023-06-19 12:13:25,375 [main] DEBUG c.m.interfaces.MovieServiceTest Running with Spring Boot v3.1.0, Spring v6.0.9
2023-06-19 12:13:25,376 [main] INFO  c.m.interfaces.MovieServiceTest No active profile set, falling back to 1 default profile: "default"
2023-06-19 12:13:37,084 [main] INFO  c.m.interfaces.MovieServiceTest Started MovieServiceTest in 12.537 seconds (process running for 15.554)
2023-06-19 12:14:34,947 [main] INFO  c.m.interfaces.MovieServiceTest Starting MovieServiceTest using Java 18.0.1.1 with PID 23792 (started by 2050610 in C:\Users\2050610\OneDrive - Cognizant\Desktop\MovieBooking\moviebookingapp)
2023-06-19 12:14:34,949 [main] DEBUG c.m.interfaces.MovieServiceTest Running with Spring Boot v3.1.0, Spring v6.0.9
2023-06-19 12:14:34,951 [main] INFO  c.m.interfaces.MovieServiceTest No active profile set, falling back to 1 default profile: "default"
2023-06-19 12:14:46,445 [main] INFO  c.m.interfaces.MovieServiceTest Started MovieServiceTest in 12.413 seconds (process running for 14.878)
2023-06-19 12:15:17,835 [main] INFO  c.m.interfaces.MovieServiceTest Starting MovieServiceTest using Java 18.0.1.1 with PID 22616 (started by 2050610 in C:\Users\2050610\OneDrive - Cognizant\Desktop\MovieBooking\moviebookingapp)
2023-06-19 12:15:17,837 [main] DEBUG c.m.interfaces.MovieServiceTest Running with Spring Boot v3.1.0, Spring v6.0.9
2023-06-19 12:15:17,839 [main] INFO  c.m.interfaces.MovieServiceTest No active profile set, falling back to 1 default profile: "default"
2023-06-19 12:16:50,350 [main] INFO  c.m.interfaces.MovieServiceTest Starting MovieServiceTest using Java 18.0.1.1 with PID 20844 (started by 2050610 in C:\Users\2050610\OneDrive - Cognizant\Desktop\MovieBooking\moviebookingapp)
2023-06-19 12:16:50,352 [main] DEBUG c.m.interfaces.MovieServiceTest Running with Spring Boot v3.1.0, Spring v6.0.9
2023-06-19 12:16:50,355 [main] INFO  c.m.interfaces.MovieServiceTest No active profile set, falling back to 1 default profile: "default"
2023-06-19 12:17:02,363 [main] INFO  c.m.interfaces.MovieServiceTest Started MovieServiceTest in 12.895 seconds (process running for 15.285)
2023-06-19 12:17:18,369 [main] INFO  c.m.interfaces.MovieServiceTest Starting MovieServiceTest using Java 18.0.1.1 with PID 19664 (started by 2050610 in C:\Users\2050610\OneDrive - Cognizant\Desktop\MovieBooking\moviebookingapp)
2023-06-19 12:17:18,371 [main] DEBUG c.m.interfaces.MovieServiceTest Running with Spring Boot v3.1.0, Spring v6.0.9
2023-06-19 12:17:18,373 [main] INFO  c.m.interfaces.MovieServiceTest No active profile set, falling back to 1 default profile: "default"
2023-06-19 12:17:28,691 [main] INFO  c.m.interfaces.MovieServiceTest Started MovieServiceTest in 11.166 seconds (process running for 13.344)
2023-06-19 12:19:21,548 [main] INFO  c.m.c.BookingControllerIntegrationTest Starting BookingControllerIntegrationTest using Java 18.0.1.1 with PID 16604 (started by 2050610 in C:\Users\2050610\OneDrive - Cognizant\Desktop\MovieBooking\moviebookingapp)
2023-06-19 12:19:21,549 [main] DEBUG c.m.c.BookingControllerIntegrationTest Running with Spring Boot v3.1.0, Spring v6.0.9
2023-06-19 12:19:21,551 [main] INFO  c.m.c.BookingControllerIntegrationTest No active profile set, falling back to 1 default profile: "default"
2023-06-19 12:19:32,985 [main] INFO  c.m.c.BookingControllerIntegrationTest Started BookingControllerIntegrationTest in 12.197 seconds (process running for 15.538)
2023-06-19 12:19:35,927 [main] INFO  c.m.contollers.BookingController Start - viewAllMovies
2023-06-19 12:19:36,199 [main] TRACE c.m.contollers.BookingController End - viewAllMovies
2023-06-19 12:29:39,197 [main] INFO  c.m.c.BookingControllerIntegrationTest Starting BookingControllerIntegrationTest using Java 18.0.1.1 with PID 7844 (started by 2050610 in C:\Users\2050610\OneDrive - Cognizant\Desktop\MovieBooking\moviebookingapp)
2023-06-19 12:29:39,199 [main] DEBUG c.m.c.BookingControllerIntegrationTest Running with Spring Boot v3.1.0, Spring v6.0.9
2023-06-19 12:29:39,201 [main] INFO  c.m.c.BookingControllerIntegrationTest No active profile set, falling back to 1 default profile: "default"
2023-06-19 12:29:51,322 [main] INFO  c.m.c.BookingControllerIntegrationTest Started BookingControllerIntegrationTest in 13.193 seconds (process running for 16.606)
2023-06-19 12:29:55,256 [main] INFO  c.m.contollers.BookingController Start - viewAllMovies
2023-06-19 12:29:55,539 [main] TRACE c.m.contollers.BookingController End - viewAllMovies
2023-06-19 12:29:56,107 [main] INFO  c.m.contollers.BookingController Start - viewAllMovies
2023-06-19 12:29:56,152 [main] TRACE c.m.contollers.BookingController End - viewAllMovies
2023-06-19 12:47:02,135 [main] INFO  c.m.c.BookingControllerIntegrationTest Starting BookingControllerIntegrationTest using Java 18.0.1.1 with PID 6996 (started by 2050610 in C:\Users\2050610\OneDrive - Cognizant\Desktop\MovieBooking\moviebookingapp)
2023-06-19 12:47:02,139 [main] DEBUG c.m.c.BookingControllerIntegrationTest Running with Spring Boot v3.1.0, Spring v6.0.9
2023-06-19 12:47:02,141 [main] INFO  c.m.c.BookingControllerIntegrationTest No active profile set, falling back to 1 default profile: "default"
2023-06-19 12:47:13,496 [main] INFO  c.m.c.BookingControllerIntegrationTest Started BookingControllerIntegrationTest in 12.493 seconds (process running for 15.81)
2023-06-19 12:47:17,608 [main] INFO  c.m.contollers.BookingController Start - viewAllMovies
2023-06-19 12:47:17,921 [main] TRACE c.m.contollers.BookingController End - viewAllMovies
2023-06-19 12:48:54,848 [main] INFO  c.m.c.BookingControllerIntegrationTest Starting BookingControllerIntegrationTest using Java 18.0.1.1 with PID 14404 (started by 2050610 in C:\Users\2050610\OneDrive - Cognizant\Desktop\MovieBooking\moviebookingapp)
2023-06-19 12:48:54,850 [main] DEBUG c.m.c.BookingControllerIntegrationTest Running with Spring Boot v3.1.0, Spring v6.0.9
2023-06-19 12:48:54,852 [main] INFO  c.m.c.BookingControllerIntegrationTest No active profile set, falling back to 1 default profile: "default"
2023-06-19 12:49:04,928 [main] INFO  c.m.c.BookingControllerIntegrationTest Started BookingControllerIntegrationTest in 10.789 seconds (process running for 12.96)
2023-06-19 12:49:08,361 [main] INFO  c.m.contollers.BookingController Start - viewAllMovies
2023-06-19 12:49:08,600 [main] TRACE c.m.contollers.BookingController End - viewAllMovies
2023-06-19 12:50:00,737 [main] INFO  c.m.c.BookingControllerIntegrationTest Starting BookingControllerIntegrationTest using Java 18.0.1.1 with PID 17200 (started by 2050610 in C:\Users\2050610\OneDrive - Cognizant\Desktop\MovieBooking\moviebookingapp)
2023-06-19 12:50:00,738 [main] DEBUG c.m.c.BookingControllerIntegrationTest Running with Spring Boot v3.1.0, Spring v6.0.9
2023-06-19 12:50:00,741 [main] INFO  c.m.c.BookingControllerIntegrationTest No active profile set, falling back to 1 default profile: "default"
2023-06-19 12:50:12,838 [main] INFO  c.m.c.BookingControllerIntegrationTest Started BookingControllerIntegrationTest in 13.052 seconds (process running for 15.809)
2023-06-19 12:50:16,059 [main] INFO  c.m.contollers.BookingController Start - viewAllMovies
2023-06-19 12:50:16,325 [main] TRACE c.m.contollers.BookingController End - viewAllMovies
2023-06-19 12:50:36,766 [main] INFO  c.m.c.BookingControllerIntegrationTest Starting BookingControllerIntegrationTest using Java 18.0.1.1 with PID 13600 (started by 2050610 in C:\Users\2050610\OneDrive - Cognizant\Desktop\MovieBooking\moviebookingapp)
2023-06-19 12:50:36,768 [main] DEBUG c.m.c.BookingControllerIntegrationTest Running with Spring Boot v3.1.0, Spring v6.0.9
2023-06-19 12:50:36,770 [main] INFO  c.m.c.BookingControllerIntegrationTest No active profile set, falling back to 1 default profile: "default"
2023-06-19 12:50:46,371 [main] INFO  c.m.c.BookingControllerIntegrationTest Started BookingControllerIntegrationTest in 10.577 seconds (process running for 13.156)
2023-06-19 12:50:49,138 [main] INFO  c.m.contollers.BookingController Start - viewAllMovies
2023-06-19 12:50:49,380 [main] TRACE c.m.contollers.BookingController End - viewAllMovies
2023-06-19 12:51:56,466 [main] INFO  c.m.c.BookingControllerIntegrationTest Starting BookingControllerIntegrationTest using Java 18.0.1.1 with PID 25216 (started by 2050610 in C:\Users\2050610\OneDrive - Cognizant\Desktop\MovieBooking\moviebookingapp)
2023-06-19 12:51:56,468 [main] DEBUG c.m.c.BookingControllerIntegrationTest Running with Spring Boot v3.1.0, Spring v6.0.9
2023-06-19 12:51:56,470 [main] INFO  c.m.c.BookingControllerIntegrationTest No active profile set, falling back to 1 default profile: "default"
2023-06-19 12:52:19,171 [main] INFO  c.m.c.BookingControllerIntegrationTest Starting BookingControllerIntegrationTest using Java 18.0.1.1 with PID 11548 (started by 2050610 in C:\Users\2050610\OneDrive - Cognizant\Desktop\MovieBooking\moviebookingapp)
2023-06-19 12:52:19,172 [main] DEBUG c.m.c.BookingControllerIntegrationTest Running with Spring Boot v3.1.0, Spring v6.0.9
2023-06-19 12:52:19,174 [main] INFO  c.m.c.BookingControllerIntegrationTest No active profile set, falling back to 1 default profile: "default"
2023-06-19 12:52:28,525 [main] INFO  c.m.c.BookingControllerIntegrationTest Started BookingControllerIntegrationTest in 10.14 seconds (process running for 12.485)
2023-06-19 12:52:31,913 [main] INFO  c.m.contollers.BookingController Start - viewAllMovies
2023-06-19 12:52:32,045 [main] TRACE c.m.contollers.BookingController End - viewAllMovies
2023-06-19 13:07:24,404 [main] INFO  c.m.c.BookingControllerIntegrationTest Starting BookingControllerIntegrationTest using Java 18.0.1.1 with PID 4604 (started by 2050610 in C:\Users\2050610\OneDrive - Cognizant\Desktop\MovieBooking\moviebookingapp)
2023-06-19 13:07:24,406 [main] DEBUG c.m.c.BookingControllerIntegrationTest Running with Spring Boot v3.1.0, Spring v6.0.9
2023-06-19 13:07:24,408 [main] INFO  c.m.c.BookingControllerIntegrationTest No active profile set, falling back to 1 default profile: "default"
2023-06-19 13:07:33,979 [main] INFO  c.m.c.BookingControllerIntegrationTest Started BookingControllerIntegrationTest in 10.331 seconds (process running for 12.697)
2023-06-19 13:07:37,971 [main] ERROR c.m.tools.AuthEntryPointJwt Unauthorized error: Bad credentials
2023-06-19 13:07:38,113 [main] INFO  c.m.contollers.BookingController Start - viewAllMovies
2023-06-19 13:07:38,199 [main] TRACE c.m.contollers.BookingController End - viewAllMovies
2023-06-19 13:09:29,754 [main] INFO  c.m.c.BookingControllerIntegrationTest Starting BookingControllerIntegrationTest using Java 18.0.1.1 with PID 8708 (started by 2050610 in C:\Users\2050610\OneDrive - Cognizant\Desktop\MovieBooking\moviebookingapp)
2023-06-19 13:09:29,756 [main] DEBUG c.m.c.BookingControllerIntegrationTest Running with Spring Boot v3.1.0, Spring v6.0.9
2023-06-19 13:09:29,758 [main] INFO  c.m.c.BookingControllerIntegrationTest No active profile set, falling back to 1 default profile: "default"
2023-06-19 13:09:39,539 [main] INFO  c.m.c.BookingControllerIntegrationTest Started BookingControllerIntegrationTest in 10.648 seconds (process running for 12.845)
2023-06-19 13:09:43,558 [main] ERROR c.m.tools.AuthEntryPointJwt Unauthorized error: Bad credentials
2023-06-19 13:09:43,715 [main] INFO  c.m.contollers.BookingController Start - viewAllMovies
2023-06-19 13:09:43,791 [main] TRACE c.m.contollers.BookingController End - viewAllMovies
2023-06-19 13:17:42,170 [main] INFO  c.m.c.BookingControllerIntegrationTest Starting BookingControllerIntegrationTest using Java 18.0.1.1 with PID 22728 (started by 2050610 in C:\Users\2050610\OneDrive - Cognizant\Desktop\MovieBooking\moviebookingapp)
2023-06-19 13:17:42,172 [main] DEBUG c.m.c.BookingControllerIntegrationTest Running with Spring Boot v3.1.0, Spring v6.0.9
2023-06-19 13:17:42,173 [main] INFO  c.m.c.BookingControllerIntegrationTest No active profile set, falling back to 1 default profile: "default"
2023-06-19 13:17:52,487 [main] INFO  c.m.c.BookingControllerIntegrationTest Started BookingControllerIntegrationTest in 11.172 seconds (process running for 13.48)
2023-06-19 13:17:56,819 [main] ERROR c.m.tools.AuthEntryPointJwt Unauthorized error: Bad credentials
2023-06-19 13:17:56,949 [main] INFO  c.m.contollers.BookingController Start - viewAllMovies
2023-06-19 13:17:57,038 [main] TRACE c.m.contollers.BookingController End - viewAllMovies
2023-06-19 13:18:54,110 [main] INFO  c.m.c.BookingControllerIntegrationTest Starting BookingControllerIntegrationTest using Java 18.0.1.1 with PID 25340 (started by 2050610 in C:\Users\2050610\OneDrive - Cognizant\Desktop\MovieBooking\moviebookingapp)
2023-06-19 13:18:54,111 [main] DEBUG c.m.c.BookingControllerIntegrationTest Running with Spring Boot v3.1.0, Spring v6.0.9
2023-06-19 13:18:54,112 [main] INFO  c.m.c.BookingControllerIntegrationTest No active profile set, falling back to 1 default profile: "default"
2023-06-19 13:19:05,062 [main] INFO  c.m.c.BookingControllerIntegrationTest Started BookingControllerIntegrationTest in 11.684 seconds (process running for 14.126)
2023-06-19 13:19:09,336 [main] ERROR c.m.tools.AuthEntryPointJwt Unauthorized error: Bad credentials
2023-06-19 13:19:09,484 [main] INFO  c.m.contollers.BookingController Start - viewAllMovies
2023-06-19 13:19:09,582 [main] TRACE c.m.contollers.BookingController End - viewAllMovies
2023-06-19 13:21:36,075 [main] INFO  c.m.c.BookingControllerIntegrationTest Starting BookingControllerIntegrationTest using Java 18.0.1.1 with PID 25140 (started by 2050610 in C:\Users\2050610\OneDrive - Cognizant\Desktop\MovieBooking\moviebookingapp)
2023-06-19 13:21:36,079 [main] DEBUG c.m.c.BookingControllerIntegrationTest Running with Spring Boot v3.1.0, Spring v6.0.9
2023-06-19 13:21:36,081 [main] INFO  c.m.c.BookingControllerIntegrationTest No active profile set, falling back to 1 default profile: "default"
2023-06-19 13:21:42,875 [main] DEBUG c.m.tools.AuthTokenFilter Filter 'authTokenFilter' configured for use
2023-06-19 13:21:46,996 [main] INFO  c.m.c.BookingControllerIntegrationTest Started BookingControllerIntegrationTest in 12.045 seconds (process running for 16.859)
2023-06-19 13:21:48,020 [main] ERROR c.m.tools.AuthEntryPointJwt Unauthorized error: Bad credentials
2023-06-19 13:21:48,114 [main] INFO  c.m.contollers.BookingController Start - viewAllMovies
2023-06-19 13:21:48,163 [main] TRACE c.m.contollers.BookingController End - viewAllMovies
2023-06-19 13:22:52,689 [main] INFO  c.m.c.BookingControllerIntegrationTest Starting BookingControllerIntegrationTest using Java 18.0.1.1 with PID 2352 (started by 2050610 in C:\Users\2050610\OneDrive - Cognizant\Desktop\MovieBooking\moviebookingapp)
2023-06-19 13:22:52,693 [main] DEBUG c.m.c.BookingControllerIntegrationTest Running with Spring Boot v3.1.0, Spring v6.0.9
2023-06-19 13:22:52,696 [main] INFO  c.m.c.BookingControllerIntegrationTest No active profile set, falling back to 1 default profile: "default"
2023-06-19 13:23:00,757 [main] DEBUG c.m.tools.AuthTokenFilter Filter 'authTokenFilter' configured for use
2023-06-19 13:23:05,225 [main] INFO  c.m.c.BookingControllerIntegrationTest Started BookingControllerIntegrationTest in 13.786 seconds (process running for 18.689)
2023-06-19 13:23:06,585 [main] ERROR c.m.tools.AuthEntryPointJwt Unauthorized error: Bad credentials
2023-06-19 13:23:06,690 [main] INFO  c.m.contollers.BookingController Start - viewAllMovies
2023-06-19 13:23:06,762 [main] TRACE c.m.contollers.BookingController End - viewAllMovies
2023-06-19 13:23:53,242 [main] INFO  c.m.c.BookingControllerIntegrationTest Starting BookingControllerIntegrationTest using Java 18.0.1.1 with PID 16112 (started by 2050610 in C:\Users\2050610\OneDrive - Cognizant\Desktop\MovieBooking\moviebookingapp)
2023-06-19 13:23:53,245 [main] DEBUG c.m.c.BookingControllerIntegrationTest Running with Spring Boot v3.1.0, Spring v6.0.9
2023-06-19 13:23:53,247 [main] INFO  c.m.c.BookingControllerIntegrationTest No active profile set, falling back to 1 default profile: "default"
2023-06-19 13:24:01,689 [main] DEBUG c.m.tools.AuthTokenFilter Filter 'authTokenFilter' configured for use
2023-06-19 13:24:07,100 [main] INFO  c.m.c.BookingControllerIntegrationTest Started BookingControllerIntegrationTest in 15.263 seconds (process running for 21.633)
2023-06-19 13:25:45,042 [main] INFO  c.m.c.BookingControllerIntegrationTest Starting BookingControllerIntegrationTest using Java 18.0.1.1 with PID 9460 (started by 2050610 in C:\Users\2050610\OneDrive - Cognizant\Desktop\MovieBooking\moviebookingapp)
2023-06-19 13:25:45,046 [main] DEBUG c.m.c.BookingControllerIntegrationTest Running with Spring Boot v3.1.0, Spring v6.0.9
2023-06-19 13:25:45,051 [main] INFO  c.m.c.BookingControllerIntegrationTest No active profile set, falling back to 1 default profile: "default"
2023-06-19 13:25:53,042 [main] DEBUG c.m.tools.AuthTokenFilter Filter 'authTokenFilter' configured for use
2023-06-19 13:25:58,233 [main] INFO  c.m.c.BookingControllerIntegrationTest Started BookingControllerIntegrationTest in 14.741 seconds (process running for 20.643)
2023-06-19 13:26:56,894 [main] INFO  c.m.c.BookingControllerIntegrationTest Starting BookingControllerIntegrationTest using Java 18.0.1.1 with PID 22064 (started by 2050610 in C:\Users\2050610\OneDrive - Cognizant\Desktop\MovieBooking\moviebookingapp)
2023-06-19 13:26:56,898 [main] DEBUG c.m.c.BookingControllerIntegrationTest Running with Spring Boot v3.1.0, Spring v6.0.9
2023-06-19 13:26:56,902 [main] INFO  c.m.c.BookingControllerIntegrationTest No active profile set, falling back to 1 default profile: "default"
2023-06-19 13:27:07,055 [main] DEBUG c.m.tools.AuthTokenFilter Filter 'authTokenFilter' configured for use
2023-06-19 13:27:13,602 [main] INFO  c.m.c.BookingControllerIntegrationTest Started BookingControllerIntegrationTest in 18.416 seconds (process running for 25.596)
2023-06-19 13:27:57,829 [main] ERROR c.m.tools.AuthEntryPointJwt Unauthorized error: Bad credentials
2023-06-19 13:29:10,468 [main] INFO  c.m.contollers.BookingController Start - viewAllMovies
2023-06-19 13:29:10,633 [main] TRACE c.m.contollers.BookingController End - viewAllMovies
2023-06-19 13:32:41,592 [main] INFO  c.m.c.BookingControllerIntegrationTest Starting BookingControllerIntegrationTest using Java 18.0.1.1 with PID 9716 (started by 2050610 in C:\Users\2050610\OneDrive - Cognizant\Desktop\MovieBooking\moviebookingapp)
2023-06-19 13:32:41,595 [main] DEBUG c.m.c.BookingControllerIntegrationTest Running with Spring Boot v3.1.0, Spring v6.0.9
2023-06-19 13:32:41,606 [main] INFO  c.m.c.BookingControllerIntegrationTest No active profile set, falling back to 1 default profile: "default"
2023-06-19 13:32:51,753 [main] DEBUG c.m.tools.AuthTokenFilter Filter 'authTokenFilter' configured for use
2023-06-19 13:32:57,757 [main] INFO  c.m.c.BookingControllerIntegrationTest Started BookingControllerIntegrationTest in 17.887 seconds (process running for 25.628)
2023-06-19 13:32:59,669 [main] ERROR c.m.tools.AuthEntryPointJwt Unauthorized error: Bad credentials
2023-06-19 13:32:59,808 [main] INFO  c.m.contollers.BookingController Start - viewAllMovies
2023-06-19 13:32:59,814 [main] TRACE c.m.contollers.BookingController End - viewAllMovies
2023-06-19 13:33:40,995 [main] INFO  c.m.c.BookingControllerIntegrationTest Starting BookingControllerIntegrationTest using Java 18.0.1.1 with PID 13860 (started by 2050610 in C:\Users\2050610\OneDrive - Cognizant\Desktop\MovieBooking\moviebookingapp)
2023-06-19 13:33:40,997 [main] DEBUG c.m.c.BookingControllerIntegrationTest Running with Spring Boot v3.1.0, Spring v6.0.9
2023-06-19 13:33:41,000 [main] INFO  c.m.c.BookingControllerIntegrationTest No active profile set, falling back to 1 default profile: "default"
2023-06-19 13:33:57,466 [main] INFO  c.m.c.BookingControllerIntegrationTest Started BookingControllerIntegrationTest in 17.822 seconds (process running for 21.818)
2023-06-19 13:33:58,446 [main] INFO  c.m.contollers.BookingController Sign in user
2023-06-19 13:33:58,639 [main] INFO  c.m.contollers.BookingController Start - viewAllMovies
2023-06-19 13:33:58,942 [main] TRACE c.m.contollers.BookingController End - viewAllMovies
2023-06-19 13:35:35,593 [main] INFO  c.m.c.BookingControllerIntegrationTest Starting BookingControllerIntegrationTest using Java 18.0.1.1 with PID 25524 (started by 2050610 in C:\Users\2050610\OneDrive - Cognizant\Desktop\MovieBooking\moviebookingapp)
2023-06-19 13:35:35,595 [main] DEBUG c.m.c.BookingControllerIntegrationTest Running with Spring Boot v3.1.0, Spring v6.0.9
2023-06-19 13:35:35,600 [main] INFO  c.m.c.BookingControllerIntegrationTest No active profile set, falling back to 1 default profile: "default"
2023-06-19 13:35:52,224 [main] INFO  c.m.c.BookingControllerIntegrationTest Started BookingControllerIntegrationTest in 17.907 seconds (process running for 21.893)
2023-06-19 13:35:53,337 [main] INFO  c.m.contollers.BookingController Sign in user
2023-06-19 13:35:53,448 [main] INFO  c.m.contollers.BookingController Start - viewAllMovies
2023-06-19 13:35:53,703 [main] TRACE c.m.contollers.BookingController End - viewAllMovies
2023-06-19 13:36:47,553 [main] INFO  c.m.c.BookingControllerIntegrationTest Starting BookingControllerIntegrationTest using Java 18.0.1.1 with PID 19508 (started by 2050610 in C:\Users\2050610\OneDrive - Cognizant\Desktop\MovieBooking\moviebookingapp)
2023-06-19 13:36:47,557 [main] DEBUG c.m.c.BookingControllerIntegrationTest Running with Spring Boot v3.1.0, Spring v6.0.9
2023-06-19 13:36:47,562 [main] INFO  c.m.c.BookingControllerIntegrationTest No active profile set, falling back to 1 default profile: "default"
2023-06-19 13:37:04,565 [main] INFO  c.m.c.BookingControllerIntegrationTest Started BookingControllerIntegrationTest in 18.357 seconds (process running for 22.515)
2023-06-19 13:37:05,689 [main] INFO  c.m.contollers.BookingController Sign in user
2023-06-19 13:37:06,100 [main] INFO  c.m.contollers.BookingController Start - viewAllMovies
2023-06-19 13:37:06,420 [main] TRACE c.m.contollers.BookingController End - viewAllMovies
2023-06-19 13:39:16,379 [main] INFO  c.m.c.BookingControllerIntegrationTest Starting BookingControllerIntegrationTest using Java 18.0.1.1 with PID 224 (started by 2050610 in C:\Users\2050610\OneDrive - Cognizant\Desktop\MovieBooking\moviebookingapp)
2023-06-19 13:39:16,381 [main] DEBUG c.m.c.BookingControllerIntegrationTest Running with Spring Boot v3.1.0, Spring v6.0.9
2023-06-19 13:39:16,383 [main] INFO  c.m.c.BookingControllerIntegrationTest No active profile set, falling back to 1 default profile: "default"
2023-06-19 13:39:33,712 [main] INFO  c.m.c.BookingControllerIntegrationTest Started BookingControllerIntegrationTest in 18.549 seconds (process running for 22.115)
2023-06-19 13:39:34,819 [main] INFO  c.m.contollers.BookingController Sign in user
2023-06-19 13:39:35,293 [main] INFO  c.m.contollers.BookingController Sign in user
2023-06-19 13:39:35,360 [main] INFO  c.m.contollers.BookingController Start - viewAllMovies
2023-06-19 13:39:35,685 [main] TRACE c.m.contollers.BookingController End - viewAllMovies
2023-06-19 13:40:05,689 [main] INFO  c.m.c.BookingControllerIntegrationTest Starting BookingControllerIntegrationTest using Java 18.0.1.1 with PID 16216 (started by 2050610 in C:\Users\2050610\OneDrive - Cognizant\Desktop\MovieBooking\moviebookingapp)
2023-06-19 13:40:05,690 [main] DEBUG c.m.c.BookingControllerIntegrationTest Running with Spring Boot v3.1.0, Spring v6.0.9
2023-06-19 13:40:05,691 [main] INFO  c.m.c.BookingControllerIntegrationTest No active profile set, falling back to 1 default profile: "default"
2023-06-19 13:40:21,220 [main] INFO  c.m.c.BookingControllerIntegrationTest Started BookingControllerIntegrationTest in 16.623 seconds (process running for 20.395)
2023-06-19 13:40:22,311 [main] INFO  c.m.contollers.BookingController Sign in user
2023-06-19 13:40:22,646 [main] INFO  c.m.contollers.BookingController Start - viewAllMovies
2023-06-19 13:40:22,891 [main] TRACE c.m.contollers.BookingController End - viewAllMovies
2023-06-19 13:43:41,787 [main] INFO  c.m.c.BookingControllerIntegrationTest Starting BookingControllerIntegrationTest using Java 18.0.1.1 with PID 14684 (started by 2050610 in C:\Users\2050610\OneDrive - Cognizant\Desktop\MovieBooking\moviebookingapp)
2023-06-19 13:43:41,789 [main] DEBUG c.m.c.BookingControllerIntegrationTest Running with Spring Boot v3.1.0, Spring v6.0.9
2023-06-19 13:43:41,792 [main] INFO  c.m.c.BookingControllerIntegrationTest No active profile set, falling back to 1 default profile: "default"
2023-06-19 13:44:02,375 [main] INFO  c.m.c.BookingControllerIntegrationTest Started BookingControllerIntegrationTest in 21.742 seconds (process running for 25.856)
2023-06-19 13:44:03,510 [main] INFO  c.m.contollers.BookingController Sign in user
2023-06-19 13:44:03,993 [main] INFO  c.m.contollers.BookingController Sign in user
2023-06-19 13:44:04,147 [main] INFO  c.m.contollers.BookingController Start - viewAllMovies
2023-06-19 13:44:04,449 [main] TRACE c.m.contollers.BookingController End - viewAllMovies
2023-06-19 13:44:39,611 [main] INFO  c.m.c.BookingControllerIntegrationTest Starting BookingControllerIntegrationTest using Java 18.0.1.1 with PID 13164 (started by 2050610 in C:\Users\2050610\OneDrive - Cognizant\Desktop\MovieBooking\moviebookingapp)
2023-06-19 13:44:39,613 [main] DEBUG c.m.c.BookingControllerIntegrationTest Running with Spring Boot v3.1.0, Spring v6.0.9
2023-06-19 13:44:39,614 [main] INFO  c.m.c.BookingControllerIntegrationTest No active profile set, falling back to 1 default profile: "default"
2023-06-19 13:44:58,162 [main] INFO  c.m.c.BookingControllerIntegrationTest Started BookingControllerIntegrationTest in 19.616 seconds (process running for 23.078)
2023-06-19 13:44:59,547 [main] INFO  c.m.contollers.BookingController Sign in user
2023-06-19 13:45:00,109 [main] INFO  c.m.contollers.BookingController Sign in user
2023-06-19 13:45:00,192 [main] INFO  c.m.contollers.BookingController Start - viewAllMovies
2023-06-19 13:45:00,653 [main] TRACE c.m.contollers.BookingController End - viewAllMovies
2023-06-19 13:48:17,842 [main] INFO  c.m.c.BookingControllerIntegrationTest Starting BookingControllerIntegrationTest using Java 18.0.1.1 with PID 3144 (started by 2050610 in C:\Users\2050610\OneDrive - Cognizant\Desktop\MovieBooking\moviebookingapp)
2023-06-19 13:48:17,843 [main] DEBUG c.m.c.BookingControllerIntegrationTest Running with Spring Boot v3.1.0, Spring v6.0.9
2023-06-19 13:48:17,845 [main] INFO  c.m.c.BookingControllerIntegrationTest No active profile set, falling back to 1 default profile: "default"
2023-06-19 13:48:34,514 [main] INFO  c.m.c.BookingControllerIntegrationTest Started BookingControllerIntegrationTest in 18.15 seconds (process running for 22.908)
2023-06-19 13:48:35,584 [main] INFO  c.m.contollers.BookingController Sign in user
2023-06-19 13:48:35,904 [main] INFO  c.m.contollers.BookingController Start - viewAllMovies
2023-06-19 13:48:36,160 [main] TRACE c.m.contollers.BookingController End - viewAllMovies
2023-06-19 13:50:48,056 [main] INFO  c.m.c.BookingControllerIntegrationTest Starting BookingControllerIntegrationTest using Java 18.0.1.1 with PID 19424 (started by 2050610 in C:\Users\2050610\OneDrive - Cognizant\Desktop\MovieBooking\moviebookingapp)
2023-06-19 13:50:48,058 [main] DEBUG c.m.c.BookingControllerIntegrationTest Running with Spring Boot v3.1.0, Spring v6.0.9
2023-06-19 13:50:48,060 [main] INFO  c.m.c.BookingControllerIntegrationTest No active profile set, falling back to 1 default profile: "default"
2023-06-19 13:51:04,960 [main] INFO  c.m.c.BookingControllerIntegrationTest Started BookingControllerIntegrationTest in 18.074 seconds (process running for 21.678)
2023-06-19 13:51:06,040 [main] INFO  c.m.contollers.BookingController Sign in user
2023-06-19 13:51:06,402 [main] INFO  c.m.contollers.BookingController Start - viewAllMovies
2023-06-19 13:51:06,590 [main] TRACE c.m.contollers.BookingController End - viewAllMovies
2023-06-19 13:54:42,285 [main] INFO  c.m.c.BookingControllerIntegrationTest Starting BookingControllerIntegrationTest using Java 18.0.1.1 with PID 9772 (started by 2050610 in C:\Users\2050610\OneDrive - Cognizant\Desktop\MovieBooking\moviebookingapp)
2023-06-19 13:54:42,287 [main] DEBUG c.m.c.BookingControllerIntegrationTest Running with Spring Boot v3.1.0, Spring v6.0.9
2023-06-19 13:54:42,289 [main] INFO  c.m.c.BookingControllerIntegrationTest No active profile set, falling back to 1 default profile: "default"
2023-06-19 13:54:58,284 [main] INFO  c.m.c.BookingControllerIntegrationTest Started BookingControllerIntegrationTest in 17.154 seconds (process running for 20.183)
2023-06-19 13:54:59,598 [main] INFO  c.m.contollers.BookingController Sign in user
2023-06-19 13:54:59,966 [main] INFO  c.m.contollers.BookingController Start - viewAllMovies
2023-06-19 13:55:00,225 [main] TRACE c.m.contollers.BookingController End - viewAllMovies
2023-06-19 13:56:15,733 [main] INFO  c.m.c.BookingControllerIntegrationTest Starting BookingControllerIntegrationTest using Java 18.0.1.1 with PID 4956 (started by 2050610 in C:\Users\2050610\OneDrive - Cognizant\Desktop\MovieBooking\moviebookingapp)
2023-06-19 13:56:15,734 [main] DEBUG c.m.c.BookingControllerIntegrationTest Running with Spring Boot v3.1.0, Spring v6.0.9
2023-06-19 13:56:15,736 [main] INFO  c.m.c.BookingControllerIntegrationTest No active profile set, falling back to 1 default profile: "default"
2023-06-19 13:56:32,294 [main] INFO  c.m.c.BookingControllerIntegrationTest Started BookingControllerIntegrationTest in 17.686 seconds (process running for 21.187)
2023-06-19 13:56:33,351 [main] INFO  c.m.contollers.BookingController Sign in user
2023-06-19 13:56:33,649 [main] INFO  c.m.contollers.BookingController Start - viewAllMovies
2023-06-19 13:56:33,923 [main] TRACE c.m.contollers.BookingController End - viewAllMovies
2023-06-19 14:01:51,050 [main] INFO  c.m.c.BookingControllerIntegrationTest Starting BookingControllerIntegrationTest using Java 18.0.1.1 with PID 14596 (started by 2050610 in C:\Users\2050610\OneDrive - Cognizant\Desktop\MovieBooking\moviebookingapp)
2023-06-19 14:01:51,053 [main] DEBUG c.m.c.BookingControllerIntegrationTest Running with Spring Boot v3.1.0, Spring v6.0.9
2023-06-19 14:01:51,055 [main] INFO  c.m.c.BookingControllerIntegrationTest No active profile set, falling back to 1 default profile: "default"
2023-06-19 14:02:06,667 [main] INFO  c.m.c.BookingControllerIntegrationTest Started BookingControllerIntegrationTest in 16.777 seconds (process running for 20.405)
2023-06-19 14:02:07,776 [main] INFO  c.m.contollers.BookingController Sign in user
2023-06-19 14:02:08,079 [main] INFO  c.m.contollers.BookingController Start - viewAllMovies
2023-06-19 14:02:08,362 [main] TRACE c.m.contollers.BookingController End - viewAllMovies
2023-06-19 14:04:14,028 [main] INFO  c.m.c.BookingControllerIntegrationTest Starting BookingControllerIntegrationTest using Java 18.0.1.1 with PID 1612 (started by 2050610 in C:\Users\2050610\OneDrive - Cognizant\Desktop\MovieBooking\moviebookingapp)
2023-06-19 14:04:14,030 [main] DEBUG c.m.c.BookingControllerIntegrationTest Running with Spring Boot v3.1.0, Spring v6.0.9
2023-06-19 14:04:14,031 [main] INFO  c.m.c.BookingControllerIntegrationTest No active profile set, falling back to 1 default profile: "default"
2023-06-19 14:04:35,660 [main] INFO  c.m.c.BookingControllerIntegrationTest Started BookingControllerIntegrationTest in 23.155 seconds (process running for 27.729)
2023-06-19 14:04:37,976 [main] INFO  c.m.contollers.BookingController Sign in user
2023-06-19 14:04:39,076 [main] INFO  c.m.contollers.BookingController Start - viewAllMovies
2023-06-19 14:04:39,560 [main] TRACE c.m.contollers.BookingController End - viewAllMovies
2023-06-19 14:08:59,196 [main] INFO  c.m.c.BookingControllerIntegrationTest Starting BookingControllerIntegrationTest using Java 18.0.1.1 with PID 19932 (started by 2050610 in C:\Users\2050610\OneDrive - Cognizant\Desktop\MovieBooking\moviebookingapp)
2023-06-19 14:08:59,197 [main] DEBUG c.m.c.BookingControllerIntegrationTest Running with Spring Boot v3.1.0, Spring v6.0.9
2023-06-19 14:08:59,199 [main] INFO  c.m.c.BookingControllerIntegrationTest No active profile set, falling back to 1 default profile: "default"
2023-06-19 14:09:15,096 [main] INFO  c.m.c.BookingControllerIntegrationTest Started BookingControllerIntegrationTest in 16.917 seconds (process running for 20.229)
2023-06-19 14:09:16,429 [main] INFO  c.m.contollers.BookingController Sign in user
2023-06-19 14:09:16,723 [main] INFO  c.m.contollers.BookingController Start - viewAllMovies
2023-06-19 14:09:16,994 [main] TRACE c.m.contollers.BookingController End - viewAllMovies
2023-06-19 14:11:06,514 [main] INFO  c.m.c.BookingControllerIntegrationTest Starting BookingControllerIntegrationTest using Java 18.0.1.1 with PID 22424 (started by 2050610 in C:\Users\2050610\OneDrive - Cognizant\Desktop\MovieBooking\moviebookingapp)
2023-06-19 14:11:06,516 [main] DEBUG c.m.c.BookingControllerIntegrationTest Running with Spring Boot v3.1.0, Spring v6.0.9
2023-06-19 14:11:06,518 [main] INFO  c.m.c.BookingControllerIntegrationTest No active profile set, falling back to 1 default profile: "default"
2023-06-19 14:11:23,228 [main] INFO  c.m.c.BookingControllerIntegrationTest Started BookingControllerIntegrationTest in 17.952 seconds (process running for 21.717)
2023-06-19 14:11:24,406 [main] INFO  c.m.contollers.BookingController Sign in user
2023-06-19 14:11:24,777 [main] INFO  c.m.contollers.BookingController Start - viewAllMovies
2023-06-19 14:11:24,993 [main] TRACE c.m.contollers.BookingController End - viewAllMovies
2023-06-19 14:15:50,635 [main] INFO  c.m.c.BookingControllerIntegrationTest Starting BookingControllerIntegrationTest using Java 18.0.1.1 with PID 14048 (started by 2050610 in C:\Users\2050610\OneDrive - Cognizant\Desktop\MovieBooking\moviebookingapp)
2023-06-19 14:15:50,638 [main] DEBUG c.m.c.BookingControllerIntegrationTest Running with Spring Boot v3.1.0, Spring v6.0.9
2023-06-19 14:15:50,639 [main] INFO  c.m.c.BookingControllerIntegrationTest No active profile set, falling back to 1 default profile: "default"
2023-06-19 14:16:05,880 [main] INFO  c.m.c.BookingControllerIntegrationTest Started BookingControllerIntegrationTest in 16.582 seconds (process running for 19.823)
2023-06-19 14:16:06,719 [main] INFO  c.m.contollers.BookingController Sign in user
2023-06-19 14:16:07,024 [main] INFO  c.m.contollers.BookingController Start - viewAllMovies
2023-06-19 14:16:07,237 [main] TRACE c.m.contollers.BookingController End - viewAllMovies
2023-06-19 14:20:20,089 [main] INFO  c.m.c.BookingControllerIntegrationTest Starting BookingControllerIntegrationTest using Java 18.0.1.1 with PID 1388 (started by 2050610 in C:\Users\2050610\OneDrive - Cognizant\Desktop\MovieBooking\moviebookingapp)
2023-06-19 14:20:20,091 [main] DEBUG c.m.c.BookingControllerIntegrationTest Running with Spring Boot v3.1.0, Spring v6.0.9
2023-06-19 14:20:20,093 [main] INFO  c.m.c.BookingControllerIntegrationTest No active profile set, falling back to 1 default profile: "default"
2023-06-19 14:20:36,065 [main] INFO  c.m.c.BookingControllerIntegrationTest Started BookingControllerIntegrationTest in 17.148 seconds (process running for 20.357)
2023-06-19 14:20:37,462 [main] INFO  c.m.contollers.BookingController Sign in user
2023-06-19 14:20:37,801 [main] INFO  c.m.contollers.BookingController Start - viewAllMovies
2023-06-19 14:20:38,070 [main] TRACE c.m.contollers.BookingController End - viewAllMovies
2023-06-19 14:22:02,468 [main] INFO  c.m.c.BookingControllerIntegrationTest Starting BookingControllerIntegrationTest using Java 18.0.1.1 with PID 17292 (started by 2050610 in C:\Users\2050610\OneDrive - Cognizant\Desktop\MovieBooking\moviebookingapp)
2023-06-19 14:22:02,470 [main] DEBUG c.m.c.BookingControllerIntegrationTest Running with Spring Boot v3.1.0, Spring v6.0.9
2023-06-19 14:22:02,472 [main] INFO  c.m.c.BookingControllerIntegrationTest No active profile set, falling back to 1 default profile: "default"
2023-06-19 14:22:18,304 [main] INFO  c.m.c.BookingControllerIntegrationTest Started BookingControllerIntegrationTest in 16.964 seconds (process running for 19.908)
2023-06-19 14:22:19,202 [main] INFO  c.m.contollers.BookingController Sign in user
2023-06-19 14:22:19,561 [main] INFO  c.m.contollers.BookingController Start - viewAllMovies
2023-06-19 14:22:19,808 [main] TRACE c.m.contollers.BookingController End - viewAllMovies
2023-06-19 14:22:42,157 [main] INFO  c.m.c.BookingControllerIntegrationTest Starting BookingControllerIntegrationTest using Java 18.0.1.1 with PID 19012 (started by 2050610 in C:\Users\2050610\OneDrive - Cognizant\Desktop\MovieBooking\moviebookingapp)
2023-06-19 14:22:42,159 [main] DEBUG c.m.c.BookingControllerIntegrationTest Running with Spring Boot v3.1.0, Spring v6.0.9
2023-06-19 14:22:42,163 [main] INFO  c.m.c.BookingControllerIntegrationTest No active profile set, falling back to 1 default profile: "default"
2023-06-19 14:22:59,078 [main] INFO  c.m.c.BookingControllerIntegrationTest Started BookingControllerIntegrationTest in 18.231 seconds (process running for 21.935)
2023-06-19 14:23:00,019 [main] INFO  c.m.contollers.BookingController Sign in user
2023-06-19 14:23:00,324 [main] INFO  c.m.contollers.BookingController Sign in user
2023-06-19 14:23:00,761 [main] INFO  c.m.contollers.BookingController Start - viewAllMovies
2023-06-19 14:23:01,053 [main] TRACE c.m.contollers.BookingController End - viewAllMovies
2023-06-19 14:26:54,053 [main] INFO  c.m.c.BookingControllerIntegrationTest Starting BookingControllerIntegrationTest using Java 18.0.1.1 with PID 5392 (started by 2050610 in C:\Users\2050610\OneDrive - Cognizant\Desktop\MovieBooking\moviebookingapp)
2023-06-19 14:26:54,054 [main] DEBUG c.m.c.BookingControllerIntegrationTest Running with Spring Boot v3.1.0, Spring v6.0.9
2023-06-19 14:26:54,057 [main] INFO  c.m.c.BookingControllerIntegrationTest No active profile set, falling back to 1 default profile: "default"
2023-06-19 14:27:11,309 [main] INFO  c.m.c.BookingControllerIntegrationTest Started BookingControllerIntegrationTest in 18.669 seconds (process running for 22.296)
2023-06-19 14:27:12,416 [main] INFO  c.m.contollers.BookingController Sign in user
2023-06-19 14:27:12,658 [main] INFO  c.m.contollers.BookingController Sign in user
2023-06-19 14:27:12,993 [main] INFO  c.m.contollers.BookingController Start - viewAllMovies
2023-06-19 14:27:13,183 [main] TRACE c.m.contollers.BookingController End - viewAllMovies
2023-06-19 14:28:32,288 [main] INFO  c.m.c.BookingControllerIntegrationTest Starting BookingControllerIntegrationTest using Java 18.0.1.1 with PID 23596 (started by 2050610 in C:\Users\2050610\OneDrive - Cognizant\Desktop\MovieBooking\moviebookingapp)
2023-06-19 14:28:32,292 [main] DEBUG c.m.c.BookingControllerIntegrationTest Running with Spring Boot v3.1.0, Spring v6.0.9
2023-06-19 14:28:32,294 [main] INFO  c.m.c.BookingControllerIntegrationTest No active profile set, falling back to 1 default profile: "default"
2023-06-19 14:28:49,689 [main] INFO  c.m.c.BookingControllerIntegrationTest Started BookingControllerIntegrationTest in 18.693 seconds (process running for 22.515)
2023-06-19 14:28:50,596 [main] INFO  c.m.contollers.BookingController Sign in user
2023-06-19 14:28:50,819 [main] INFO  c.m.contollers.BookingController Sign in user
2023-06-19 14:28:51,062 [main] INFO  c.m.contollers.BookingController Start - viewAllMovies
2023-06-19 14:28:51,458 [main] TRACE c.m.contollers.BookingController End - viewAllMovies
2023-06-19 14:30:36,689 [main] INFO  c.m.c.BookingControllerIntegrationTest Starting BookingControllerIntegrationTest using Java 18.0.1.1 with PID 22672 (started by 2050610 in C:\Users\2050610\OneDrive - Cognizant\Desktop\MovieBooking\moviebookingapp)
2023-06-19 14:30:36,691 [main] DEBUG c.m.c.BookingControllerIntegrationTest Running with Spring Boot v3.1.0, Spring v6.0.9
2023-06-19 14:30:36,694 [main] INFO  c.m.c.BookingControllerIntegrationTest No active profile set, falling back to 1 default profile: "default"
2023-06-19 14:30:52,916 [main] INFO  c.m.c.BookingControllerIntegrationTest Started BookingControllerIntegrationTest in 17.44 seconds (process running for 20.611)
2023-06-19 14:30:54,024 [main] INFO  c.m.contollers.BookingController Sign in user
2023-06-19 14:30:54,411 [main] INFO  c.m.contollers.BookingController Start - viewAllMovies
2023-06-19 14:30:54,666 [main] TRACE c.m.contollers.BookingController End - viewAllMovies
2023-06-19 14:32:33,583 [main] INFO  c.m.c.BookingControllerIntegrationTest Starting BookingControllerIntegrationTest using Java 18.0.1.1 with PID 13636 (started by 2050610 in C:\Users\2050610\OneDrive - Cognizant\Desktop\MovieBooking\moviebookingapp)
2023-06-19 14:32:33,586 [main] DEBUG c.m.c.BookingControllerIntegrationTest Running with Spring Boot v3.1.0, Spring v6.0.9
2023-06-19 14:32:33,588 [main] INFO  c.m.c.BookingControllerIntegrationTest No active profile set, falling back to 1 default profile: "default"
2023-06-19 14:32:49,575 [main] INFO  c.m.c.BookingControllerIntegrationTest Started BookingControllerIntegrationTest in 17.297 seconds (process running for 20.489)
2023-06-19 14:32:50,550 [main] INFO  c.m.contollers.BookingController Sign in user
2023-06-19 14:32:50,898 [main] INFO  c.m.contollers.BookingController Start - viewAllMovies
2023-06-19 14:32:51,107 [main] TRACE c.m.contollers.BookingController End - viewAllMovies
2023-06-19 14:36:07,208 [main] INFO  c.m.c.BookingControllerIntegrationTest Starting BookingControllerIntegrationTest using Java 18.0.1.1 with PID 13400 (started by 2050610 in C:\Users\2050610\OneDrive - Cognizant\Desktop\MovieBooking\moviebookingapp)
2023-06-19 14:36:07,211 [main] DEBUG c.m.c.BookingControllerIntegrationTest Running with Spring Boot v3.1.0, Spring v6.0.9
2023-06-19 14:36:07,213 [main] INFO  c.m.c.BookingControllerIntegrationTest No active profile set, falling back to 1 default profile: "default"
2023-06-19 14:36:22,816 [main] INFO  c.m.c.BookingControllerIntegrationTest Started BookingControllerIntegrationTest in 16.729 seconds (process running for 19.802)
2023-06-19 14:36:23,836 [main] INFO  c.m.contollers.BookingController Sign in user
2023-06-19 14:36:24,165 [main] INFO  c.m.contollers.BookingController Start - viewAllMovies
2023-06-19 14:36:24,419 [main] TRACE c.m.contollers.BookingController End - viewAllMovies
2023-06-19 14:42:07,585 [main] INFO  c.m.c.BookingControllerIntegrationTest Starting BookingControllerIntegrationTest using Java 18.0.1.1 with PID 4772 (started by 2050610 in C:\Users\2050610\OneDrive - Cognizant\Desktop\MovieBooking\moviebookingapp)
2023-06-19 14:42:07,587 [main] DEBUG c.m.c.BookingControllerIntegrationTest Running with Spring Boot v3.1.0, Spring v6.0.9
2023-06-19 14:42:07,589 [main] INFO  c.m.c.BookingControllerIntegrationTest No active profile set, falling back to 1 default profile: "default"
2023-06-19 14:42:24,793 [main] INFO  c.m.c.BookingControllerIntegrationTest Started BookingControllerIntegrationTest in 18.259 seconds (process running for 21.527)
2023-06-19 14:42:25,908 [main] INFO  c.m.contollers.BookingController Sign in user
2023-06-19 14:42:26,238 [main] INFO  c.m.contollers.BookingController Start - viewAllMovies
2023-06-19 14:42:26,459 [main] TRACE c.m.contollers.BookingController End - viewAllMovies
2023-06-19 14:44:15,476 [main] INFO  c.m.c.BookingControllerIntegrationTest Starting BookingControllerIntegrationTest using Java 18.0.1.1 with PID 20280 (started by 2050610 in C:\Users\2050610\OneDrive - Cognizant\Desktop\MovieBooking\moviebookingapp)
2023-06-19 14:44:15,478 [main] DEBUG c.m.c.BookingControllerIntegrationTest Running with Spring Boot v3.1.0, Spring v6.0.9
2023-06-19 14:44:15,479 [main] INFO  c.m.c.BookingControllerIntegrationTest No active profile set, falling back to 1 default profile: "default"
2023-06-19 14:44:31,699 [main] INFO  c.m.c.BookingControllerIntegrationTest Started BookingControllerIntegrationTest in 17.29 seconds (process running for 21.154)
2023-06-19 14:44:33,098 [main] INFO  c.m.contollers.BookingController Sign in user
2023-06-19 14:44:33,346 [main] INFO  c.m.contollers.BookingController Start - viewAllMovies
2023-06-19 14:44:33,537 [main] TRACE c.m.contollers.BookingController End - viewAllMovies
2023-06-19 14:47:18,297 [main] INFO  c.m.c.BookingControllerIntegrationTest Starting BookingControllerIntegrationTest using Java 18.0.1.1 with PID 20356 (started by 2050610 in C:\Users\2050610\OneDrive - Cognizant\Desktop\MovieBooking\moviebookingapp)
2023-06-19 14:47:18,299 [main] DEBUG c.m.c.BookingControllerIntegrationTest Running with Spring Boot v3.1.0, Spring v6.0.9
2023-06-19 14:47:18,300 [main] INFO  c.m.c.BookingControllerIntegrationTest No active profile set, falling back to 1 default profile: "default"
2023-06-19 14:47:33,449 [main] INFO  c.m.c.BookingControllerIntegrationTest Started BookingControllerIntegrationTest in 16.292 seconds (process running for 20.047)
2023-06-19 14:47:34,419 [main] INFO  c.m.contollers.BookingController Sign in user
2023-06-19 14:47:34,782 [main] INFO  c.m.contollers.BookingController Start - viewAllMovies
2023-06-19 14:47:35,005 [main] TRACE c.m.contollers.BookingController End - viewAllMovies
2023-06-19 14:47:59,482 [main] INFO  c.m.c.BookingControllerIntegrationTest Starting BookingControllerIntegrationTest using Java 18.0.1.1 with PID 14940 (started by 2050610 in C:\Users\2050610\OneDrive - Cognizant\Desktop\MovieBooking\moviebookingapp)
2023-06-19 14:47:59,484 [main] DEBUG c.m.c.BookingControllerIntegrationTest Running with Spring Boot v3.1.0, Spring v6.0.9
2023-06-19 14:47:59,486 [main] INFO  c.m.c.BookingControllerIntegrationTest No active profile set, falling back to 1 default profile: "default"
2023-06-19 14:48:14,653 [main] INFO  c.m.c.BookingControllerIntegrationTest Started BookingControllerIntegrationTest in 16.341 seconds (process running for 19.716)
2023-06-19 14:48:15,956 [main] INFO  c.m.contollers.BookingController Sign in user
2023-06-19 14:48:16,344 [main] INFO  c.m.contollers.BookingController Start - viewAllMovies
2023-06-19 14:48:16,600 [main] TRACE c.m.contollers.BookingController End - viewAllMovies
2023-06-19 14:49:12,915 [main] INFO  c.m.c.BookingControllerIntegrationTest Starting BookingControllerIntegrationTest using Java 18.0.1.1 with PID 14920 (started by 2050610 in C:\Users\2050610\OneDrive - Cognizant\Desktop\MovieBooking\moviebookingapp)
2023-06-19 14:49:12,917 [main] DEBUG c.m.c.BookingControllerIntegrationTest Running with Spring Boot v3.1.0, Spring v6.0.9
2023-06-19 14:49:12,919 [main] INFO  c.m.c.BookingControllerIntegrationTest No active profile set, falling back to 1 default profile: "default"
2023-06-19 14:49:28,029 [main] INFO  c.m.c.BookingControllerIntegrationTest Started BookingControllerIntegrationTest in 16.238 seconds (process running for 19.635)
2023-06-19 14:49:29,190 [main] INFO  c.m.contollers.BookingController Sign in user
2023-06-19 14:49:29,587 [main] INFO  c.m.contollers.BookingController Start - viewAllMovies
2023-06-19 14:49:30,008 [main] TRACE c.m.contollers.BookingController End - viewAllMovies
2023-06-19 14:52:02,824 [main] INFO  c.m.c.BookingControllerIntegrationTest Starting BookingControllerIntegrationTest using Java 18.0.1.1 with PID 10604 (started by 2050610 in C:\Users\2050610\OneDrive - Cognizant\Desktop\MovieBooking\moviebookingapp)
2023-06-19 14:52:02,826 [main] DEBUG c.m.c.BookingControllerIntegrationTest Running with Spring Boot v3.1.0, Spring v6.0.9
2023-06-19 14:52:02,828 [main] INFO  c.m.c.BookingControllerIntegrationTest No active profile set, falling back to 1 default profile: "default"
2023-06-19 14:52:21,690 [main] INFO  c.m.c.BookingControllerIntegrationTest Started BookingControllerIntegrationTest in 20.201 seconds (process running for 25.316)
2023-06-19 14:52:22,828 [main] INFO  c.m.contollers.BookingController Sign in user
2023-06-19 14:52:23,175 [main] INFO  c.m.contollers.BookingController Start - viewAllMovies
2023-06-19 14:52:23,436 [main] TRACE c.m.contollers.BookingController End - viewAllMovies
2023-06-19 14:52:37,854 [main] INFO  c.m.c.BookingControllerIntegrationTest Starting BookingControllerIntegrationTest using Java 18.0.1.1 with PID 25152 (started by 2050610 in C:\Users\2050610\OneDrive - Cognizant\Desktop\MovieBooking\moviebookingapp)
2023-06-19 14:52:37,855 [main] DEBUG c.m.c.BookingControllerIntegrationTest Running with Spring Boot v3.1.0, Spring v6.0.9
2023-06-19 14:52:37,856 [main] INFO  c.m.c.BookingControllerIntegrationTest No active profile set, falling back to 1 default profile: "default"
2023-06-19 14:52:53,666 [main] INFO  c.m.c.BookingControllerIntegrationTest Started BookingControllerIntegrationTest in 16.838 seconds (process running for 20.344)
2023-06-19 14:52:54,677 [main] INFO  c.m.contollers.BookingController Sign in user
2023-06-19 14:52:54,995 [main] INFO  c.m.contollers.BookingController Start - viewAllMovies
2023-06-19 14:52:55,271 [main] TRACE c.m.contollers.BookingController End - viewAllMovies
2023-06-19 14:54:03,038 [main] INFO  c.m.c.BookingControllerIntegrationTest Starting BookingControllerIntegrationTest using Java 18.0.1.1 with PID 22540 (started by 2050610 in C:\Users\2050610\OneDrive - Cognizant\Desktop\MovieBooking\moviebookingapp)
2023-06-19 14:54:03,040 [main] DEBUG c.m.c.BookingControllerIntegrationTest Running with Spring Boot v3.1.0, Spring v6.0.9
2023-06-19 14:54:03,042 [main] INFO  c.m.c.BookingControllerIntegrationTest No active profile set, falling back to 1 default profile: "default"
2023-06-19 14:54:20,291 [main] INFO  c.m.c.BookingControllerIntegrationTest Started BookingControllerIntegrationTest in 18.434 seconds (process running for 22.523)
2023-06-19 14:54:21,378 [main] INFO  c.m.contollers.BookingController Sign in user
2023-06-19 14:54:21,754 [main] INFO  c.m.contollers.BookingController Start - viewAllMovies
2023-06-19 14:54:22,008 [main] TRACE c.m.contollers.BookingController End - viewAllMovies
2023-06-19 14:56:31,586 [main] INFO  c.m.c.BookingControllerIntegrationTest Starting BookingControllerIntegrationTest using Java 18.0.1.1 with PID 15172 (started by 2050610 in C:\Users\2050610\OneDrive - Cognizant\Desktop\MovieBooking\moviebookingapp)
2023-06-19 14:56:31,588 [main] DEBUG c.m.c.BookingControllerIntegrationTest Running with Spring Boot v3.1.0, Spring v6.0.9
2023-06-19 14:56:31,591 [main] INFO  c.m.c.BookingControllerIntegrationTest No active profile set, falling back to 1 default profile: "default"
2023-06-19 14:56:47,625 [main] INFO  c.m.c.BookingControllerIntegrationTest Started BookingControllerIntegrationTest in 17.27 seconds (process running for 20.544)
2023-06-19 14:56:48,673 [main] INFO  c.m.contollers.BookingController Sign in user
2023-06-19 14:56:48,985 [main] INFO  c.m.contollers.BookingController Start - viewAllMovies
2023-06-19 14:56:49,341 [main] TRACE c.m.contollers.BookingController End - viewAllMovies
2023-06-19 15:17:14,426 [main] INFO  c.m.c.BookingControllerIntegrationTest Starting BookingControllerIntegrationTest using Java 18.0.1.1 with PID 16880 (started by 2050610 in C:\Users\2050610\OneDrive - Cognizant\Desktop\MovieBooking\moviebookingapp)
2023-06-19 15:17:14,428 [main] DEBUG c.m.c.BookingControllerIntegrationTest Running with Spring Boot v3.1.0, Spring v6.0.9
2023-06-19 15:17:14,430 [main] INFO  c.m.c.BookingControllerIntegrationTest No active profile set, falling back to 1 default profile: "default"
2023-06-19 15:17:30,595 [main] INFO  c.m.c.BookingControllerIntegrationTest Started BookingControllerIntegrationTest in 17.181 seconds (process running for 20.648)
2023-06-19 15:17:31,780 [main] INFO  c.m.contollers.BookingController Sign in user
2023-06-19 15:17:32,215 [main] INFO  c.m.contollers.BookingController Start - viewAllMovies
2023-06-19 15:17:32,562 [main] TRACE c.m.contollers.BookingController End - viewAllMovies
2023-06-19 15:35:37,914 [main] INFO  c.m.c.BookingControllerIntegrationTest Starting BookingControllerIntegrationTest using Java 18.0.1.1 with PID 19008 (started by 2050610 in C:\Users\2050610\OneDrive - Cognizant\Desktop\MovieBooking\moviebookingapp)
2023-06-19 15:35:37,916 [main] DEBUG c.m.c.BookingControllerIntegrationTest Running with Spring Boot v3.1.0, Spring v6.0.9
2023-06-19 15:35:37,917 [main] INFO  c.m.c.BookingControllerIntegrationTest No active profile set, falling back to 1 default profile: "default"
2023-06-19 15:35:54,386 [main] INFO  c.m.c.BookingControllerIntegrationTest Started BookingControllerIntegrationTest in 17.616 seconds (process running for 21.217)
2023-06-19 15:35:55,415 [main] INFO  c.m.contollers.BookingController Sign in user
2023-06-19 15:35:55,804 [main] INFO  c.m.contollers.BookingController Start - viewAllMovies
2023-06-19 15:35:56,003 [main] TRACE c.m.contollers.BookingController End - viewAllMovies
2023-06-19 15:36:42,109 [main] INFO  c.m.c.BookingControllerIntegrationTest Starting BookingControllerIntegrationTest using Java 18.0.1.1 with PID 6268 (started by 2050610 in C:\Users\2050610\OneDrive - Cognizant\Desktop\MovieBooking\moviebookingapp)
2023-06-19 15:36:42,110 [main] DEBUG c.m.c.BookingControllerIntegrationTest Running with Spring Boot v3.1.0, Spring v6.0.9
2023-06-19 15:36:42,112 [main] INFO  c.m.c.BookingControllerIntegrationTest No active profile set, falling back to 1 default profile: "default"
2023-06-19 15:36:58,239 [main] INFO  c.m.c.BookingControllerIntegrationTest Started BookingControllerIntegrationTest in 17.189 seconds (process running for 20.438)
2023-06-19 15:36:59,831 [main] INFO  c.m.contollers.BookingController Sign in user
2023-06-19 15:37:00,211 [main] INFO  c.m.contollers.BookingController Start - viewAllMovies
2023-06-19 15:37:00,450 [main] TRACE c.m.contollers.BookingController End - viewAllMovies
2023-06-19 15:49:27,064 [main] INFO  c.m.c.BookingControllerIntegrationTest Starting BookingControllerIntegrationTest using Java 18.0.1.1 with PID 10244 (started by 2050610 in C:\Users\2050610\OneDrive - Cognizant\Desktop\MovieBooking\moviebookingapp)
2023-06-19 15:49:27,066 [main] DEBUG c.m.c.BookingControllerIntegrationTest Running with Spring Boot v3.1.0, Spring v6.0.9
2023-06-19 15:49:27,068 [main] INFO  c.m.c.BookingControllerIntegrationTest No active profile set, falling back to 1 default profile: "default"
2023-06-19 15:49:42,587 [main] INFO  c.m.c.BookingControllerIntegrationTest Started BookingControllerIntegrationTest in 16.588 seconds (process running for 20.098)
2023-06-19 15:49:43,393 [main] ERROR c.m.tools.AuthEntryPointJwt Unauthorized error: Bad Credentials
2023-06-19 15:49:43,616 [main] INFO  c.m.contollers.BookingController Sign in user
2023-06-19 15:49:44,025 [main] INFO  c.m.contollers.BookingController Start - viewAllMovies
2023-06-19 15:49:44,229 [main] TRACE c.m.contollers.BookingController End - viewAllMovies
2023-06-19 16:01:40,246 [main] INFO  c.m.c.BookingControllerIntegrationTest Starting BookingControllerIntegrationTest using Java 18.0.1.1 with PID 21424 (started by 2050610 in C:\Users\2050610\OneDrive - Cognizant\Desktop\MovieBooking\moviebookingapp)
2023-06-19 16:01:40,248 [main] DEBUG c.m.c.BookingControllerIntegrationTest Running with Spring Boot v3.1.0, Spring v6.0.9
2023-06-19 16:01:40,250 [main] INFO  c.m.c.BookingControllerIntegrationTest No active profile set, falling back to 1 default profile: "default"
2023-06-19 16:01:57,333 [main] INFO  c.m.c.BookingControllerIntegrationTest Started BookingControllerIntegrationTest in 18.155 seconds (process running for 20.195)
2023-06-19 16:01:58,495 [main] ERROR c.m.tools.AuthEntryPointJwt Unauthorized error: Bad Credentials
2023-06-19 16:01:58,743 [main] INFO  c.m.contollers.BookingController Sign in user
2023-06-19 16:01:59,615 [main] INFO  c.m.contollers.BookingController Start - viewAllMovies
2023-06-19 16:01:59,671 [main] TRACE c.m.contollers.BookingController End - viewAllMovies
2023-06-19 16:06:40,619 [main] INFO  c.m.c.BookingControllerIntegrationTest Starting BookingControllerIntegrationTest using Java 18.0.1.1 with PID 20868 (started by 2050610 in C:\Users\2050610\OneDrive - Cognizant\Desktop\MovieBooking\moviebookingapp)
2023-06-19 16:06:40,621 [main] DEBUG c.m.c.BookingControllerIntegrationTest Running with Spring Boot v3.1.0, Spring v6.0.9
2023-06-19 16:06:40,624 [main] INFO  c.m.c.BookingControllerIntegrationTest No active profile set, falling back to 1 default profile: "default"
2023-06-19 16:06:56,022 [main] INFO  c.m.c.BookingControllerIntegrationTest Started BookingControllerIntegrationTest in 16.479 seconds (process running for 18.528)
2023-06-19 16:06:57,027 [main] ERROR c.m.tools.AuthEntryPointJwt Unauthorized error: Bad Credentials
2023-06-19 16:06:57,340 [main] INFO  c.m.contollers.BookingController Sign in user
2023-06-19 16:06:58,326 [main] INFO  c.m.contollers.BookingController Start - viewAllMovies
2023-06-19 16:06:58,453 [main] TRACE c.m.contollers.BookingController End - viewAllMovies
2023-06-19 16:08:27,673 [main] INFO  c.m.c.BookingControllerIntegrationTest Starting BookingControllerIntegrationTest using Java 18.0.1.1 with PID 22640 (started by 2050610 in C:\Users\2050610\OneDrive - Cognizant\Desktop\MovieBooking\moviebookingapp)
2023-06-19 16:08:27,674 [main] DEBUG c.m.c.BookingControllerIntegrationTest Running with Spring Boot v3.1.0, Spring v6.0.9
2023-06-19 16:08:27,675 [main] INFO  c.m.c.BookingControllerIntegrationTest No active profile set, falling back to 1 default profile: "default"
2023-06-19 16:08:43,399 [main] INFO  c.m.c.BookingControllerIntegrationTest Started BookingControllerIntegrationTest in 16.295 seconds (process running for 18.159)
2023-06-19 16:08:44,190 [main] ERROR c.m.tools.AuthEntryPointJwt Unauthorized error: Bad Credentials
2023-06-19 16:08:44,434 [main] INFO  c.m.contollers.BookingController Sign in user
2023-06-19 16:08:45,273 [main] INFO  c.m.contollers.BookingController Start - viewAllMovies
2023-06-19 16:08:45,328 [main] TRACE c.m.contollers.BookingController End - viewAllMovies
2023-06-19 16:12:03,951 [main] INFO  c.m.c.BookingControllerIntegrationTest Starting BookingControllerIntegrationTest using Java 18.0.1.1 with PID 5324 (started by 2050610 in C:\Users\2050610\OneDrive - Cognizant\Desktop\MovieBooking\moviebookingapp)
2023-06-19 16:12:03,954 [main] DEBUG c.m.c.BookingControllerIntegrationTest Running with Spring Boot v3.1.0, Spring v6.0.9
2023-06-19 16:12:03,956 [main] INFO  c.m.c.BookingControllerIntegrationTest No active profile set, falling back to 1 default profile: "default"
2023-06-19 16:12:20,909 [main] INFO  c.m.c.BookingControllerIntegrationTest Started BookingControllerIntegrationTest in 18.118 seconds (process running for 21.656)
2023-06-19 16:12:22,129 [main] ERROR c.m.tools.AuthEntryPointJwt Unauthorized error: Bad Credentials
2023-06-19 16:12:22,515 [main] INFO  c.m.contollers.BookingController Sign in user
2023-06-19 16:12:23,481 [main] INFO  c.m.contollers.BookingController Start - viewAllMovies
2023-06-19 16:12:23,548 [main] TRACE c.m.contollers.BookingController End - viewAllMovies
2023-06-19 16:17:13,944 [main] INFO  c.m.c.BookingControllerIntegrationTest Starting BookingControllerIntegrationTest using Java 18.0.1.1 with PID 7476 (started by 2050610 in C:\Users\2050610\OneDrive - Cognizant\Desktop\MovieBooking\moviebookingapp)
2023-06-19 16:17:13,947 [main] DEBUG c.m.c.BookingControllerIntegrationTest Running with Spring Boot v3.1.0, Spring v6.0.9
2023-06-19 16:17:13,948 [main] INFO  c.m.c.BookingControllerIntegrationTest No active profile set, falling back to 1 default profile: "default"
2023-06-19 16:17:29,810 [main] INFO  c.m.c.BookingControllerIntegrationTest Started BookingControllerIntegrationTest in 16.897 seconds (process running for 19.917)
2023-06-19 16:17:30,839 [main] ERROR c.m.tools.AuthEntryPointJwt Unauthorized error: Bad Credentials
2023-06-19 16:17:31,144 [main] INFO  c.m.contollers.BookingController Sign in user
2023-06-19 16:17:32,151 [main] INFO  c.m.contollers.BookingController Start - viewAllMovies
2023-06-19 16:17:32,233 [main] TRACE c.m.contollers.BookingController End - viewAllMovies
2023-06-19 16:24:34,395 [main] INFO  c.m.c.BookingControllerIntegrationTest Starting BookingControllerIntegrationTest using Java 18.0.1.1 with PID 21820 (started by 2050610 in C:\Users\2050610\OneDrive - Cognizant\Desktop\MovieBooking\moviebookingapp)
2023-06-19 16:24:34,402 [main] DEBUG c.m.c.BookingControllerIntegrationTest Running with Spring Boot v3.1.0, Spring v6.0.9
2023-06-19 16:24:34,407 [main] INFO  c.m.c.BookingControllerIntegrationTest No active profile set, falling back to 1 default profile: "default"
2023-06-19 16:24:51,811 [main] INFO  c.m.c.BookingControllerIntegrationTest Started BookingControllerIntegrationTest in 18.503 seconds (process running for 21.901)
2023-06-19 16:24:52,927 [main] ERROR c.m.tools.AuthEntryPointJwt Unauthorized error: Bad Credentials
2023-06-19 16:24:53,261 [main] INFO  c.m.contollers.BookingController Sign in user
2023-06-19 16:24:54,126 [main] INFO  c.m.contollers.BookingController Start - viewAllMovies
2023-06-19 16:24:54,190 [main] TRACE c.m.contollers.BookingController End - viewAllMovies
2023-06-19 16:28:53,783 [main] INFO  c.m.c.BookingControllerIntegrationTest Starting BookingControllerIntegrationTest using Java 18.0.1.1 with PID 17920 (started by 2050610 in C:\Users\2050610\OneDrive - Cognizant\Desktop\MovieBooking\moviebookingapp)
2023-06-19 16:28:53,790 [main] DEBUG c.m.c.BookingControllerIntegrationTest Running with Spring Boot v3.1.0, Spring v6.0.9
2023-06-19 16:28:53,791 [main] INFO  c.m.c.BookingControllerIntegrationTest No active profile set, falling back to 1 default profile: "default"
2023-06-19 16:29:13,620 [main] INFO  c.m.c.BookingControllerIntegrationTest Started BookingControllerIntegrationTest in 21.359 seconds (process running for 25.792)
2023-06-19 16:29:14,957 [main] ERROR c.m.tools.AuthEntryPointJwt Unauthorized error: Bad Credentials
2023-06-19 16:29:15,384 [main] INFO  c.m.contollers.BookingController Sign in user
2023-06-19 16:29:16,813 [main] INFO  c.m.contollers.BookingController Start - viewAllMovies
2023-06-19 16:29:16,929 [main] TRACE c.m.contollers.BookingController End - viewAllMovies
2023-06-19 16:29:38,021 [main] INFO  c.m.c.BookingControllerIntegrationTest Starting BookingControllerIntegrationTest using Java 18.0.1.1 with PID 23828 (started by 2050610 in C:\Users\2050610\OneDrive - Cognizant\Desktop\MovieBooking\moviebookingapp)
2023-06-19 16:29:38,024 [main] DEBUG c.m.c.BookingControllerIntegrationTest Running with Spring Boot v3.1.0, Spring v6.0.9
2023-06-19 16:29:38,041 [main] INFO  c.m.c.BookingControllerIntegrationTest No active profile set, falling back to 1 default profile: "default"
2023-06-19 16:29:59,928 [main] INFO  c.m.c.BookingControllerIntegrationTest Started BookingControllerIntegrationTest in 23.284 seconds (process running for 27.811)
2023-06-19 16:30:01,061 [main] ERROR c.m.tools.AuthEntryPointJwt Unauthorized error: Bad Credentials
2023-06-19 16:30:01,326 [main] INFO  c.m.contollers.BookingController Sign in user
2023-06-19 16:30:02,589 [main] INFO  c.m.contollers.BookingController Start - viewAllMovies
2023-06-19 16:30:02,685 [main] TRACE c.m.contollers.BookingController End - viewAllMovies
2023-06-19 16:32:52,041 [main] INFO  c.m.c.BookingControllerIntegrationTest Starting BookingControllerIntegrationTest using Java 18.0.1.1 with PID 21616 (started by 2050610 in C:\Users\2050610\OneDrive - Cognizant\Desktop\MovieBooking\moviebookingapp)
2023-06-19 16:32:52,060 [main] DEBUG c.m.c.BookingControllerIntegrationTest Running with Spring Boot v3.1.0, Spring v6.0.9
2023-06-19 16:32:52,063 [main] INFO  c.m.c.BookingControllerIntegrationTest No active profile set, falling back to 1 default profile: "default"
2023-06-19 16:33:08,778 [main] INFO  c.m.c.BookingControllerIntegrationTest Started BookingControllerIntegrationTest in 18.081 seconds (process running for 22.207)
2023-06-19 16:33:09,681 [main] ERROR c.m.tools.AuthEntryPointJwt Unauthorized error: Bad Credentials
2023-06-19 16:33:10,011 [main] INFO  c.m.contollers.BookingController Sign in user
2023-06-19 16:33:10,996 [main] INFO  c.m.contollers.BookingController Start - viewAllMovies
2023-06-19 16:33:11,059 [main] TRACE c.m.contollers.BookingController End - viewAllMovies
2023-06-19 16:37:11,912 [main] INFO  c.m.c.BookingControllerIntegrationTest Starting BookingControllerIntegrationTest using Java 18.0.1.1 with PID 22788 (started by 2050610 in C:\Users\2050610\OneDrive - Cognizant\Desktop\MovieBooking\moviebookingapp)
2023-06-19 16:37:11,913 [main] DEBUG c.m.c.BookingControllerIntegrationTest Running with Spring Boot v3.1.0, Spring v6.0.9
2023-06-19 16:37:11,914 [main] INFO  c.m.c.BookingControllerIntegrationTest No active profile set, falling back to 1 default profile: "default"
2023-06-19 16:37:32,201 [main] INFO  c.m.c.BookingControllerIntegrationTest Started BookingControllerIntegrationTest in 20.952 seconds (process running for 23.054)
2023-06-19 16:37:33,246 [main] ERROR c.m.tools.AuthEntryPointJwt Unauthorized error: Bad Credentials
2023-06-19 16:37:33,494 [main] INFO  c.m.contollers.BookingController Sign in user
2023-06-19 16:44:17,849 [main] INFO  c.m.c.BookingControllerIntegrationTest Starting BookingControllerIntegrationTest using Java 18.0.1.1 with PID 15100 (started by 2050610 in C:\Users\2050610\OneDrive - Cognizant\Desktop\MovieBooking\moviebookingapp)
2023-06-19 16:44:17,851 [main] DEBUG c.m.c.BookingControllerIntegrationTest Running with Spring Boot v3.1.0, Spring v6.0.9
2023-06-19 16:44:17,852 [main] INFO  c.m.c.BookingControllerIntegrationTest No active profile set, falling back to 1 default profile: "default"
2023-06-19 16:44:33,237 [main] INFO  c.m.c.BookingControllerIntegrationTest Started BookingControllerIntegrationTest in 16.337 seconds (process running for 19.294)
2023-06-19 16:44:34,529 [main] ERROR c.m.tools.AuthEntryPointJwt Unauthorized error: Bad Credentials
2023-06-19 16:44:34,769 [main] INFO  c.m.contollers.BookingController Sign in user
2023-06-19 16:44:35,807 [main] INFO  c.m.contollers.BookingController New user registered successfully!
2023-06-19 16:44:35,887 [main] INFO  c.m.contollers.BookingController Start - viewAllMovies
2023-06-19 16:44:35,910 [main] TRACE c.m.contollers.BookingController End - viewAllMovies
2023-06-19 16:46:12,734 [main] INFO  c.m.c.BookingControllerIntegrationTest Starting BookingControllerIntegrationTest using Java 18.0.1.1 with PID 21988 (started by 2050610 in C:\Users\2050610\OneDrive - Cognizant\Desktop\MovieBooking\moviebookingapp)
2023-06-19 16:46:12,735 [main] DEBUG c.m.c.BookingControllerIntegrationTest Running with Spring Boot v3.1.0, Spring v6.0.9
2023-06-19 16:46:12,736 [main] INFO  c.m.c.BookingControllerIntegrationTest No active profile set, falling back to 1 default profile: "default"
2023-06-19 16:46:26,047 [main] INFO  c.m.c.BookingControllerIntegrationTest Started BookingControllerIntegrationTest in 14.009 seconds (process running for 16.83)
2023-06-19 16:46:26,845 [main] ERROR c.m.tools.AuthEntryPointJwt Unauthorized error: Bad Credentials
2023-06-19 16:46:27,047 [main] INFO  c.m.contollers.BookingController Sign in user
2023-06-19 16:46:27,442 [main] ERROR c.m.contollers.BookingController Username is already taken!
2023-06-19 16:46:27,488 [main] INFO  c.m.contollers.BookingController Start - viewAllMovies
2023-06-19 16:46:27,541 [main] TRACE c.m.contollers.BookingController End - viewAllMovies
2023-06-19 16:46:46,785 [main] INFO  c.m.c.BookingControllerIntegrationTest Starting BookingControllerIntegrationTest using Java 18.0.1.1 with PID 19716 (started by 2050610 in C:\Users\2050610\OneDrive - Cognizant\Desktop\MovieBooking\moviebookingapp)
2023-06-19 16:46:46,787 [main] DEBUG c.m.c.BookingControllerIntegrationTest Running with Spring Boot v3.1.0, Spring v6.0.9
2023-06-19 16:46:46,789 [main] INFO  c.m.c.BookingControllerIntegrationTest No active profile set, falling back to 1 default profile: "default"
2023-06-19 16:47:00,944 [main] INFO  c.m.c.BookingControllerIntegrationTest Started BookingControllerIntegrationTest in 15.217 seconds (process running for 18.328)
2023-06-19 16:47:01,756 [main] ERROR c.m.tools.AuthEntryPointJwt Unauthorized error: Bad Credentials
2023-06-19 16:47:01,955 [main] INFO  c.m.contollers.BookingController Sign in user
2023-06-19 16:47:02,418 [main] ERROR c.m.contollers.BookingController Username is already taken!
2023-06-19 16:47:02,487 [main] INFO  c.m.contollers.BookingController Start - viewAllMovies
2023-06-19 16:47:02,561 [main] TRACE c.m.contollers.BookingController End - viewAllMovies
2023-06-19 16:47:38,705 [main] INFO  c.m.c.BookingControllerIntegrationTest Starting BookingControllerIntegrationTest using Java 18.0.1.1 with PID 19700 (started by 2050610 in C:\Users\2050610\OneDrive - Cognizant\Desktop\MovieBooking\moviebookingapp)
2023-06-19 16:47:38,706 [main] DEBUG c.m.c.BookingControllerIntegrationTest Running with Spring Boot v3.1.0, Spring v6.0.9
2023-06-19 16:47:38,707 [main] INFO  c.m.c.BookingControllerIntegrationTest No active profile set, falling back to 1 default profile: "default"
2023-06-19 16:47:52,457 [main] INFO  c.m.c.BookingControllerIntegrationTest Started BookingControllerIntegrationTest in 14.424 seconds (process running for 16.79)
2023-06-19 16:47:53,168 [main] ERROR c.m.tools.AuthEntryPointJwt Unauthorized error: Bad Credentials
2023-06-19 16:47:53,385 [main] INFO  c.m.contollers.BookingController Sign in user
2023-06-19 16:47:53,895 [main] ERROR c.m.contollers.BookingController Username is already taken!
2023-06-19 16:47:53,960 [main] INFO  c.m.contollers.BookingController Start - viewAllMovies
2023-06-19 16:47:54,046 [main] TRACE c.m.contollers.BookingController End - viewAllMovies
2023-06-19 16:49:06,692 [main] INFO  c.m.c.BookingControllerIntegrationTest Starting BookingControllerIntegrationTest using Java 18.0.1.1 with PID 19476 (started by 2050610 in C:\Users\2050610\OneDrive - Cognizant\Desktop\MovieBooking\moviebookingapp)
2023-06-19 16:49:06,694 [main] DEBUG c.m.c.BookingControllerIntegrationTest Running with Spring Boot v3.1.0, Spring v6.0.9
2023-06-19 16:49:06,696 [main] INFO  c.m.c.BookingControllerIntegrationTest No active profile set, falling back to 1 default profile: "default"
2023-06-19 16:49:23,494 [main] INFO  c.m.c.BookingControllerIntegrationTest Started BookingControllerIntegrationTest in 18.059 seconds (process running for 21.955)
2023-06-19 16:49:24,488 [main] ERROR c.m.tools.AuthEntryPointJwt Unauthorized error: Bad Credentials
2023-06-19 16:49:24,709 [main] INFO  c.m.contollers.BookingController Sign in user
2023-06-19 16:49:25,174 [main] ERROR c.m.contollers.BookingController Username is already taken!
2023-06-19 16:50:22,968 [main] INFO  c.m.c.BookingControllerIntegrationTest Starting BookingControllerIntegrationTest using Java 18.0.1.1 with PID 19308 (started by 2050610 in C:\Users\2050610\OneDrive - Cognizant\Desktop\MovieBooking\moviebookingapp)
2023-06-19 16:50:22,969 [main] DEBUG c.m.c.BookingControllerIntegrationTest Running with Spring Boot v3.1.0, Spring v6.0.9
2023-06-19 16:50:22,972 [main] INFO  c.m.c.BookingControllerIntegrationTest No active profile set, falling back to 1 default profile: "default"
2023-06-19 16:50:27,406 [main] INFO  c.m.contollers.BookingController Start - viewAllMovies
2023-06-19 16:50:27,553 [main] TRACE c.m.contollers.BookingController End - viewAllMovies
2023-06-19 16:50:38,437 [main] INFO  c.m.c.BookingControllerIntegrationTest Started BookingControllerIntegrationTest in 16.702 seconds (process running for 20.344)
2023-06-19 16:50:39,439 [main] ERROR c.m.tools.AuthEntryPointJwt Unauthorized error: Bad Credentials
2023-06-19 16:50:39,779 [main] INFO  c.m.contollers.BookingController Sign in user
2023-06-19 16:50:40,426 [main] ERROR c.m.contollers.BookingController Username is already taken!
2023-06-19 16:51:30,489 [main] INFO  c.m.c.BookingControllerIntegrationTest Starting BookingControllerIntegrationTest using Java 18.0.1.1 with PID 20236 (started by 2050610 in C:\Users\2050610\OneDrive - Cognizant\Desktop\MovieBooking\moviebookingapp)
2023-06-19 16:51:30,490 [main] DEBUG c.m.c.BookingControllerIntegrationTest Running with Spring Boot v3.1.0, Spring v6.0.9
2023-06-19 16:51:30,492 [main] INFO  c.m.c.BookingControllerIntegrationTest No active profile set, falling back to 1 default profile: "default"
2023-06-19 16:51:44,851 [main] INFO  c.m.c.BookingControllerIntegrationTest Started BookingControllerIntegrationTest in 15.496 seconds (process running for 18.808)
2023-06-19 16:51:45,931 [main] ERROR c.m.tools.AuthEntryPointJwt Unauthorized error: Bad Credentials
2023-06-19 16:51:46,173 [main] INFO  c.m.contollers.BookingController Sign in user
2023-06-19 16:51:46,734 [main] ERROR c.m.contollers.BookingController Username is already taken!
2023-06-19 16:52:41,474 [main] INFO  c.m.c.BookingControllerIntegrationTest Starting BookingControllerIntegrationTest using Java 18.0.1.1 with PID 828 (started by 2050610 in C:\Users\2050610\OneDrive - Cognizant\Desktop\MovieBooking\moviebookingapp)
2023-06-19 16:52:41,476 [main] DEBUG c.m.c.BookingControllerIntegrationTest Running with Spring Boot v3.1.0, Spring v6.0.9
2023-06-19 16:52:41,478 [main] INFO  c.m.c.BookingControllerIntegrationTest No active profile set, falling back to 1 default profile: "default"
2023-06-19 16:53:02,498 [main] INFO  c.m.c.BookingControllerIntegrationTest Started BookingControllerIntegrationTest in 22.274 seconds (process running for 25.746)
2023-06-19 16:53:03,229 [main] ERROR c.m.tools.AuthEntryPointJwt Unauthorized error: Bad Credentials
2023-06-19 16:53:03,428 [main] INFO  c.m.contollers.BookingController Sign in user
2023-06-19 16:53:04,113 [main] INFO  c.m.contollers.BookingController Start - viewAllMovies
2023-06-19 16:53:04,473 [main] TRACE c.m.contollers.BookingController End - viewAllMovies
2023-06-19 16:54:14,956 [main] INFO  c.m.c.BookingControllerIntegrationTest Starting BookingControllerIntegrationTest using Java 18.0.1.1 with PID 6784 (started by 2050610 in C:\Users\2050610\OneDrive - Cognizant\Desktop\MovieBooking\moviebookingapp)
2023-06-19 16:54:14,958 [main] DEBUG c.m.c.BookingControllerIntegrationTest Running with Spring Boot v3.1.0, Spring v6.0.9
2023-06-19 16:54:14,960 [main] INFO  c.m.c.BookingControllerIntegrationTest No active profile set, falling back to 1 default profile: "default"
2023-06-19 16:54:32,683 [main] INFO  c.m.c.BookingControllerIntegrationTest Started BookingControllerIntegrationTest in 18.897 seconds (process running for 22.511)
2023-06-19 16:54:33,775 [main] ERROR c.m.tools.AuthEntryPointJwt Unauthorized error: Bad Credentials
2023-06-19 16:54:34,030 [main] INFO  c.m.contollers.BookingController Sign in user
2023-06-19 16:54:34,684 [main] INFO  c.m.contollers.BookingController Start - viewAllMovies
2023-06-19 16:54:34,872 [main] TRACE c.m.contollers.BookingController End - viewAllMovies
2023-06-19 16:56:39,326 [main] INFO  c.m.c.BookingControllerIntegrationTest Starting BookingControllerIntegrationTest using Java 18.0.1.1 with PID 25104 (started by 2050610 in C:\Users\2050610\OneDrive - Cognizant\Desktop\MovieBooking\moviebookingapp)
2023-06-19 16:56:39,327 [main] DEBUG c.m.c.BookingControllerIntegrationTest Running with Spring Boot v3.1.0, Spring v6.0.9
2023-06-19 16:56:39,329 [main] INFO  c.m.c.BookingControllerIntegrationTest No active profile set, falling back to 1 default profile: "default"
2023-06-19 16:56:54,075 [main] INFO  c.m.c.BookingControllerIntegrationTest Started BookingControllerIntegrationTest in 16.153 seconds (process running for 20.014)
2023-06-19 16:56:55,028 [main] ERROR c.m.tools.AuthEntryPointJwt Unauthorized error: Bad Credentials
2023-06-19 16:56:55,294 [main] INFO  c.m.contollers.BookingController Sign in user
2023-06-19 16:56:55,840 [main] INFO  c.m.contollers.BookingController New user registered successfully!
2023-06-19 16:56:56,006 [main] INFO  c.m.contollers.BookingController Start - viewAllMovies
2023-06-19 16:56:56,249 [main] TRACE c.m.contollers.BookingController End - viewAllMovies
2023-06-19 17:00:02,563 [main] INFO  c.m.c.BookingControllerIntegrationTest Starting BookingControllerIntegrationTest using Java 18.0.1.1 with PID 16724 (started by 2050610 in C:\Users\2050610\OneDrive - Cognizant\Desktop\MovieBooking\moviebookingapp)
2023-06-19 17:00:02,566 [main] DEBUG c.m.c.BookingControllerIntegrationTest Running with Spring Boot v3.1.0, Spring v6.0.9
2023-06-19 17:00:02,568 [main] INFO  c.m.c.BookingControllerIntegrationTest No active profile set, falling back to 1 default profile: "default"
2023-06-19 17:00:19,919 [main] INFO  c.m.c.BookingControllerIntegrationTest Started BookingControllerIntegrationTest in 18.598 seconds (process running for 22.344)
2023-06-19 17:00:20,934 [main] ERROR c.m.tools.AuthEntryPointJwt Unauthorized error: Bad Credentials
2023-06-19 17:00:21,203 [main] INFO  c.m.contollers.BookingController Sign in user
2023-06-19 17:00:21,851 [main] INFO  c.m.contollers.BookingController New user registered successfully!
2023-06-19 17:00:21,970 [main] INFO  c.m.contollers.BookingController Start - viewAllMovies
2023-06-19 17:00:22,363 [main] TRACE c.m.contollers.BookingController End - viewAllMovies
2023-06-19 17:07:57,209 [main] INFO  c.m.c.BookingControllerIntegrationTest Starting BookingControllerIntegrationTest using Java 18.0.1.1 with PID 13744 (started by 2050610 in C:\Users\2050610\OneDrive - Cognizant\Desktop\MovieBooking\moviebookingapp)
2023-06-19 17:07:57,212 [main] DEBUG c.m.c.BookingControllerIntegrationTest Running with Spring Boot v3.1.0, Spring v6.0.9
2023-06-19 17:07:57,214 [main] INFO  c.m.c.BookingControllerIntegrationTest No active profile set, falling back to 1 default profile: "default"
2023-06-19 17:08:13,355 [main] INFO  c.m.c.BookingControllerIntegrationTest Started BookingControllerIntegrationTest in 17.562 seconds (process running for 21.716)
2023-06-19 17:08:14,086 [main] ERROR c.m.tools.AuthEntryPointJwt Unauthorized error: Bad Credentials
2023-06-19 17:08:14,321 [main] INFO  c.m.contollers.BookingController Sign in user
2023-06-19 17:08:14,835 [main] INFO  c.m.contollers.BookingController New user registered successfully!
2023-06-19 17:08:14,879 [main] ERROR c.m.tools.AuthEntryPointJwt Unauthorized error: Full authentication is required to access this resource
2023-06-19 17:08:14,973 [main] INFO  c.m.contollers.BookingController Start - viewAllMovies
2023-06-19 17:08:15,211 [main] TRACE c.m.contollers.BookingController End - viewAllMovies
2023-06-19 17:08:54,836 [main] INFO  c.m.c.BookingControllerIntegrationTest Starting BookingControllerIntegrationTest using Java 18.0.1.1 with PID 3456 (started by 2050610 in C:\Users\2050610\OneDrive - Cognizant\Desktop\MovieBooking\moviebookingapp)
2023-06-19 17:08:54,838 [main] DEBUG c.m.c.BookingControllerIntegrationTest Running with Spring Boot v3.1.0, Spring v6.0.9
2023-06-19 17:08:54,840 [main] INFO  c.m.c.BookingControllerIntegrationTest No active profile set, falling back to 1 default profile: "default"
2023-06-19 17:09:11,226 [main] INFO  c.m.c.BookingControllerIntegrationTest Started BookingControllerIntegrationTest in 17.485 seconds (process running for 20.438)
2023-06-19 17:09:12,085 [main] ERROR c.m.tools.AuthEntryPointJwt Unauthorized error: Bad Credentials
2023-06-19 17:09:12,299 [main] INFO  c.m.contollers.BookingController Sign in user
2023-06-19 17:09:12,888 [main] INFO  c.m.contollers.BookingController New user registered successfully!
2023-06-19 17:09:13,008 [main] INFO  c.m.contollers.BookingController Start - viewAllMovies
2023-06-19 17:09:13,299 [main] TRACE c.m.contollers.BookingController End - viewAllMovies
