{"@timestamp":"2023-06-06T11:16:33.683545+02:00","@version":"1","message":"Starting MoviebookingApplication using Java 18.0.1.1 with PID 35416 (C:\\Users\\2050610\\OneDrive - Cognizant\\Desktop\\MovieBooking\\moviebookingapp\\target\\classes started by 2050610 in C:\\Users\\2050610\\OneDrive - Cognizant\\Desktop\\MovieBooking\\moviebookingapp)","logger_name":"com.moviebookingapp.MoviebookingApplication","thread_name":"restartedMain","level":"INFO","level_value":20000}
{"@timestamp":"2023-06-06T11:16:33.6958035+02:00","@version":"1","message":"Running with Spring Boot v3.1.0, Spring v6.0.9","logger_name":"com.moviebookingapp.MoviebookingApplication","thread_name":"restartedMain","level":"DEBUG","level_value":10000}
{"@timestamp":"2023-06-06T11:16:33.6968044+02:00","@version":"1","message":"No active profile set, falling back to 1 default profile: \"default\"","logger_name":"com.moviebookingapp.MoviebookingApplication","thread_name":"restartedMain","level":"INFO","level_value":20000}
{"@timestamp":"2023-06-06T11:16:37.1819853+02:00","@version":"1","message":"Filter 'authTokenFilter' configured for use","logger_name":"com.moviebookingapp.tools.AuthTokenFilter","thread_name":"restartedMain","level":"DEBUG","level_value":10000}
{"@timestamp":"2023-06-06T11:16:39.0127462+02:00","@version":"1","message":"Started MoviebookingApplication in 5.963 seconds (process running for 6.706)","logger_name":"com.moviebookingapp.MoviebookingApplication","thread_name":"restartedMain","level":"INFO","level_value":20000}
{"@timestamp":"2023-06-06T11:17:18.9460978+02:00","@version":"1","message":"MARKER, Couldn't find bearer string, header will be ignored","logger_name":"com.moviebookingapp.tools.AuthTokenFilter","thread_name":"http-nio-8088-exec-2","level":"WARN","level_value":30000}
{"@timestamp":"2023-06-06T11:17:44.8209125+02:00","@version":"1","message":"MARKER, Couldn't find bearer string, header will be ignored","logger_name":"com.moviebookingapp.tools.AuthTokenFilter","thread_name":"http-nio-8088-exec-3","level":"WARN","level_value":30000}
{"@timestamp":"2023-06-06T11:17:45.5394654+02:00","@version":"1","message":"New user registered successfully!","logger_name":"com.moviebookingapp.contollers.BookingController","thread_name":"http-nio-8088-exec-3","level":"ERROR","level_value":40000,"tags":["com.moviebookingapp.contollers.BookingController"]}
{"@timestamp":"2023-06-06T11:18:47.3496893+02:00","@version":"1","message":"Starting MoviebookingApplication using Java 18.0.1.1 with PID 37624 (C:\\Users\\2050610\\OneDrive - Cognizant\\Desktop\\MovieBooking\\moviebookingapp\\target\\classes started by 2050610 in C:\\Users\\2050610\\OneDrive - Cognizant\\Desktop\\MovieBooking\\moviebookingapp)","logger_name":"com.moviebookingapp.MoviebookingApplication","thread_name":"restartedMain","level":"INFO","level_value":20000}
{"@timestamp":"2023-06-06T11:18:47.3625239+02:00","@version":"1","message":"Running with Spring Boot v3.1.0, Spring v6.0.9","logger_name":"com.moviebookingapp.MoviebookingApplication","thread_name":"restartedMain","level":"DEBUG","level_value":10000}
{"@timestamp":"2023-06-06T11:18:47.3645238+02:00","@version":"1","message":"No active profile set, falling back to 1 default profile: \"default\"","logger_name":"com.moviebookingapp.MoviebookingApplication","thread_name":"restartedMain","level":"INFO","level_value":20000}
{"@timestamp":"2023-06-06T11:18:52.46645+02:00","@version":"1","message":"Filter 'authTokenFilter' configured for use","logger_name":"com.moviebookingapp.tools.AuthTokenFilter","thread_name":"restartedMain","level":"DEBUG","level_value":10000}
{"@timestamp":"2023-06-06T11:18:54.5339222+02:00","@version":"1","message":"Started MoviebookingApplication in 8.102 seconds (process running for 9.5)","logger_name":"com.moviebookingapp.MoviebookingApplication","thread_name":"restartedMain","level":"INFO","level_value":20000}
{"@timestamp":"2023-06-06T11:19:08.6664031+02:00","@version":"1","message":"MARKER, Couldn't find bearer string, header will be ignored","logger_name":"com.moviebookingapp.tools.AuthTokenFilter","thread_name":"http-nio-8088-exec-2","level":"WARN","level_value":30000}
{"@timestamp":"2023-06-06T11:19:09.2775542+02:00","@version":"1","message":"Unauthorized error: Bad credentials","logger_name":"com.moviebookingapp.tools.AuthEntryPointJwt","thread_name":"http-nio-8088-exec-2","level":"ERROR","level_value":40000,"tags":["com.moviebookingapp.tools.AuthEntryPointJwt"]}
{"@timestamp":"2023-06-06T11:19:20.8256627+02:00","@version":"1","message":"MARKER, Couldn't find bearer string, header will be ignored","logger_name":"com.moviebookingapp.tools.AuthTokenFilter","thread_name":"http-nio-8088-exec-3","level":"WARN","level_value":30000}
{"@timestamp":"2023-06-06T11:19:20.9988314+02:00","@version":"1","message":"Start - generateToken","logger_name":"com.moviebookingapp.tools.JwtUtils","thread_name":"http-nio-8088-exec-3","level":"INFO","level_value":20000,"tags":["com.moviebookingapp.tools.JwtUtils"]}
{"@timestamp":"2023-06-06T11:19:20.9998328+02:00","@version":"1","message":"End - generateToken","logger_name":"com.moviebookingapp.tools.JwtUtils","thread_name":"http-nio-8088-exec-3","level":"INFO","level_value":20000,"tags":["com.moviebookingapp.tools.JwtUtils"]}
{"@timestamp":"2023-06-06T11:19:21.0304794+02:00","@version":"1","message":"Generating cookie","logger_name":"com.moviebookingapp.tools.JwtUtils","thread_name":"http-nio-8088-exec-3","level":"INFO","level_value":20000,"tags":["com.moviebookingapp.tools.JwtUtils"]}
{"@timestamp":"2023-06-06T11:19:21.0324792+02:00","@version":"1","message":"Generating refresh cookie","logger_name":"com.moviebookingapp.tools.JwtUtils","thread_name":"http-nio-8088-exec-3","level":"INFO","level_value":20000,"tags":["com.moviebookingapp.tools.JwtUtils"]}
{"@timestamp":"2023-06-06T11:19:21.0324792+02:00","@version":"1","message":"Sign in user","logger_name":"com.moviebookingapp.contollers.BookingController","thread_name":"http-nio-8088-exec-3","level":"INFO","level_value":20000,"tags":["com.moviebookingapp.contollers.BookingController"]}
{"@timestamp":"2023-06-06T11:21:01.0844124+02:00","@version":"1","message":"MARKER, The token has expired, JWT expired at 2023-06-02T15:07:37Z. Current time: 2023-06-06T09:21:01Z, a difference of 324804080 milliseconds.  Allowed clock skew: 0 milliseconds.","logger_name":"com.moviebookingapp.tools.AuthTokenFilter","thread_name":"http-nio-8088-exec-6","level":"WARN","level_value":30000}
{"@timestamp":"2023-06-06T11:21:01.0984446+02:00","@version":"1","message":"Unauthorized error: Full authentication is required to access this resource","logger_name":"com.moviebookingapp.tools.AuthEntryPointJwt","thread_name":"http-nio-8088-exec-6","level":"ERROR","level_value":40000,"tags":["com.moviebookingapp.tools.AuthEntryPointJwt"]}
{"@timestamp":"2023-06-06T11:21:11.6881757+02:00","@version":"1","message":"Start - validateToken","logger_name":"com.moviebookingapp.tools.JwtUtils","thread_name":"http-nio-8088-exec-7","level":"INFO","level_value":20000,"tags":["com.moviebookingapp.tools.JwtUtils"]}
{"@timestamp":"2023-06-06T11:21:11.6960943+02:00","@version":"1","message":"End - validateToken","logger_name":"com.moviebookingapp.tools.JwtUtils","thread_name":"http-nio-8088-exec-7","level":"INFO","level_value":20000,"tags":["com.moviebookingapp.tools.JwtUtils"]}
{"@timestamp":"2023-06-06T11:21:11.7078187+02:00","@version":"1","message":"authenticated user: joel, now setting appropriate security context.","logger_name":"com.moviebookingapp.tools.AuthTokenFilter","thread_name":"http-nio-8088-exec-7","level":"INFO","level_value":20000,"tags":["com.moviebookingapp.tools.AuthTokenFilter"]}
{"@timestamp":"2023-06-06T11:21:11.7217808+02:00","@version":"1","message":"Start - viewAllMovies","logger_name":"com.moviebookingapp.contollers.BookingController","thread_name":"http-nio-8088-exec-7","level":"INFO","level_value":20000,"tags":["com.moviebookingapp.contollers.BookingController"]}
{"@timestamp":"2023-06-06T11:21:11.7989497+02:00","@version":"1","message":"End - viewAllMovies","logger_name":"com.moviebookingapp.contollers.BookingController","thread_name":"http-nio-8088-exec-7","level":"TRACE","level_value":5000,"tags":["com.moviebookingapp.contollers.BookingController"]}
{"@timestamp":"2023-06-06T11:22:00.3398607+02:00","@version":"1","message":"MARKER, Couldn't find bearer string, header will be ignored","logger_name":"com.moviebookingapp.tools.AuthTokenFilter","thread_name":"http-nio-8088-exec-9","level":"WARN","level_value":30000}
{"@timestamp":"2023-06-06T11:22:00.3580575+02:00","@version":"1","message":"Unauthorized error: Bad credentials","logger_name":"com.moviebookingapp.tools.AuthEntryPointJwt","thread_name":"http-nio-8088-exec-9","level":"ERROR","level_value":40000,"tags":["com.moviebookingapp.tools.AuthEntryPointJwt"]}
{"@timestamp":"2023-06-06T11:32:10.5653863+02:00","@version":"1","message":"Start - validateToken","logger_name":"com.moviebookingapp.tools.JwtUtils","thread_name":"http-nio-8088-exec-10","level":"INFO","level_value":20000,"tags":["com.moviebookingapp.tools.JwtUtils"]}
{"@timestamp":"2023-06-06T11:32:10.5722956+02:00","@version":"1","message":"End - validateToken","logger_name":"com.moviebookingapp.tools.JwtUtils","thread_name":"http-nio-8088-exec-10","level":"INFO","level_value":20000,"tags":["com.moviebookingapp.tools.JwtUtils"]}
{"@timestamp":"2023-06-06T11:32:10.5798095+02:00","@version":"1","message":"authenticated user: joel, now setting appropriate security context.","logger_name":"com.moviebookingapp.tools.AuthTokenFilter","thread_name":"http-nio-8088-exec-10","level":"INFO","level_value":20000,"tags":["com.moviebookingapp.tools.AuthTokenFilter"]}
{"@timestamp":"2023-06-06T11:32:10.5860873+02:00","@version":"1","message":"Start - viewAllMovies","logger_name":"com.moviebookingapp.contollers.BookingController","thread_name":"http-nio-8088-exec-10","level":"INFO","level_value":20000,"tags":["com.moviebookingapp.contollers.BookingController"]}
{"@timestamp":"2023-06-06T11:32:10.5906416+02:00","@version":"1","message":"End - viewAllMovies","logger_name":"com.moviebookingapp.contollers.BookingController","thread_name":"http-nio-8088-exec-10","level":"TRACE","level_value":5000,"tags":["com.moviebookingapp.contollers.BookingController"]}
{"@timestamp":"2023-06-06T11:44:34.0455354+02:00","@version":"1","message":"Start - validateToken","logger_name":"com.moviebookingapp.tools.JwtUtils","thread_name":"http-nio-8088-exec-4","level":"INFO","level_value":20000,"tags":["com.moviebookingapp.tools.JwtUtils"]}
{"@timestamp":"2023-06-06T11:44:34.0518427+02:00","@version":"1","message":"End - validateToken","logger_name":"com.moviebookingapp.tools.JwtUtils","thread_name":"http-nio-8088-exec-4","level":"INFO","level_value":20000,"tags":["com.moviebookingapp.tools.JwtUtils"]}
{"@timestamp":"2023-06-06T11:44:34.0638349+02:00","@version":"1","message":"authenticated user: joel, now setting appropriate security context.","logger_name":"com.moviebookingapp.tools.AuthTokenFilter","thread_name":"http-nio-8088-exec-4","level":"INFO","level_value":20000,"tags":["com.moviebookingapp.tools.AuthTokenFilter"]}
{"@timestamp":"2023-06-06T11:44:34.0731318+02:00","@version":"1","message":"Start - viewAllMovies","logger_name":"com.moviebookingapp.contollers.BookingController","thread_name":"http-nio-8088-exec-4","level":"INFO","level_value":20000,"tags":["com.moviebookingapp.contollers.BookingController"]}
{"@timestamp":"2023-06-06T11:44:34.1150164+02:00","@version":"1","message":"End - viewAllMovies","logger_name":"com.moviebookingapp.contollers.BookingController","thread_name":"http-nio-8088-exec-4","level":"TRACE","level_value":5000,"tags":["com.moviebookingapp.contollers.BookingController"]}
{"@timestamp":"2023-06-06T13:23:28.3067576+02:00","@version":"1","message":"Starting MoviebookingApplication using Java 18.0.1.1 with PID 27696 (C:\\Users\\2050610\\OneDrive - Cognizant\\Desktop\\MovieBooking\\moviebookingapp\\target\\classes started by 2050610 in C:\\Users\\2050610\\OneDrive - Cognizant\\Desktop\\MovieBooking\\moviebookingapp)","logger_name":"com.moviebookingapp.MoviebookingApplication","thread_name":"restartedMain","level":"INFO","level_value":20000}
{"@timestamp":"2023-06-06T13:23:28.3264743+02:00","@version":"1","message":"Running with Spring Boot v3.1.0, Spring v6.0.9","logger_name":"com.moviebookingapp.MoviebookingApplication","thread_name":"restartedMain","level":"DEBUG","level_value":10000}
{"@timestamp":"2023-06-06T13:23:28.3284784+02:00","@version":"1","message":"No active profile set, falling back to 1 default profile: \"default\"","logger_name":"com.moviebookingapp.MoviebookingApplication","thread_name":"restartedMain","level":"INFO","level_value":20000}
{"@timestamp":"2023-06-06T13:23:35.3994248+02:00","@version":"1","message":"Filter 'authTokenFilter' configured for use","logger_name":"com.moviebookingapp.tools.AuthTokenFilter","thread_name":"restartedMain","level":"DEBUG","level_value":10000}
{"@timestamp":"2023-06-06T13:23:39.3522789+02:00","@version":"1","message":"Started MoviebookingApplication in 12.743 seconds (process running for 15.449)","logger_name":"com.moviebookingapp.MoviebookingApplication","thread_name":"restartedMain","level":"INFO","level_value":20000}
{"@timestamp":"2023-06-06T14:32:55.5957486+02:00","@version":"1","message":"Starting MoviebookingApplication using Java 18.0.1.1 with PID 26000 (C:\\Users\\2050610\\OneDrive - Cognizant\\Desktop\\MovieBooking\\moviebookingapp\\target\\classes started by 2050610 in C:\\Users\\2050610\\OneDrive - Cognizant\\Desktop\\MovieBooking\\moviebookingapp)","logger_name":"com.moviebookingapp.MoviebookingApplication","thread_name":"restartedMain","level":"INFO","level_value":20000}
{"@timestamp":"2023-06-06T14:32:55.6274366+02:00","@version":"1","message":"Running with Spring Boot v3.1.0, Spring v6.0.9","logger_name":"com.moviebookingapp.MoviebookingApplication","thread_name":"restartedMain","level":"DEBUG","level_value":10000}
{"@timestamp":"2023-06-06T14:32:55.6297021+02:00","@version":"1","message":"No active profile set, falling back to 1 default profile: \"default\"","logger_name":"com.moviebookingapp.MoviebookingApplication","thread_name":"restartedMain","level":"INFO","level_value":20000}
{"@timestamp":"2023-06-06T14:33:03.7055845+02:00","@version":"1","message":"Filter 'authTokenFilter' configured for use","logger_name":"com.moviebookingapp.tools.AuthTokenFilter","thread_name":"restartedMain","level":"DEBUG","level_value":10000}
{"@timestamp":"2023-06-06T14:33:07.7055209+02:00","@version":"1","message":"Started MoviebookingApplication in 14.152 seconds (process running for 17.003)","logger_name":"com.moviebookingapp.MoviebookingApplication","thread_name":"restartedMain","level":"INFO","level_value":20000}
{"@timestamp":"2023-06-06T17:34:42.991936+02:00","@version":"1","message":"Starting MoviebookingApplication using Java 18.0.1.1 with PID 34380 (C:\\Users\\2050610\\OneDrive - Cognizant\\Desktop\\MovieBooking\\moviebookingapp\\target\\classes started by 2050610 in C:\\Users\\2050610\\OneDrive - Cognizant\\Desktop\\MovieBooking\\moviebookingapp)","logger_name":"com.moviebookingapp.MoviebookingApplication","thread_name":"restartedMain","level":"INFO","level_value":20000}
{"@timestamp":"2023-06-06T17:34:43.0159354+02:00","@version":"1","message":"Running with Spring Boot v3.1.0, Spring v6.0.9","logger_name":"com.moviebookingapp.MoviebookingApplication","thread_name":"restartedMain","level":"DEBUG","level_value":10000}
{"@timestamp":"2023-06-06T17:34:43.0173375+02:00","@version":"1","message":"No active profile set, falling back to 1 default profile: \"default\"","logger_name":"com.moviebookingapp.MoviebookingApplication","thread_name":"restartedMain","level":"INFO","level_value":20000}
{"@timestamp":"2023-06-06T17:34:48.022373+02:00","@version":"1","message":"Filter 'authTokenFilter' configured for use","logger_name":"com.moviebookingapp.tools.AuthTokenFilter","thread_name":"restartedMain","level":"DEBUG","level_value":10000}
{"@timestamp":"2023-06-06T17:34:50.8071869+02:00","@version":"1","message":"Started MoviebookingApplication in 8.987 seconds (process running for 10.672)","logger_name":"com.moviebookingapp.MoviebookingApplication","thread_name":"restartedMain","level":"INFO","level_value":20000}
{"@timestamp":"2023-06-06T17:51:13.8754147+02:00","@version":"1","message":"MARKER, The token has expired, JWT expired at 2023-06-06T09:49:21Z. Current time: 2023-06-06T15:51:13Z, a difference of 21712871 milliseconds.  Allowed clock skew: 0 milliseconds.","logger_name":"com.moviebookingapp.tools.AuthTokenFilter","thread_name":"http-nio-8088-exec-4","level":"WARN","level_value":30000}
{"@timestamp":"2023-06-06T17:51:13.9474292+02:00","@version":"1","message":"Unauthorized error: Full authentication is required to access this resource","logger_name":"com.moviebookingapp.tools.AuthEntryPointJwt","thread_name":"http-nio-8088-exec-4","level":"ERROR","level_value":40000,"tags":["com.moviebookingapp.tools.AuthEntryPointJwt"]}
{"@timestamp":"2023-06-06T17:52:01.2352066+02:00","@version":"1","message":"MARKER, Couldn't find bearer string, header will be ignored","logger_name":"com.moviebookingapp.tools.AuthTokenFilter","thread_name":"http-nio-8088-exec-2","level":"WARN","level_value":30000}
{"@timestamp":"2023-06-06T17:52:01.9722257+02:00","@version":"1","message":"Unauthorized error: Bad credentials","logger_name":"com.moviebookingapp.tools.AuthEntryPointJwt","thread_name":"http-nio-8088-exec-2","level":"ERROR","level_value":40000,"tags":["com.moviebookingapp.tools.AuthEntryPointJwt"]}
{"@timestamp":"2023-06-06T17:52:08.9064732+02:00","@version":"1","message":"MARKER, Couldn't find bearer string, header will be ignored","logger_name":"com.moviebookingapp.tools.AuthTokenFilter","thread_name":"http-nio-8088-exec-3","level":"WARN","level_value":30000}
{"@timestamp":"2023-06-06T17:52:09.0906783+02:00","@version":"1","message":"Start - generateToken","logger_name":"com.moviebookingapp.tools.JwtUtils","thread_name":"http-nio-8088-exec-3","level":"INFO","level_value":20000,"tags":["com.moviebookingapp.tools.JwtUtils"]}
{"@timestamp":"2023-06-06T17:52:09.0933753+02:00","@version":"1","message":"End - generateToken","logger_name":"com.moviebookingapp.tools.JwtUtils","thread_name":"http-nio-8088-exec-3","level":"INFO","level_value":20000,"tags":["com.moviebookingapp.tools.JwtUtils"]}
{"@timestamp":"2023-06-06T17:52:09.1066848+02:00","@version":"1","message":"Generating cookie","logger_name":"com.moviebookingapp.tools.JwtUtils","thread_name":"http-nio-8088-exec-3","level":"INFO","level_value":20000,"tags":["com.moviebookingapp.tools.JwtUtils"]}
{"@timestamp":"2023-06-06T17:52:09.1096932+02:00","@version":"1","message":"Generating refresh cookie","logger_name":"com.moviebookingapp.tools.JwtUtils","thread_name":"http-nio-8088-exec-3","level":"INFO","level_value":20000,"tags":["com.moviebookingapp.tools.JwtUtils"]}
{"@timestamp":"2023-06-06T17:52:09.1106919+02:00","@version":"1","message":"Sign in user","logger_name":"com.moviebookingapp.contollers.BookingController","thread_name":"http-nio-8088-exec-3","level":"INFO","level_value":20000,"tags":["com.moviebookingapp.contollers.BookingController"]}
{"@timestamp":"2023-06-06T17:52:28.0384362+02:00","@version":"1","message":"MARKER, The token has expired, JWT expired at 2023-06-06T09:49:21Z. Current time: 2023-06-06T15:52:28Z, a difference of 21787038 milliseconds.  Allowed clock skew: 0 milliseconds.","logger_name":"com.moviebookingapp.tools.AuthTokenFilter","thread_name":"http-nio-8088-exec-6","level":"WARN","level_value":30000}
{"@timestamp":"2023-06-06T17:52:28.0444848+02:00","@version":"1","message":"Unauthorized error: Full authentication is required to access this resource","logger_name":"com.moviebookingapp.tools.AuthEntryPointJwt","thread_name":"http-nio-8088-exec-6","level":"ERROR","level_value":40000,"tags":["com.moviebookingapp.tools.AuthEntryPointJwt"]}
{"@timestamp":"2023-06-06T17:52:33.6269409+02:00","@version":"1","message":"Start - validateToken","logger_name":"com.moviebookingapp.tools.JwtUtils","thread_name":"http-nio-8088-exec-5","level":"INFO","level_value":20000,"tags":["com.moviebookingapp.tools.JwtUtils"]}
{"@timestamp":"2023-06-06T17:52:33.6332321+02:00","@version":"1","message":"End - validateToken","logger_name":"com.moviebookingapp.tools.JwtUtils","thread_name":"http-nio-8088-exec-5","level":"INFO","level_value":20000,"tags":["com.moviebookingapp.tools.JwtUtils"]}
{"@timestamp":"2023-06-06T17:52:33.6425962+02:00","@version":"1","message":"authenticated user: joel, now setting appropriate security context.","logger_name":"com.moviebookingapp.tools.AuthTokenFilter","thread_name":"http-nio-8088-exec-5","level":"INFO","level_value":20000,"tags":["com.moviebookingapp.tools.AuthTokenFilter"]}
{"@timestamp":"2023-06-06T17:52:33.6516245+02:00","@version":"1","message":"Start - viewAllMovies","logger_name":"com.moviebookingapp.contollers.BookingController","thread_name":"http-nio-8088-exec-5","level":"INFO","level_value":20000,"tags":["com.moviebookingapp.contollers.BookingController"]}
{"@timestamp":"2023-06-06T17:52:33.6815254+02:00","@version":"1","message":"End - viewAllMovies","logger_name":"com.moviebookingapp.contollers.BookingController","thread_name":"http-nio-8088-exec-5","level":"TRACE","level_value":5000,"tags":["com.moviebookingapp.contollers.BookingController"]}
