2023-06-13 14:14:24,120 [restartedMain] INFO  c.m.MoviebookingApplication Starting MoviebookingApplication using Java 18.0.1.1 with PID 34632 (C:\Users\2050610\OneDrive - Cognizant\Desktop\MovieBooking\moviebookingapp\target\classes started by 2050610 in C:\Users\2050610\OneDrive - Cognizant\Desktop\MovieBooking\moviebookingapp)
2023-06-13 14:14:24,131 [restartedMain] DEBUG c.m.MoviebookingApplication Running with Spring Boot v3.1.0, Spring v6.0.9
2023-06-13 14:14:24,133 [restartedMain] INFO  c.m.MoviebookingApplication No active profile set, falling back to 1 default profile: "default"
2023-06-13 14:14:32,356 [restartedMain] DEBUG c.m.tools.AuthTokenFilter Filter 'authTokenFilter' configured for use
2023-06-13 14:14:38,240 [restartedMain] INFO  c.m.MoviebookingApplication Started MoviebookingApplication in 15.021 seconds (process running for 17.479)
2023-06-13 14:16:43,866 [http-nio-8088-exec-2] WARN  c.m.tools.AuthTokenFilter MARKER, The token has expired, JWT expired at 2023-06-13T11:18:29Z. Current time: 2023-06-13T12:16:43Z, a difference of 3494863 milliseconds.  Allowed clock skew: 0 milliseconds.
2023-06-13 14:16:43,914 [http-nio-8088-exec-2] ERROR c.m.tools.AuthEntryPointJwt Unauthorized error: Full authentication is required to access this resource
2023-06-13 14:17:04,944 [http-nio-8088-exec-5] WARN  c.m.tools.AuthTokenFilter MARKER, Couldn't find bearer string, header will be ignored
2023-06-13 14:17:06,048 [http-nio-8088-exec-5] INFO  com.moviebookingapp.tools.JwtUtils Start - generateToken
2023-06-13 14:17:06,054 [http-nio-8088-exec-5] INFO  com.moviebookingapp.tools.JwtUtils End - generateToken
2023-06-13 14:17:06,133 [http-nio-8088-exec-5] INFO  com.moviebookingapp.tools.JwtUtils Generating cookie
2023-06-13 14:17:06,139 [http-nio-8088-exec-5] INFO  com.moviebookingapp.tools.JwtUtils Generating refresh cookie
2023-06-13 14:17:06,140 [http-nio-8088-exec-5] INFO  c.m.contollers.BookingController Sign in user
2023-06-13 14:18:35,903 [http-nio-8088-exec-10] WARN  c.m.tools.AuthTokenFilter MARKER, The token has expired, JWT expired at 2023-06-13T10:39:13Z. Current time: 2023-06-13T12:18:35Z, a difference of 5962902 milliseconds.  Allowed clock skew: 0 milliseconds.
2023-06-13 14:18:35,914 [http-nio-8088-exec-10] ERROR c.m.tools.AuthEntryPointJwt Unauthorized error: Full authentication is required to access this resource
2023-06-13 14:18:42,185 [http-nio-8088-exec-3] INFO  com.moviebookingapp.tools.JwtUtils Start - validateToken
2023-06-13 14:18:42,190 [http-nio-8088-exec-3] INFO  com.moviebookingapp.tools.JwtUtils End - validateToken
2023-06-13 14:18:42,200 [http-nio-8088-exec-3] INFO  c.m.tools.AuthTokenFilter authenticated user: joel, now setting appropriate security context.
2023-06-13 14:18:42,237 [http-nio-8088-exec-3] INFO  c.m.contollers.BookingController Start - updateTicketStatus
2023-06-13 14:18:42,238 [http-nio-8088-exec-3] INFO  c.m.contollers.BookingController find ticket by movie name.
2023-06-13 14:18:42,513 [http-nio-8088-exec-3] INFO  c.m.contollers.BookingController End - updateTicketStatus
2023-06-13 14:18:42,996 [org.springframework.kafka.KafkaListenerEndpointContainer#1-0-C-1] INFO  c.m.kafka.consumer.MessageConsumer Received message from ticket_status_for_movie_topic: BOOK ASAP
2023-06-13 15:05:38,069 [http-nio-8088-exec-8] WARN  c.m.tools.AuthTokenFilter MARKER, The token has expired, JWT expired at 2023-06-13T12:47:06Z. Current time: 2023-06-13T13:05:38Z, a difference of 1112059 milliseconds.  Allowed clock skew: 0 milliseconds.
2023-06-13 15:05:38,097 [http-nio-8088-exec-8] ERROR c.m.tools.AuthEntryPointJwt Unauthorized error: Full authentication is required to access this resource
2023-06-13 15:06:01,993 [http-nio-8088-exec-1] WARN  c.m.tools.AuthTokenFilter MARKER, Couldn't find bearer string, header will be ignored
2023-06-13 15:06:02,288 [http-nio-8088-exec-1] INFO  com.moviebookingapp.tools.JwtUtils Start - generateToken
2023-06-13 15:06:02,293 [http-nio-8088-exec-1] INFO  com.moviebookingapp.tools.JwtUtils End - generateToken
2023-06-13 15:06:02,298 [http-nio-8088-exec-1] INFO  com.moviebookingapp.tools.JwtUtils Generating cookie
2023-06-13 15:06:02,299 [http-nio-8088-exec-1] INFO  com.moviebookingapp.tools.JwtUtils Generating refresh cookie
2023-06-13 15:06:02,299 [http-nio-8088-exec-1] INFO  c.m.contollers.BookingController Sign in user
2023-06-13 15:17:28,389 [restartedMain] INFO  c.m.MoviebookingApplication Starting MoviebookingApplication using Java 18.0.1.1 with PID 36596 (C:\Users\2050610\OneDrive - Cognizant\Desktop\MovieBooking\moviebookingapp\target\classes started by 2050610 in C:\Users\2050610\OneDrive - Cognizant\Desktop\MovieBooking\moviebookingapp)
2023-06-13 15:17:28,392 [restartedMain] DEBUG c.m.MoviebookingApplication Running with Spring Boot v3.1.0, Spring v6.0.9
2023-06-13 15:17:28,393 [restartedMain] INFO  c.m.MoviebookingApplication No active profile set, falling back to 1 default profile: "default"
2023-06-13 15:17:41,061 [restartedMain] DEBUG c.m.tools.AuthTokenFilter Filter 'authTokenFilter' configured for use
2023-06-13 15:17:49,413 [restartedMain] INFO  c.m.MoviebookingApplication Started MoviebookingApplication in 22.731 seconds (process running for 26.091)
2023-06-13 15:20:59,182 [http-nio-8088-exec-1] WARN  c.m.tools.AuthTokenFilter MARKER, Couldn't find bearer string, header will be ignored
2023-06-13 15:20:59,772 [http-nio-8088-exec-1] INFO  com.moviebookingapp.tools.JwtUtils Start - generateToken
2023-06-13 15:20:59,773 [http-nio-8088-exec-1] INFO  com.moviebookingapp.tools.JwtUtils End - generateToken
2023-06-13 15:20:59,812 [http-nio-8088-exec-1] INFO  com.moviebookingapp.tools.JwtUtils Generating cookie
2023-06-13 15:20:59,814 [http-nio-8088-exec-1] INFO  com.moviebookingapp.tools.JwtUtils Generating refresh cookie
2023-06-13 15:20:59,814 [http-nio-8088-exec-1] INFO  c.m.contollers.BookingController Sign in user
2023-06-13 15:22:13,139 [http-nio-8088-exec-6] INFO  com.moviebookingapp.tools.JwtUtils Start - validateToken
2023-06-13 15:22:13,142 [http-nio-8088-exec-6] INFO  com.moviebookingapp.tools.JwtUtils End - validateToken
2023-06-13 15:22:13,146 [http-nio-8088-exec-6] INFO  c.m.tools.AuthTokenFilter authenticated user: joel, now setting appropriate security context.
2023-06-13 15:22:13,171 [http-nio-8088-exec-6] INFO  c.m.contollers.BookingController Start - updateTicketStatus
2023-06-13 15:22:13,172 [http-nio-8088-exec-6] INFO  c.m.contollers.BookingController find ticket by movie name.
2023-06-13 15:22:13,318 [http-nio-8088-exec-6] INFO  c.m.contollers.BookingController End - updateTicketStatus
2023-06-13 15:22:13,412 [org.springframework.kafka.KafkaListenerEndpointContainer#0-0-C-1] INFO  c.m.kafka.consumer.MessageConsumer Received message from ticket_status_for_movie_topic: BOOK ASAP
2023-06-13 15:35:39,700 [http-nio-8088-exec-4] INFO  com.moviebookingapp.tools.JwtUtils Start - validateToken
2023-06-13 15:35:39,708 [http-nio-8088-exec-4] INFO  com.moviebookingapp.tools.JwtUtils End - validateToken
2023-06-13 15:35:39,713 [http-nio-8088-exec-4] INFO  c.m.tools.AuthTokenFilter authenticated user: joel, now setting appropriate security context.
2023-06-13 15:35:39,741 [http-nio-8088-exec-4] INFO  c.m.contollers.BookingController Start - updateTicketStatus
2023-06-13 15:35:39,743 [http-nio-8088-exec-4] INFO  c.m.contollers.BookingController find ticket by movie name.
2023-06-13 15:35:39,781 [http-nio-8088-exec-4] INFO  c.m.contollers.BookingController End - updateTicketStatus
2023-06-13 15:35:39,827 [org.springframework.kafka.KafkaListenerEndpointContainer#0-0-C-1] INFO  c.m.kafka.consumer.MessageConsumer Received message from ticket_status_for_movie_topic: BOOK ASAP
2023-06-13 15:39:14,186 [http-nio-8088-exec-2] INFO  com.moviebookingapp.tools.JwtUtils Start - validateToken
2023-06-13 15:39:14,191 [http-nio-8088-exec-2] INFO  com.moviebookingapp.tools.JwtUtils End - validateToken
2023-06-13 15:39:14,198 [http-nio-8088-exec-2] INFO  c.m.tools.AuthTokenFilter authenticated user: joel, now setting appropriate security context.
2023-06-13 15:39:14,205 [http-nio-8088-exec-2] INFO  c.m.contollers.BookingController Start - updateTicketStatus
2023-06-13 15:39:14,206 [http-nio-8088-exec-2] INFO  c.m.contollers.BookingController find ticket by movie name.
2023-06-13 15:39:14,226 [http-nio-8088-exec-2] INFO  c.m.contollers.BookingController End - updateTicketStatus
2023-06-13 15:39:14,239 [org.springframework.kafka.KafkaListenerEndpointContainer#0-0-C-1] INFO  c.m.kafka.consumer.MessageConsumer Received message from ticket_status_for_movie_topic: BOOK ASAP
2023-06-13 15:39:17,889 [http-nio-8088-exec-1] WARN  c.m.tools.AuthTokenFilter MARKER, The token has expired, JWT expired at 2023-06-13T11:18:29Z. Current time: 2023-06-13T13:39:17Z, a difference of 8448881 milliseconds.  Allowed clock skew: 0 milliseconds.
2023-06-13 15:39:17,902 [http-nio-8088-exec-1] ERROR c.m.tools.AuthEntryPointJwt Unauthorized error: Full authentication is required to access this resource
2023-06-13 16:02:48,001 [restartedMain] INFO  c.m.MoviebookingApplication Starting MoviebookingApplication using Java 18.0.1.1 with PID 9568 (C:\Users\2050610\OneDrive - Cognizant\Desktop\MovieBooking\moviebookingapp\target\classes started by 2050610 in C:\Users\2050610\OneDrive - Cognizant\Desktop\MovieBooking\moviebookingapp)
2023-06-13 16:02:48,004 [restartedMain] DEBUG c.m.MoviebookingApplication Running with Spring Boot v3.1.0, Spring v6.0.9
2023-06-13 16:02:48,006 [restartedMain] INFO  c.m.MoviebookingApplication No active profile set, falling back to 1 default profile: "default"
2023-06-13 16:03:00,652 [restartedMain] DEBUG c.m.tools.AuthTokenFilter Filter 'authTokenFilter' configured for use
2023-06-13 16:03:09,085 [restartedMain] INFO  c.m.MoviebookingApplication Started MoviebookingApplication in 22.923 seconds (process running for 27.402)
2023-06-13 16:05:50,273 [http-nio-8088-exec-1] WARN  c.m.tools.AuthTokenFilter MARKER, Couldn't find bearer string, header will be ignored
2023-06-13 16:05:50,534 [http-nio-8088-exec-2] WARN  c.m.tools.AuthTokenFilter MARKER, Couldn't find bearer string, header will be ignored
2023-06-13 16:05:50,702 [http-nio-8088-exec-5] WARN  c.m.tools.AuthTokenFilter MARKER, Couldn't find bearer string, header will be ignored
2023-06-13 16:05:50,703 [http-nio-8088-exec-8] WARN  c.m.tools.AuthTokenFilter MARKER, Couldn't find bearer string, header will be ignored
2023-06-13 16:05:50,704 [http-nio-8088-exec-6] WARN  c.m.tools.AuthTokenFilter MARKER, Couldn't find bearer string, header will be ignored
2023-06-13 16:05:50,706 [http-nio-8088-exec-7] WARN  c.m.tools.AuthTokenFilter MARKER, Couldn't find bearer string, header will be ignored
2023-06-13 16:05:50,710 [http-nio-8088-exec-9] WARN  c.m.tools.AuthTokenFilter MARKER, Couldn't find bearer string, header will be ignored
2023-06-13 16:05:51,420 [http-nio-8088-exec-10] WARN  c.m.tools.AuthTokenFilter MARKER, Couldn't find bearer string, header will be ignored
2023-06-13 16:05:51,421 [http-nio-8088-exec-4] WARN  c.m.tools.AuthTokenFilter MARKER, Couldn't find bearer string, header will be ignored
2023-06-13 16:05:51,543 [http-nio-8088-exec-3] WARN  c.m.tools.AuthTokenFilter MARKER, Couldn't find bearer string, header will be ignored
2023-06-13 16:11:43,472 [http-nio-8088-exec-9] WARN  c.m.tools.AuthTokenFilter MARKER, Couldn't find bearer string, header will be ignored
2023-06-13 16:11:43,782 [http-nio-8088-exec-7] WARN  c.m.tools.AuthTokenFilter MARKER, Couldn't find bearer string, header will be ignored
2023-06-13 16:11:43,793 [http-nio-8088-exec-7] ERROR c.m.tools.AuthEntryPointJwt Unauthorized error: Full authentication is required to access this resource
2023-06-13 16:11:55,539 [http-nio-8088-exec-2] WARN  c.m.tools.AuthTokenFilter MARKER, Couldn't find bearer string, header will be ignored
2023-06-13 16:11:59,316 [http-nio-8088-exec-8] WARN  c.m.tools.AuthTokenFilter MARKER, Couldn't find bearer string, header will be ignored
2023-06-13 16:11:59,330 [http-nio-8088-exec-8] ERROR c.m.tools.AuthEntryPointJwt Unauthorized error: Full authentication is required to access this resource
2023-06-13 16:25:13,630 [restartedMain] INFO  c.m.MoviebookingApplication Starting MoviebookingApplication using Java 18.0.1.1 with PID 33752 (C:\Users\2050610\OneDrive - Cognizant\Desktop\MovieBooking\moviebookingapp\target\classes started by 2050610 in C:\Users\2050610\OneDrive - Cognizant\Desktop\MovieBooking\moviebookingapp)
2023-06-13 16:25:13,634 [restartedMain] DEBUG c.m.MoviebookingApplication Running with Spring Boot v3.1.0, Spring v6.0.9
2023-06-13 16:25:13,636 [restartedMain] INFO  c.m.MoviebookingApplication No active profile set, falling back to 1 default profile: "default"
2023-06-13 16:27:45,696 [restartedMain] INFO  c.m.MoviebookingApplication Starting MoviebookingApplication using Java 18.0.1.1 with PID 40808 (C:\Users\2050610\OneDrive - Cognizant\Desktop\MovieBooking\moviebookingapp\target\classes started by 2050610 in C:\Users\2050610\OneDrive - Cognizant\Desktop\MovieBooking\moviebookingapp)
2023-06-13 16:27:45,701 [restartedMain] DEBUG c.m.MoviebookingApplication Running with Spring Boot v3.1.0, Spring v6.0.9
2023-06-13 16:27:45,704 [restartedMain] INFO  c.m.MoviebookingApplication No active profile set, falling back to 1 default profile: "default"
2023-06-13 16:27:58,458 [restartedMain] DEBUG c.m.tools.AuthTokenFilter Filter 'authTokenFilter' configured for use
2023-06-13 16:28:05,352 [restartedMain] INFO  c.m.MoviebookingApplication Started MoviebookingApplication in 21.214 seconds (process running for 25.266)
2023-06-13 16:31:25,786 [http-nio-8088-exec-1] WARN  c.m.tools.AuthTokenFilter MARKER, Couldn't find bearer string, header will be ignored
2023-06-13 16:31:30,597 [http-nio-8088-exec-4] WARN  c.m.tools.AuthTokenFilter MARKER, Couldn't find bearer string, header will be ignored
2023-06-13 16:31:30,712 [http-nio-8088-exec-4] ERROR c.m.tools.AuthEntryPointJwt Unauthorized error: Full authentication is required to access this resource
2023-06-13 16:47:09,070 [http-nio-8088-exec-3] WARN  c.m.tools.AuthTokenFilter MARKER, Couldn't find bearer string, header will be ignored
2023-06-13 16:47:09,682 [http-nio-8088-exec-6] WARN  c.m.tools.AuthTokenFilter MARKER, Couldn't find bearer string, header will be ignored
2023-06-13 16:47:09,702 [http-nio-8088-exec-6] ERROR c.m.tools.AuthEntryPointJwt Unauthorized error: Full authentication is required to access this resource
