{"@timestamp":"2023-06-05T13:55:54.6883121+02:00","@version":"1","message":"Starting MoviebookingApplication using Java 18.0.1.1 with PID 23988 (C:\\Users\\2050610\\OneDrive - Cognizant\\Desktop\\MovieBooking\\moviebookingapp\\target\\classes started by 2050610 in C:\\Users\\2050610\\OneDrive - Cognizant\\Desktop\\MovieBooking\\moviebookingapp)","logger_name":"com.moviebookingapp.MoviebookingApplication","thread_name":"restartedMain","level":"INFO","level_value":20000}
{"@timestamp":"2023-06-05T13:55:54.743998+02:00","@version":"1","message":"Running with Spring Boot v3.1.0, Spring v6.0.9","logger_name":"com.moviebookingapp.MoviebookingApplication","thread_name":"restartedMain","level":"DEBUG","level_value":10000}
{"@timestamp":"2023-06-05T13:55:54.7470544+02:00","@version":"1","message":"No active profile set, falling back to 1 default profile: \"default\"","logger_name":"com.moviebookingapp.MoviebookingApplication","thread_name":"restartedMain","level":"INFO","level_value":20000}
{"@timestamp":"2023-06-05T13:56:04.5772313+02:00","@version":"1","message":"Filter 'authTokenFilter' configured for use","logger_name":"com.moviebookingapp.tools.AuthTokenFilter","thread_name":"restartedMain","level":"DEBUG","level_value":10000}
{"@timestamp":"2023-06-05T13:56:48.7958203+02:00","@version":"1","message":"Started MoviebookingApplication in 56.434 seconds (process running for 59.41)","logger_name":"com.moviebookingapp.MoviebookingApplication","thread_name":"restartedMain","level":"INFO","level_value":20000}
{"@timestamp":"2023-06-05T13:57:10.9103383+02:00","@version":"1","message":"Starting MoviebookingApplication using Java 18.0.1.1 with PID 23692 (C:\\Users\\2050610\\OneDrive - Cognizant\\Desktop\\MovieBooking\\moviebookingapp\\target\\classes started by 2050610 in C:\\Users\\2050610\\OneDrive - Cognizant\\Desktop\\MovieBooking\\moviebookingapp)","logger_name":"com.moviebookingapp.MoviebookingApplication","thread_name":"restartedMain","level":"INFO","level_value":20000}
{"@timestamp":"2023-06-05T13:57:10.9250205+02:00","@version":"1","message":"Running with Spring Boot v3.1.0, Spring v6.0.9","logger_name":"com.moviebookingapp.MoviebookingApplication","thread_name":"restartedMain","level":"DEBUG","level_value":10000}
{"@timestamp":"2023-06-05T13:57:10.927338+02:00","@version":"1","message":"No active profile set, falling back to 1 default profile: \"default\"","logger_name":"com.moviebookingapp.MoviebookingApplication","thread_name":"restartedMain","level":"INFO","level_value":20000}
{"@timestamp":"2023-06-05T13:57:16.3822272+02:00","@version":"1","message":"Filter 'authTokenFilter' configured for use","logger_name":"com.moviebookingapp.tools.AuthTokenFilter","thread_name":"restartedMain","level":"DEBUG","level_value":10000}
{"@timestamp":"2023-06-05T13:57:59.5814665+02:00","@version":"1","message":"Started MoviebookingApplication in 49.643 seconds (process running for 51.095)","logger_name":"com.moviebookingapp.MoviebookingApplication","thread_name":"restartedMain","level":"INFO","level_value":20000}
{"@timestamp":"2023-06-05T14:01:43.9491001+02:00","@version":"1","message":"MARKER, Couldn't find bearer string, header will be ignored","logger_name":"com.moviebookingapp.tools.AuthTokenFilter","thread_name":"http-nio-8088-exec-4","level":"WARN","level_value":30000}
{"@timestamp":"2023-06-05T14:01:48.9632813+02:00","@version":"1","message":"Start - generateToken","logger_name":"com.moviebookingapp.tools.JwtUtils","thread_name":"http-nio-8088-exec-4","level":"INFO","level_value":20000,"tags":["com.moviebookingapp.tools.JwtUtils"]}
{"@timestamp":"2023-06-05T14:01:48.9670383+02:00","@version":"1","message":"End - generateToken","logger_name":"com.moviebookingapp.tools.JwtUtils","thread_name":"http-nio-8088-exec-4","level":"INFO","level_value":20000,"tags":["com.moviebookingapp.tools.JwtUtils"]}
{"@timestamp":"2023-06-05T14:01:49.0491265+02:00","@version":"1","message":"Generating cookie","logger_name":"com.moviebookingapp.tools.JwtUtils","thread_name":"http-nio-8088-exec-4","level":"INFO","level_value":20000,"tags":["com.moviebookingapp.tools.JwtUtils"]}
{"@timestamp":"2023-06-05T14:01:49.0548748+02:00","@version":"1","message":"Generating refresh cookie","logger_name":"com.moviebookingapp.tools.JwtUtils","thread_name":"http-nio-8088-exec-4","level":"INFO","level_value":20000,"tags":["com.moviebookingapp.tools.JwtUtils"]}
{"@timestamp":"2023-06-05T14:01:49.0553752+02:00","@version":"1","message":"Sign in user","logger_name":"com.moviebookingapp.contollers.BookingController","thread_name":"http-nio-8088-exec-4","level":"INFO","level_value":20000,"tags":["com.moviebookingapp.contollers.BookingController"]}
{"@timestamp":"2023-06-05T17:35:04.4630837+02:00","@version":"1","message":"Starting MoviebookingApplication using Java 18.0.1.1 with PID 21960 (C:\\Users\\2050610\\OneDrive - Cognizant\\Desktop\\MovieBooking\\moviebookingapp\\target\\classes started by 2050610 in C:\\Users\\2050610\\OneDrive - Cognizant\\Desktop\\MovieBooking\\moviebookingapp)","logger_name":"com.moviebookingapp.MoviebookingApplication","thread_name":"restartedMain","level":"INFO","level_value":20000}
{"@timestamp":"2023-06-05T17:35:04.4853336+02:00","@version":"1","message":"Running with Spring Boot v3.1.0, Spring v6.0.9","logger_name":"com.moviebookingapp.MoviebookingApplication","thread_name":"restartedMain","level":"DEBUG","level_value":10000}
{"@timestamp":"2023-06-05T17:35:04.4868183+02:00","@version":"1","message":"No active profile set, falling back to 1 default profile: \"default\"","logger_name":"com.moviebookingapp.MoviebookingApplication","thread_name":"restartedMain","level":"INFO","level_value":20000}
{"@timestamp":"2023-06-05T17:35:12.2093773+02:00","@version":"1","message":"Filter 'authTokenFilter' configured for use","logger_name":"com.moviebookingapp.tools.AuthTokenFilter","thread_name":"restartedMain","level":"DEBUG","level_value":10000}
{"@timestamp":"2023-06-05T17:35:16.7428942+02:00","@version":"1","message":"Started MoviebookingApplication in 14.15 seconds (process running for 17.029)","logger_name":"com.moviebookingapp.MoviebookingApplication","thread_name":"restartedMain","level":"INFO","level_value":20000}
