2023-06-22 10:28:52,616 [main] INFO  c.m.c.BookingControllerIntegrationTest Starting BookingControllerIntegrationTest using Java 18.0.1.1 with PID 11072 (started by 2050610 in C:\Users\2050610\OneDrive - Cognizant\Desktop\MovieBooking\moviebookingapp)
2023-06-22 10:28:52,640 [main] DEBUG c.m.c.BookingControllerIntegrationTest Running with Spring Boot v3.1.0, Spring v6.0.9
2023-06-22 10:28:52,642 [main] INFO  c.m.c.BookingControllerIntegrationTest No active profile set, falling back to 1 default profile: "default"
2023-06-22 10:29:15,483 [main] INFO  c.m.c.BookingControllerIntegrationTest Started BookingControllerIntegrationTest in 24.555 seconds (process running for 31.698)
2023-06-22 10:29:15,853 [main] INFO  c.m.contollers.BookingController Start - viewAllMoviesPerPage
2023-06-22 10:29:21,127 [main] INFO  c.m.contollers.BookingController Start - deleteMovie
2023-06-22 10:29:26,974 [main] ERROR c.m.tools.AuthEntryPointJwt Unauthorized error: Bad Credentials
2023-06-22 10:29:27,189 [main] INFO  c.m.contollers.BookingController Sign in user
2023-06-22 10:29:27,586 [main] INFO  c.m.contollers.BookingController New user registered successfully!
2023-06-22 10:29:27,911 [main] INFO  c.m.contollers.BookingController Sign in user
2023-06-22 10:29:27,912 [main] ERROR c.m.contollers.BookingController User logged in with refresh token
2023-06-22 10:29:27,914 [main] INFO  c.m.contollers.BookingController Sign in user
2023-06-22 10:29:27,980 [main] INFO  c.m.contollers.BookingController Start - updateTicketStatus
2023-06-22 10:29:27,981 [main] INFO  c.m.contollers.BookingController find ticket by movie name.
2023-06-22 10:29:33,018 [main] INFO  c.m.contollers.BookingController Start - viewAllMovies
2023-06-22 10:29:38,037 [main] INFO  c.m.contollers.BookingController Start - findCountOfTicketsForMovie
2023-06-22 10:29:43,047 [main] INFO  c.m.contollers.BookingController Start - findMovie
2023-06-22 10:29:48,070 [main] INFO  c.m.contollers.BookingController Start - bookTicket
2023-06-22 11:37:43,244 [restartedMain] INFO  c.m.MoviebookingApplication Starting MoviebookingApplication using Java 18.0.1.1 with PID 19252 (C:\Users\2050610\OneDrive - Cognizant\Desktop\MovieBooking\moviebookingapp\target\classes started by 2050610 in C:\Users\2050610\OneDrive - Cognizant\Desktop\MovieBooking\moviebookingapp)
2023-06-22 11:37:43,245 [restartedMain] DEBUG c.m.MoviebookingApplication Running with Spring Boot v3.1.0, Spring v6.0.9
2023-06-22 11:37:43,247 [restartedMain] INFO  c.m.MoviebookingApplication No active profile set, falling back to 1 default profile: "default"
2023-06-22 11:37:52,347 [restartedMain] DEBUG c.m.tools.AuthTokenFilter Filter 'authTokenFilter' configured for use
2023-06-22 11:37:57,645 [restartedMain] INFO  c.m.MoviebookingApplication Started MoviebookingApplication in 15.972 seconds (process running for 19.082)
2023-06-22 12:10:54,929 [http-nio-8088-exec-4] ERROR c.m.tools.AuthEntryPointJwt Unauthorized error: Timed out after 5000 ms while waiting to connect. Client view of cluster state is {type=UNKNOWN, servers=[{address=localhost:27017, type=UNKNOWN, state=CONNECTING, exception={com.mongodb.MongoSocketReadException: Prematurely reached end of stream}}]
2023-06-22 12:11:09,649 [http-nio-8088-exec-1] ERROR c.m.tools.AuthEntryPointJwt Unauthorized error: Timed out after 5000 ms while waiting to connect. Client view of cluster state is {type=UNKNOWN, servers=[{address=localhost:27017, type=UNKNOWN, state=CONNECTING, exception={com.mongodb.MongoSocketReadException: Prematurely reached end of stream}}]
2023-06-22 12:15:26,877 [http-nio-8088-exec-7] INFO  com.moviebookingapp.tools.JwtUtils Start - generateToken
2023-06-22 12:15:26,880 [http-nio-8088-exec-7] INFO  com.moviebookingapp.tools.JwtUtils End - generateToken
2023-06-22 12:15:26,954 [http-nio-8088-exec-7] INFO  com.moviebookingapp.tools.JwtUtils Generating cookie
2023-06-22 12:15:26,961 [http-nio-8088-exec-7] INFO  com.moviebookingapp.tools.JwtUtils Generating refresh cookie
2023-06-22 12:15:26,962 [http-nio-8088-exec-7] INFO  c.m.contollers.BookingController Sign in user
2023-06-22 12:15:42,436 [http-nio-8088-exec-5] WARN  c.m.tools.AuthTokenFilter MARKER, The token has expired, JWT expired at 2023-06-20T13:06:19Z. Current time: 2023-06-22T10:15:42Z, a difference of 162563432 milliseconds.  Allowed clock skew: 0 milliseconds.
2023-06-22 12:15:42,443 [http-nio-8088-exec-5] ERROR c.m.tools.AuthEntryPointJwt Unauthorized error: Full authentication is required to access this resource
2023-06-22 12:15:49,317 [http-nio-8088-exec-3] INFO  com.moviebookingapp.tools.JwtUtils Start - validateToken
2023-06-22 12:15:49,322 [http-nio-8088-exec-3] INFO  com.moviebookingapp.tools.JwtUtils End - validateToken
2023-06-22 12:15:49,329 [http-nio-8088-exec-3] INFO  c.m.tools.AuthTokenFilter authenticated user: joel, now setting appropriate security context.
2023-06-22 12:15:49,332 [http-nio-8088-exec-3] INFO  c.m.contollers.BookingController Start - viewAllMovies
2023-06-22 12:15:49,341 [http-nio-8088-exec-3] TRACE c.m.contollers.BookingController End - viewAllMovies
2023-06-22 12:15:54,719 [http-nio-8088-exec-10] ERROR c.m.tools.AuthEntryPointJwt Unauthorized error: Full authentication is required to access this resource
2023-06-22 12:15:58,790 [http-nio-8088-exec-6] ERROR c.m.tools.AuthEntryPointJwt Unauthorized error: Full authentication is required to access this resource
2023-06-22 12:16:01,093 [http-nio-8088-exec-2] ERROR c.m.tools.AuthEntryPointJwt Unauthorized error: Full authentication is required to access this resource
2023-06-22 14:51:54,289 [http-nio-8088-exec-6] ERROR c.m.tools.AuthEntryPointJwt Unauthorized error: Bad credentials
2023-06-22 14:51:58,449 [http-nio-8088-exec-4] ERROR c.m.tools.AuthEntryPointJwt Unauthorized error: Bad credentials
2023-06-22 14:52:50,791 [http-nio-8088-exec-1] ERROR c.m.tools.AuthEntryPointJwt Unauthorized error: Bad credentials
2023-06-22 14:52:56,112 [http-nio-8088-exec-8] ERROR c.m.tools.AuthEntryPointJwt Unauthorized error: Bad credentials
2023-06-22 14:53:10,594 [http-nio-8088-exec-7] ERROR c.m.tools.AuthEntryPointJwt Unauthorized error: Bad credentials
2023-06-22 14:53:13,810 [http-nio-8088-exec-2] ERROR c.m.tools.AuthEntryPointJwt Unauthorized error: Bad credentials
2023-06-22 14:53:21,692 [http-nio-8088-exec-1] ERROR c.m.tools.AuthEntryPointJwt Unauthorized error: Full authentication is required to access this resource
2023-06-22 14:53:37,653 [http-nio-8088-exec-10] ERROR c.m.tools.AuthEntryPointJwt Unauthorized error: Full authentication is required to access this resource
2023-06-22 14:53:41,049 [http-nio-8088-exec-7] ERROR c.m.tools.AuthEntryPointJwt Unauthorized error: Full authentication is required to access this resource
2023-06-22 14:56:12,003 [restartedMain] INFO  c.m.MoviebookingApplication Starting MoviebookingApplication using Java 18.0.1.1 with PID 23920 (C:\Users\2050610\OneDrive - Cognizant\Desktop\MovieBooking\moviebookingapp\target\classes started by 2050610 in C:\Users\2050610\OneDrive - Cognizant\Desktop\MovieBooking\moviebookingapp)
2023-06-22 14:56:12,007 [restartedMain] DEBUG c.m.MoviebookingApplication Running with Spring Boot v3.1.0, Spring v6.0.9
2023-06-22 14:56:12,009 [restartedMain] INFO  c.m.MoviebookingApplication No active profile set, falling back to 1 default profile: "default"
2023-06-22 14:56:24,576 [restartedMain] DEBUG c.m.tools.AuthTokenFilter Filter 'authTokenFilter' configured for use
2023-06-22 14:56:30,077 [restartedMain] INFO  c.m.MoviebookingApplication Started MoviebookingApplication in 19.87 seconds (process running for 24.161)
2023-06-22 14:57:38,904 [http-nio-8088-exec-1] ERROR c.m.tools.AuthEntryPointJwt Unauthorized error: Full authentication is required to access this resource
2023-06-22 14:58:16,476 [http-nio-8088-exec-3] ERROR c.m.tools.AuthEntryPointJwt Unauthorized error: Full authentication is required to access this resource
2023-06-22 14:58:17,953 [http-nio-8088-exec-1] ERROR c.m.tools.AuthEntryPointJwt Unauthorized error: Full authentication is required to access this resource
2023-06-22 14:59:02,443 [http-nio-8088-exec-1] ERROR c.m.tools.AuthEntryPointJwt Unauthorized error: Full authentication is required to access this resource
2023-06-22 14:59:04,393 [http-nio-8088-exec-4] ERROR c.m.tools.AuthEntryPointJwt Unauthorized error: Full authentication is required to access this resource
2023-06-22 14:59:07,445 [http-nio-8088-exec-8] ERROR c.m.tools.AuthEntryPointJwt Unauthorized error: Full authentication is required to access this resource
2023-06-22 14:59:09,454 [http-nio-8088-exec-6] ERROR c.m.tools.AuthEntryPointJwt Unauthorized error: Full authentication is required to access this resource
2023-06-22 14:59:11,105 [http-nio-8088-exec-7] ERROR c.m.tools.AuthEntryPointJwt Unauthorized error: Full authentication is required to access this resource
2023-06-22 14:59:12,854 [http-nio-8088-exec-10] ERROR c.m.tools.AuthEntryPointJwt Unauthorized error: Full authentication is required to access this resource
2023-06-22 14:59:14,135 [http-nio-8088-exec-3] ERROR c.m.tools.AuthEntryPointJwt Unauthorized error: Full authentication is required to access this resource
2023-06-22 14:59:15,775 [http-nio-8088-exec-1] ERROR c.m.tools.AuthEntryPointJwt Unauthorized error: Full authentication is required to access this resource
2023-06-22 14:59:17,246 [http-nio-8088-exec-2] ERROR c.m.tools.AuthEntryPointJwt Unauthorized error: Full authentication is required to access this resource
2023-06-22 14:59:18,665 [http-nio-8088-exec-4] ERROR c.m.tools.AuthEntryPointJwt Unauthorized error: Full authentication is required to access this resource
2023-06-22 14:59:19,911 [http-nio-8088-exec-8] ERROR c.m.tools.AuthEntryPointJwt Unauthorized error: Full authentication is required to access this resource
2023-06-22 14:59:25,862 [http-nio-8088-exec-5] ERROR c.m.tools.AuthEntryPointJwt Unauthorized error: Full authentication is required to access this resource
2023-06-22 14:59:27,735 [http-nio-8088-exec-9] ERROR c.m.tools.AuthEntryPointJwt Unauthorized error: Full authentication is required to access this resource
2023-06-22 14:59:29,103 [http-nio-8088-exec-6] ERROR c.m.tools.AuthEntryPointJwt Unauthorized error: Full authentication is required to access this resource
2023-06-22 14:59:30,777 [http-nio-8088-exec-7] ERROR c.m.tools.AuthEntryPointJwt Unauthorized error: Full authentication is required to access this resource
2023-06-22 14:59:32,275 [http-nio-8088-exec-10] ERROR c.m.tools.AuthEntryPointJwt Unauthorized error: Full authentication is required to access this resource
2023-06-22 14:59:33,593 [http-nio-8088-exec-3] ERROR c.m.tools.AuthEntryPointJwt Unauthorized error: Full authentication is required to access this resource
2023-06-22 14:59:34,929 [http-nio-8088-exec-1] ERROR c.m.tools.AuthEntryPointJwt Unauthorized error: Full authentication is required to access this resource
2023-06-22 14:59:36,134 [http-nio-8088-exec-2] ERROR c.m.tools.AuthEntryPointJwt Unauthorized error: Full authentication is required to access this resource
2023-06-22 14:59:37,386 [http-nio-8088-exec-4] ERROR c.m.tools.AuthEntryPointJwt Unauthorized error: Full authentication is required to access this resource
2023-06-22 14:59:38,551 [http-nio-8088-exec-8] ERROR c.m.tools.AuthEntryPointJwt Unauthorized error: Full authentication is required to access this resource
2023-06-22 14:59:39,700 [http-nio-8088-exec-5] ERROR c.m.tools.AuthEntryPointJwt Unauthorized error: Full authentication is required to access this resource
2023-06-22 14:59:41,061 [http-nio-8088-exec-9] ERROR c.m.tools.AuthEntryPointJwt Unauthorized error: Full authentication is required to access this resource
2023-06-22 14:59:42,489 [http-nio-8088-exec-6] ERROR c.m.tools.AuthEntryPointJwt Unauthorized error: Full authentication is required to access this resource
2023-06-22 14:59:44,054 [http-nio-8088-exec-7] ERROR c.m.tools.AuthEntryPointJwt Unauthorized error: Full authentication is required to access this resource
2023-06-22 14:59:45,459 [http-nio-8088-exec-10] ERROR c.m.tools.AuthEntryPointJwt Unauthorized error: Full authentication is required to access this resource
2023-06-22 14:59:46,963 [http-nio-8088-exec-3] ERROR c.m.tools.AuthEntryPointJwt Unauthorized error: Full authentication is required to access this resource
2023-06-22 14:59:49,104 [http-nio-8088-exec-1] ERROR c.m.tools.AuthEntryPointJwt Unauthorized error: Full authentication is required to access this resource
2023-06-22 14:59:50,605 [http-nio-8088-exec-4] ERROR c.m.tools.AuthEntryPointJwt Unauthorized error: Full authentication is required to access this resource
2023-06-22 14:59:52,119 [http-nio-8088-exec-8] ERROR c.m.tools.AuthEntryPointJwt Unauthorized error: Full authentication is required to access this resource
2023-06-22 14:59:53,557 [http-nio-8088-exec-5] ERROR c.m.tools.AuthEntryPointJwt Unauthorized error: Full authentication is required to access this resource
2023-06-22 14:59:54,970 [http-nio-8088-exec-6] ERROR c.m.tools.AuthEntryPointJwt Unauthorized error: Full authentication is required to access this resource
2023-06-22 14:59:56,421 [http-nio-8088-exec-7] ERROR c.m.tools.AuthEntryPointJwt Unauthorized error: Full authentication is required to access this resource
2023-06-22 14:59:57,741 [http-nio-8088-exec-10] ERROR c.m.tools.AuthEntryPointJwt Unauthorized error: Full authentication is required to access this resource
2023-06-22 14:59:59,353 [http-nio-8088-exec-1] ERROR c.m.tools.AuthEntryPointJwt Unauthorized error: Full authentication is required to access this resource
2023-06-22 15:00:00,660 [http-nio-8088-exec-2] ERROR c.m.tools.AuthEntryPointJwt Unauthorized error: Full authentication is required to access this resource
2023-06-22 15:00:02,157 [http-nio-8088-exec-4] ERROR c.m.tools.AuthEntryPointJwt Unauthorized error: Full authentication is required to access this resource
2023-06-22 15:00:04,299 [http-nio-8088-exec-5] ERROR c.m.tools.AuthEntryPointJwt Unauthorized error: Full authentication is required to access this resource
2023-06-22 15:00:09,774 [http-nio-8088-exec-9] ERROR c.m.tools.AuthEntryPointJwt Unauthorized error: Bad credentials
2023-06-22 15:00:16,565 [http-nio-8088-exec-10] ERROR c.m.tools.AuthEntryPointJwt Unauthorized error: Bad credentials
2023-06-22 15:00:20,670 [http-nio-8088-exec-3] ERROR c.m.tools.AuthEntryPointJwt Unauthorized error: Full authentication is required to access this resource
2023-06-22 15:00:34,445 [http-nio-8088-exec-5] ERROR c.m.tools.AuthEntryPointJwt Unauthorized error: Full authentication is required to access this resource
2023-06-22 15:00:37,878 [http-nio-8088-exec-6] ERROR c.m.tools.AuthEntryPointJwt Unauthorized error: Bad credentials
2023-06-22 15:00:45,772 [http-nio-8088-exec-10] WARN  c.m.tools.AuthTokenFilter MARKER, The token has expired, JWT expired at 2023-06-22T10:45:26Z. Current time: 2023-06-22T13:00:45Z, a difference of 8119769 milliseconds.  Allowed clock skew: 0 milliseconds.
2023-06-22 15:00:45,775 [http-nio-8088-exec-10] ERROR c.m.tools.AuthEntryPointJwt Unauthorized error: Full authentication is required to access this resource
2023-06-22 15:00:53,154 [http-nio-8088-exec-3] ERROR c.m.tools.AuthEntryPointJwt Unauthorized error: Full authentication is required to access this resource
2023-06-22 15:02:37,465 [http-nio-8088-exec-5] ERROR c.m.tools.AuthEntryPointJwt Unauthorized error: Full authentication is required to access this resource
2023-06-22 15:03:37,525 [http-nio-8088-exec-7] ERROR c.m.tools.AuthEntryPointJwt Unauthorized error: Full authentication is required to access this resource
2023-06-22 15:03:41,367 [http-nio-8088-exec-1] ERROR c.m.tools.AuthEntryPointJwt Unauthorized error: Bad credentials
2023-06-22 15:03:45,064 [http-nio-8088-exec-2] ERROR c.m.tools.AuthEntryPointJwt Unauthorized error: Full authentication is required to access this resource
2023-06-22 15:04:09,957 [restartedMain] INFO  c.m.MoviebookingApplication Starting MoviebookingApplication using Java 18.0.1.1 with PID 25040 (C:\Users\2050610\OneDrive - Cognizant\Desktop\MovieBooking\moviebookingapp\target\classes started by 2050610 in C:\Users\2050610\OneDrive - Cognizant\Desktop\MovieBooking\moviebookingapp)
2023-06-22 15:04:09,959 [restartedMain] DEBUG c.m.MoviebookingApplication Running with Spring Boot v3.1.0, Spring v6.0.9
2023-06-22 15:04:09,962 [restartedMain] INFO  c.m.MoviebookingApplication No active profile set, falling back to 1 default profile: "default"
2023-06-22 15:04:17,683 [restartedMain] DEBUG c.m.tools.AuthTokenFilter Filter 'authTokenFilter' configured for use
2023-06-22 15:04:21,606 [restartedMain] INFO  c.m.MoviebookingApplication Started MoviebookingApplication in 12.77 seconds (process running for 15.094)
2023-06-22 15:04:43,717 [http-nio-8088-exec-6] ERROR c.m.tools.AuthEntryPointJwt Unauthorized error: Full authentication is required to access this resource
2023-06-22 15:05:58,930 [http-nio-8088-exec-2] ERROR c.m.tools.AuthEntryPointJwt Unauthorized error: Full authentication is required to access this resource
2023-06-22 15:08:33,188 [http-nio-8088-exec-6] ERROR c.m.tools.AuthEntryPointJwt Unauthorized error: Full authentication is required to access this resource
2023-06-22 15:11:36,183 [restartedMain] INFO  c.m.MoviebookingApplication Starting MoviebookingApplication using Java 18.0.1.1 with PID 22744 (C:\Users\2050610\OneDrive - Cognizant\Desktop\MovieBooking\moviebookingapp\target\classes started by 2050610 in C:\Users\2050610\OneDrive - Cognizant\Desktop\MovieBooking\moviebookingapp)
2023-06-22 15:11:36,186 [restartedMain] DEBUG c.m.MoviebookingApplication Running with Spring Boot v3.1.0, Spring v6.0.9
2023-06-22 15:11:36,190 [restartedMain] INFO  c.m.MoviebookingApplication No active profile set, falling back to 1 default profile: "default"
2023-06-22 15:11:42,585 [restartedMain] DEBUG c.m.tools.AuthTokenFilter Filter 'authTokenFilter' configured for use
2023-06-22 15:11:46,468 [restartedMain] INFO  c.m.MoviebookingApplication Started MoviebookingApplication in 11.947 seconds (process running for 15.061)
2023-06-22 15:14:20,227 [http-nio-8088-exec-1] ERROR c.m.tools.AuthEntryPointJwt Unauthorized error: Full authentication is required to access this resource
2023-06-22 15:14:27,828 [http-nio-8088-exec-5] WARN  c.m.tools.AuthTokenFilter MARKER, The token has expired, JWT expired at 2023-06-22T10:45:26Z. Current time: 2023-06-22T13:14:27Z, a difference of 8941825 milliseconds.  Allowed clock skew: 0 milliseconds.
2023-06-22 15:14:27,832 [http-nio-8088-exec-5] ERROR c.m.tools.AuthEntryPointJwt Unauthorized error: Full authentication is required to access this resource
2023-06-22 15:14:30,792 [http-nio-8088-exec-7] ERROR c.m.tools.AuthEntryPointJwt Unauthorized error: Bad credentials
2023-06-22 15:14:37,972 [http-nio-8088-exec-9] ERROR c.m.tools.AuthEntryPointJwt Unauthorized error: Full authentication is required to access this resource
2023-06-22 15:14:45,078 [http-nio-8088-exec-2] ERROR c.m.tools.AuthEntryPointJwt Unauthorized error: Full authentication is required to access this resource
2023-06-22 15:15:39,283 [restartedMain] INFO  c.m.MoviebookingApplication Starting MoviebookingApplication using Java 18.0.1.1 with PID 25372 (C:\Users\2050610\OneDrive - Cognizant\Desktop\MovieBooking\moviebookingapp\target\classes started by 2050610 in C:\Users\2050610\OneDrive - Cognizant\Desktop\MovieBooking\moviebookingapp)
2023-06-22 15:15:39,285 [restartedMain] DEBUG c.m.MoviebookingApplication Running with Spring Boot v3.1.0, Spring v6.0.9
2023-06-22 15:15:39,287 [restartedMain] INFO  c.m.MoviebookingApplication No active profile set, falling back to 1 default profile: "default"
2023-06-22 15:15:44,321 [restartedMain] DEBUG c.m.tools.AuthTokenFilter Filter 'authTokenFilter' configured for use
2023-06-22 15:15:47,354 [restartedMain] INFO  c.m.MoviebookingApplication Started MoviebookingApplication in 8.939 seconds (process running for 10.47)
2023-06-22 15:15:58,747 [http-nio-8088-exec-4] ERROR c.m.tools.AuthEntryPointJwt Unauthorized error: Full authentication is required to access this resource
2023-06-22 15:16:03,545 [http-nio-8088-exec-7] ERROR c.m.tools.AuthEntryPointJwt Unauthorized error: Full authentication is required to access this resource
2023-06-22 15:16:24,490 [http-nio-8088-exec-3] ERROR c.m.tools.AuthEntryPointJwt Unauthorized error: Full authentication is required to access this resource
2023-06-22 15:16:25,193 [http-nio-8088-exec-4] ERROR c.m.tools.AuthEntryPointJwt Unauthorized error: Full authentication is required to access this resource
2023-06-22 15:16:25,896 [http-nio-8088-exec-5] ERROR c.m.tools.AuthEntryPointJwt Unauthorized error: Full authentication is required to access this resource
2023-06-22 15:16:26,236 [http-nio-8088-exec-6] ERROR c.m.tools.AuthEntryPointJwt Unauthorized error: Full authentication is required to access this resource
2023-06-22 15:16:26,345 [http-nio-8088-exec-7] ERROR c.m.tools.AuthEntryPointJwt Unauthorized error: Full authentication is required to access this resource
2023-06-22 15:16:26,733 [http-nio-8088-exec-8] ERROR c.m.tools.AuthEntryPointJwt Unauthorized error: Full authentication is required to access this resource
2023-06-22 15:16:26,851 [http-nio-8088-exec-9] ERROR c.m.tools.AuthEntryPointJwt Unauthorized error: Full authentication is required to access this resource
2023-06-22 15:16:27,091 [http-nio-8088-exec-10] ERROR c.m.tools.AuthEntryPointJwt Unauthorized error: Full authentication is required to access this resource
2023-06-22 15:16:27,295 [http-nio-8088-exec-1] ERROR c.m.tools.AuthEntryPointJwt Unauthorized error: Full authentication is required to access this resource
2023-06-22 15:16:27,498 [http-nio-8088-exec-2] ERROR c.m.tools.AuthEntryPointJwt Unauthorized error: Full authentication is required to access this resource
2023-06-22 15:16:27,723 [http-nio-8088-exec-3] ERROR c.m.tools.AuthEntryPointJwt Unauthorized error: Full authentication is required to access this resource
2023-06-22 15:16:27,940 [http-nio-8088-exec-4] ERROR c.m.tools.AuthEntryPointJwt Unauthorized error: Full authentication is required to access this resource
2023-06-22 15:16:28,157 [http-nio-8088-exec-5] ERROR c.m.tools.AuthEntryPointJwt Unauthorized error: Full authentication is required to access this resource
2023-06-22 15:16:28,345 [http-nio-8088-exec-6] ERROR c.m.tools.AuthEntryPointJwt Unauthorized error: Full authentication is required to access this resource
2023-06-22 15:16:28,546 [http-nio-8088-exec-7] ERROR c.m.tools.AuthEntryPointJwt Unauthorized error: Full authentication is required to access this resource
2023-06-22 15:16:28,756 [http-nio-8088-exec-8] ERROR c.m.tools.AuthEntryPointJwt Unauthorized error: Full authentication is required to access this resource
2023-06-22 15:16:28,966 [http-nio-8088-exec-9] ERROR c.m.tools.AuthEntryPointJwt Unauthorized error: Full authentication is required to access this resource
2023-06-22 15:16:29,185 [http-nio-8088-exec-10] ERROR c.m.tools.AuthEntryPointJwt Unauthorized error: Full authentication is required to access this resource
2023-06-22 15:16:29,391 [http-nio-8088-exec-2] ERROR c.m.tools.AuthEntryPointJwt Unauthorized error: Full authentication is required to access this resource
2023-06-22 15:16:29,608 [http-nio-8088-exec-3] ERROR c.m.tools.AuthEntryPointJwt Unauthorized error: Full authentication is required to access this resource
2023-06-22 15:16:30,091 [http-nio-8088-exec-4] ERROR c.m.tools.AuthEntryPointJwt Unauthorized error: Full authentication is required to access this resource
2023-06-22 15:16:30,273 [http-nio-8088-exec-5] ERROR c.m.tools.AuthEntryPointJwt Unauthorized error: Full authentication is required to access this resource
2023-06-22 15:16:30,592 [http-nio-8088-exec-6] ERROR c.m.tools.AuthEntryPointJwt Unauthorized error: Full authentication is required to access this resource
2023-06-22 15:19:44,632 [http-nio-8088-exec-9] ERROR c.m.tools.AuthEntryPointJwt Unauthorized error: Full authentication is required to access this resource
2023-06-22 15:23:08,482 [restartedMain] INFO  c.m.MoviebookingApplication Starting MoviebookingApplication using Java 18.0.1.1 with PID 24936 (C:\Users\2050610\OneDrive - Cognizant\Desktop\MovieBooking\moviebookingapp\target\classes started by 2050610 in C:\Users\2050610\OneDrive - Cognizant\Desktop\MovieBooking\moviebookingapp)
2023-06-22 15:23:08,484 [restartedMain] DEBUG c.m.MoviebookingApplication Running with Spring Boot v3.1.0, Spring v6.0.9
2023-06-22 15:23:08,485 [restartedMain] INFO  c.m.MoviebookingApplication No active profile set, falling back to 1 default profile: "default"
2023-06-22 15:23:12,183 [restartedMain] DEBUG c.m.tools.AuthTokenFilter Filter 'authTokenFilter' configured for use
2023-06-22 15:23:14,805 [restartedMain] INFO  c.m.MoviebookingApplication Started MoviebookingApplication in 7.032 seconds (process running for 8.511)
2023-06-22 15:23:49,777 [http-nio-8088-exec-9] ERROR c.m.tools.AuthEntryPointJwt Unauthorized error: Full authentication is required to access this resource
2023-06-22 15:25:58,327 [restartedMain] INFO  c.m.MoviebookingApplication Starting MoviebookingApplication using Java 18.0.1.1 with PID 23756 (C:\Users\2050610\OneDrive - Cognizant\Desktop\MovieBooking\moviebookingapp\target\classes started by 2050610 in C:\Users\2050610\OneDrive - Cognizant\Desktop\MovieBooking\moviebookingapp)
2023-06-22 15:25:58,328 [restartedMain] DEBUG c.m.MoviebookingApplication Running with Spring Boot v3.1.0, Spring v6.0.9
2023-06-22 15:25:58,330 [restartedMain] INFO  c.m.MoviebookingApplication No active profile set, falling back to 1 default profile: "default"
2023-06-22 15:26:04,072 [restartedMain] DEBUG c.m.tools.AuthTokenFilter Filter 'authTokenFilter' configured for use
2023-06-22 15:26:07,146 [restartedMain] INFO  c.m.MoviebookingApplication Started MoviebookingApplication in 9.659 seconds (process running for 11.892)
2023-06-22 15:27:12,576 [http-nio-8088-exec-4] ERROR c.m.tools.AuthEntryPointJwt Unauthorized error: Full authentication is required to access this resource
2023-06-22 15:48:44,413 [restartedMain] INFO  c.m.MoviebookingApplication Starting MoviebookingApplication using Java 18.0.1.1 with PID 25416 (C:\Users\2050610\OneDrive - Cognizant\Desktop\MovieBooking\moviebookingapp\target\classes started by 2050610 in C:\Users\2050610\OneDrive - Cognizant\Desktop\MovieBooking\moviebookingapp)
2023-06-22 15:48:44,414 [restartedMain] DEBUG c.m.MoviebookingApplication Running with Spring Boot v3.1.0, Spring v6.0.9
2023-06-22 15:48:44,415 [restartedMain] INFO  c.m.MoviebookingApplication No active profile set, falling back to 1 default profile: "default"
2023-06-22 15:48:48,046 [restartedMain] DEBUG c.m.tools.AuthTokenFilter Filter 'authTokenFilter' configured for use
2023-06-22 15:48:51,450 [restartedMain] INFO  c.m.MoviebookingApplication Started MoviebookingApplication in 7.556 seconds (process running for 8.394)
2023-06-22 15:49:23,582 [http-nio-8088-exec-9] ERROR c.m.tools.AuthEntryPointJwt Unauthorized error: Full authentication is required to access this resource
2023-06-22 15:49:28,157 [http-nio-8088-exec-8] ERROR c.m.tools.AuthEntryPointJwt Unauthorized error: Bad credentials
2023-06-22 15:49:33,031 [http-nio-8088-exec-2] ERROR c.m.tools.AuthEntryPointJwt Unauthorized error: Full authentication is required to access this resource
2023-06-22 15:49:44,158 [http-nio-8088-exec-6] WARN  c.m.tools.AuthTokenFilter MARKER, The token has expired, JWT expired at 2023-06-22T10:45:26Z. Current time: 2023-06-22T13:49:44Z, a difference of 11058156 milliseconds.  Allowed clock skew: 0 milliseconds.
2023-06-22 15:49:44,162 [http-nio-8088-exec-6] ERROR c.m.tools.AuthEntryPointJwt Unauthorized error: Full authentication is required to access this resource
2023-06-22 15:49:47,290 [http-nio-8088-exec-4] ERROR c.m.tools.AuthEntryPointJwt Unauthorized error: Full authentication is required to access this resource
2023-06-22 15:49:49,273 [http-nio-8088-exec-7] ERROR c.m.tools.AuthEntryPointJwt Unauthorized error: Full authentication is required to access this resource
2023-06-22 15:49:53,594 [http-nio-8088-exec-8] ERROR c.m.tools.AuthEntryPointJwt Unauthorized error: Full authentication is required to access this resource
2023-06-22 15:52:07,981 [restartedMain] INFO  c.m.MoviebookingApplication Starting MoviebookingApplication using Java 18.0.1.1 with PID 19808 (C:\Users\2050610\OneDrive - Cognizant\Desktop\MovieBooking\moviebookingapp\target\classes started by 2050610 in C:\Users\2050610\OneDrive - Cognizant\Desktop\MovieBooking\moviebookingapp)
2023-06-22 15:52:07,982 [restartedMain] DEBUG c.m.MoviebookingApplication Running with Spring Boot v3.1.0, Spring v6.0.9
2023-06-22 15:52:07,985 [restartedMain] INFO  c.m.MoviebookingApplication No active profile set, falling back to 1 default profile: "default"
2023-06-22 15:52:13,082 [restartedMain] DEBUG c.m.tools.AuthTokenFilter Filter 'authTokenFilter' configured for use
2023-06-22 15:52:16,245 [restartedMain] INFO  c.m.MoviebookingApplication Started MoviebookingApplication in 9.018 seconds (process running for 10.724)
2023-06-22 15:52:20,090 [http-nio-8088-exec-2] ERROR c.m.tools.AuthEntryPointJwt Unauthorized error: Full authentication is required to access this resource
2023-06-22 15:52:21,858 [http-nio-8088-exec-3] ERROR c.m.tools.AuthEntryPointJwt Unauthorized error: Full authentication is required to access this resource
2023-06-22 15:52:24,006 [http-nio-8088-exec-6] ERROR c.m.tools.AuthEntryPointJwt Unauthorized error: Full authentication is required to access this resource
2023-06-22 15:53:22,030 [restartedMain] INFO  c.m.MoviebookingApplication Starting MoviebookingApplication using Java 18.0.1.1 with PID 23088 (C:\Users\2050610\OneDrive - Cognizant\Desktop\MovieBooking\moviebookingapp\target\classes started by 2050610 in C:\Users\2050610\OneDrive - Cognizant\Desktop\MovieBooking\moviebookingapp)
2023-06-22 15:53:22,031 [restartedMain] DEBUG c.m.MoviebookingApplication Running with Spring Boot v3.1.0, Spring v6.0.9
2023-06-22 15:53:22,035 [restartedMain] INFO  c.m.MoviebookingApplication No active profile set, falling back to 1 default profile: "default"
2023-06-22 15:53:26,035 [restartedMain] DEBUG c.m.tools.AuthTokenFilter Filter 'authTokenFilter' configured for use
2023-06-22 15:53:28,385 [restartedMain] INFO  c.m.MoviebookingApplication Started MoviebookingApplication in 7.081 seconds (process running for 8.553)
2023-06-22 15:53:37,762 [http-nio-8088-exec-4] ERROR c.m.tools.AuthEntryPointJwt Unauthorized error: Full authentication is required to access this resource
2023-06-22 15:53:39,496 [http-nio-8088-exec-7] ERROR c.m.tools.AuthEntryPointJwt Unauthorized error: Full authentication is required to access this resource
2023-06-22 15:53:40,064 [http-nio-8088-exec-5] ERROR c.m.tools.AuthEntryPointJwt Unauthorized error: Full authentication is required to access this resource
2023-06-22 15:53:40,437 [http-nio-8088-exec-8] ERROR c.m.tools.AuthEntryPointJwt Unauthorized error: Full authentication is required to access this resource
2023-06-22 15:54:21,686 [restartedMain] INFO  c.m.MoviebookingApplication Starting MoviebookingApplication using Java 18.0.1.1 with PID 14268 (C:\Users\2050610\OneDrive - Cognizant\Desktop\MovieBooking\moviebookingapp\target\classes started by 2050610 in C:\Users\2050610\OneDrive - Cognizant\Desktop\MovieBooking\moviebookingapp)
2023-06-22 15:54:21,686 [restartedMain] DEBUG c.m.MoviebookingApplication Running with Spring Boot v3.1.0, Spring v6.0.9
2023-06-22 15:54:21,688 [restartedMain] INFO  c.m.MoviebookingApplication No active profile set, falling back to 1 default profile: "default"
2023-06-22 15:54:25,554 [restartedMain] DEBUG c.m.tools.AuthTokenFilter Filter 'authTokenFilter' configured for use
2023-06-22 15:54:34,807 [restartedMain] INFO  c.m.MoviebookingApplication Started MoviebookingApplication in 13.981 seconds (process running for 15.842)
2023-06-22 15:57:49,052 [restartedMain] INFO  c.m.MoviebookingApplication Starting MoviebookingApplication using Java 18.0.1.1 with PID 6432 (C:\Users\2050610\OneDrive - Cognizant\Desktop\MovieBooking\moviebookingapp\target\classes started by 2050610 in C:\Users\2050610\OneDrive - Cognizant\Desktop\MovieBooking\moviebookingapp)
2023-06-22 15:57:49,052 [restartedMain] DEBUG c.m.MoviebookingApplication Running with Spring Boot v3.1.0, Spring v6.0.9
2023-06-22 15:57:49,054 [restartedMain] INFO  c.m.MoviebookingApplication No active profile set, falling back to 1 default profile: "default"
2023-06-22 15:57:53,675 [restartedMain] DEBUG c.m.tools.AuthTokenFilter Filter 'authTokenFilter' configured for use
2023-06-22 15:57:56,664 [restartedMain] INFO  c.m.MoviebookingApplication Started MoviebookingApplication in 8.366 seconds (process running for 9.808)
2023-06-22 15:58:19,145 [http-nio-8088-exec-7] ERROR c.m.tools.AuthEntryPointJwt Unauthorized error: Bad credentials
2023-06-22 15:58:26,768 [http-nio-8088-exec-10] INFO  c.m.contollers.BookingController New user registered successfully!
2023-06-22 15:58:31,893 [http-nio-8088-exec-2] INFO  com.moviebookingapp.tools.JwtUtils Start - generateToken
2023-06-22 15:58:31,897 [http-nio-8088-exec-2] INFO  com.moviebookingapp.tools.JwtUtils End - generateToken
2023-06-22 15:58:31,941 [http-nio-8088-exec-2] INFO  com.moviebookingapp.tools.JwtUtils Generating cookie
2023-06-22 15:58:31,945 [http-nio-8088-exec-2] INFO  com.moviebookingapp.tools.JwtUtils Generating refresh cookie
2023-06-22 15:58:31,947 [http-nio-8088-exec-2] INFO  c.m.contollers.BookingController Sign in user
2023-06-22 15:58:50,925 [http-nio-8088-exec-7] INFO  com.moviebookingapp.tools.JwtUtils Start - validateToken
2023-06-22 15:58:50,929 [http-nio-8088-exec-7] INFO  com.moviebookingapp.tools.JwtUtils End - validateToken
2023-06-22 15:58:50,939 [http-nio-8088-exec-7] INFO  c.m.tools.AuthTokenFilter authenticated user: joel, now setting appropriate security context.
2023-06-22 15:58:50,943 [http-nio-8088-exec-7] INFO  c.m.contollers.BookingController Start - viewAllMovies
2023-06-22 15:58:50,955 [http-nio-8088-exec-7] TRACE c.m.contollers.BookingController End - viewAllMovies
2023-06-22 15:59:09,424 [http-nio-8088-exec-2] INFO  com.moviebookingapp.tools.JwtUtils Start - validateToken
2023-06-22 15:59:09,427 [http-nio-8088-exec-2] INFO  com.moviebookingapp.tools.JwtUtils End - validateToken
2023-06-22 15:59:09,433 [http-nio-8088-exec-2] INFO  c.m.tools.AuthTokenFilter authenticated user: joel, now setting appropriate security context.
2023-06-22 15:59:09,443 [http-nio-8088-exec-2] INFO  c.m.contollers.BookingController Start - findCountOfTicketsForMovie
2023-06-22 15:59:09,522 [http-nio-8088-exec-2] INFO  c.m.contollers.BookingController End - findCountOfTicketsForMovie
2023-06-22 15:59:09,987 [org.springframework.kafka.KafkaListenerEndpointContainer#0-0-C-1] INFO  c.m.kafka.consumer.MessageConsumer Received message from number_of_tickets_booked_for_movie_topic: 7
2023-06-22 15:59:26,302 [http-nio-8088-exec-6] INFO  com.moviebookingapp.tools.JwtUtils Start - validateToken
2023-06-22 15:59:26,305 [http-nio-8088-exec-6] INFO  com.moviebookingapp.tools.JwtUtils End - validateToken
2023-06-22 15:59:26,310 [http-nio-8088-exec-6] INFO  c.m.tools.AuthTokenFilter authenticated user: joel, now setting appropriate security context.
2023-06-22 15:59:26,317 [http-nio-8088-exec-6] INFO  c.m.contollers.BookingController Start - bookTicket
2023-06-22 15:59:26,330 [http-nio-8088-exec-6] INFO  c.m.contollers.BookingController End - bookTicket
2023-06-22 15:59:43,093 [http-nio-8088-exec-10] INFO  com.moviebookingapp.tools.JwtUtils Start - validateToken
2023-06-22 15:59:43,098 [http-nio-8088-exec-10] INFO  com.moviebookingapp.tools.JwtUtils End - validateToken
2023-06-22 15:59:43,103 [http-nio-8088-exec-10] INFO  c.m.tools.AuthTokenFilter authenticated user: joel, now setting appropriate security context.
2023-06-22 15:59:43,117 [http-nio-8088-exec-10] INFO  c.m.contollers.BookingController Start - updateTicketStatus
2023-06-22 15:59:43,117 [http-nio-8088-exec-10] INFO  c.m.contollers.BookingController find ticket by movie name.
2023-06-22 15:59:43,134 [http-nio-8088-exec-10] INFO  c.m.contollers.BookingController End - updateTicketStatus
2023-06-22 15:59:43,142 [org.springframework.kafka.KafkaListenerEndpointContainer#1-0-C-1] INFO  c.m.kafka.consumer.MessageConsumer Received message from ticket_status_for_movie_topic: BOOK ASAP
2023-06-22 16:00:42,087 [restartedMain] INFO  c.m.MoviebookingApplication Starting MoviebookingApplication using Java 18.0.1.1 with PID 9772 (C:\Users\2050610\OneDrive - Cognizant\Desktop\MovieBooking\moviebookingapp\target\classes started by 2050610 in C:\Users\2050610\OneDrive - Cognizant\Desktop\MovieBooking\moviebookingapp)
2023-06-22 16:00:42,089 [restartedMain] DEBUG c.m.MoviebookingApplication Running with Spring Boot v3.1.0, Spring v6.0.9
2023-06-22 16:00:42,090 [restartedMain] INFO  c.m.MoviebookingApplication No active profile set, falling back to 1 default profile: "default"
2023-06-22 16:00:44,899 [restartedMain] DEBUG c.m.tools.AuthTokenFilter Filter 'authTokenFilter' configured for use
2023-06-22 16:00:46,572 [restartedMain] INFO  c.m.MoviebookingApplication Started MoviebookingApplication in 4.915 seconds (process running for 5.742)
2023-06-22 16:28:06,696 [restartedMain] INFO  c.m.MoviebookingApplication Starting MoviebookingApplication using Java 18.0.1.1 with PID 26180 (C:\Users\2050610\OneDrive - Cognizant\Desktop\MovieBooking\moviebookingapp\target\classes started by 2050610 in C:\Users\2050610\OneDrive - Cognizant\Desktop\MovieBooking\moviebookingapp)
2023-06-22 16:28:06,704 [restartedMain] DEBUG c.m.MoviebookingApplication Running with Spring Boot v3.1.0, Spring v6.0.9
2023-06-22 16:28:06,707 [restartedMain] INFO  c.m.MoviebookingApplication No active profile set, falling back to 1 default profile: "default"
2023-06-22 16:28:16,104 [restartedMain] DEBUG c.m.tools.AuthTokenFilter Filter 'authTokenFilter' configured for use
2023-06-22 16:28:20,412 [restartedMain] INFO  c.m.MoviebookingApplication Started MoviebookingApplication in 15.967 seconds (process running for 19.127)
2023-06-22 16:39:27,041 [http-nio-8088-exec-8] INFO  com.moviebookingapp.tools.JwtUtils Start - generateToken
2023-06-22 16:39:27,046 [http-nio-8088-exec-8] INFO  com.moviebookingapp.tools.JwtUtils End - generateToken
2023-06-22 16:39:27,183 [http-nio-8088-exec-8] INFO  com.moviebookingapp.tools.JwtUtils Generating cookie
2023-06-22 16:39:27,199 [http-nio-8088-exec-8] INFO  com.moviebookingapp.tools.JwtUtils Generating refresh cookie
2023-06-22 16:39:27,200 [http-nio-8088-exec-8] INFO  c.m.contollers.BookingController Sign in user
2023-06-22 16:40:04,154 [http-nio-8088-exec-10] INFO  com.moviebookingapp.tools.JwtUtils Start - validateToken
2023-06-22 16:40:04,160 [http-nio-8088-exec-10] INFO  com.moviebookingapp.tools.JwtUtils End - validateToken
2023-06-22 16:40:04,174 [http-nio-8088-exec-10] INFO  c.m.tools.AuthTokenFilter authenticated user: joel, now setting appropriate security context.
2023-06-22 16:40:04,224 [http-nio-8088-exec-10] ERROR c.m.tools.AuthEntryPointJwt Unauthorized error: Full authentication is required to access this resource
2023-06-22 16:41:30,301 [http-nio-8088-exec-10] INFO  com.moviebookingapp.tools.JwtUtils Start - validateToken
2023-06-22 16:41:30,306 [http-nio-8088-exec-10] INFO  com.moviebookingapp.tools.JwtUtils End - validateToken
2023-06-22 16:41:30,320 [http-nio-8088-exec-10] INFO  c.m.tools.AuthTokenFilter authenticated user: joel, now setting appropriate security context.
2023-06-22 16:41:30,330 [http-nio-8088-exec-10] ERROR c.m.tools.AuthEntryPointJwt Unauthorized error: Full authentication is required to access this resource
2023-06-22 16:41:58,370 [http-nio-8088-exec-5] WARN  c.m.tools.AuthTokenFilter MARKER, The token has expired, JWT expired at 2023-06-22T14:28:31Z. Current time: 2023-06-22T14:41:58Z, a difference of 807367 milliseconds.  Allowed clock skew: 0 milliseconds.
2023-06-22 16:41:58,373 [http-nio-8088-exec-5] ERROR c.m.tools.AuthEntryPointJwt Unauthorized error: Full authentication is required to access this resource
2023-06-22 16:42:05,901 [http-nio-8088-exec-7] INFO  com.moviebookingapp.tools.JwtUtils Start - validateToken
2023-06-22 16:42:05,905 [http-nio-8088-exec-7] INFO  com.moviebookingapp.tools.JwtUtils End - validateToken
2023-06-22 16:42:05,919 [http-nio-8088-exec-7] INFO  c.m.tools.AuthTokenFilter authenticated user: joel, now setting appropriate security context.
2023-06-22 16:42:05,922 [http-nio-8088-exec-7] INFO  c.m.contollers.BookingController Start - viewAllMovies
2023-06-22 16:42:05,971 [http-nio-8088-exec-7] TRACE c.m.contollers.BookingController End - viewAllMovies
2023-06-22 17:19:31,419 [restartedMain] INFO  c.m.MoviebookingApplication Starting MoviebookingApplication using Java 18.0.1.1 with PID 23864 (C:\Users\2050610\OneDrive - Cognizant\Desktop\MovieBooking\moviebookingapp\target\classes started by 2050610 in C:\Users\2050610\OneDrive - Cognizant\Desktop\MovieBooking\moviebookingapp)
2023-06-22 17:19:31,420 [restartedMain] DEBUG c.m.MoviebookingApplication Running with Spring Boot v3.1.0, Spring v6.0.9
2023-06-22 17:19:31,422 [restartedMain] INFO  c.m.MoviebookingApplication No active profile set, falling back to 1 default profile: "default"
2023-06-22 17:19:36,404 [restartedMain] DEBUG c.m.tools.AuthTokenFilter Filter 'authTokenFilter' configured for use
2023-06-22 17:19:39,293 [restartedMain] INFO  c.m.MoviebookingApplication Started MoviebookingApplication in 8.6 seconds (process running for 9.863)
2023-06-22 17:19:48,865 [http-nio-8088-exec-5] WARN  c.m.tools.AuthTokenFilter MARKER, The token has expired, JWT expired at 2023-06-22T15:09:27Z. Current time: 2023-06-22T15:19:48Z, a difference of 621864 milliseconds.  Allowed clock skew: 0 milliseconds.
2023-06-22 17:19:48,874 [http-nio-8088-exec-5] ERROR c.m.tools.AuthEntryPointJwt Unauthorized error: Full authentication is required to access this resource
2023-06-22 17:19:57,454 [http-nio-8088-exec-6] INFO  com.moviebookingapp.tools.JwtUtils Start - generateToken
2023-06-22 17:19:57,455 [http-nio-8088-exec-6] INFO  com.moviebookingapp.tools.JwtUtils End - generateToken
2023-06-22 17:19:57,473 [http-nio-8088-exec-6] INFO  com.moviebookingapp.tools.JwtUtils Generating cookie
2023-06-22 17:19:57,478 [http-nio-8088-exec-6] INFO  com.moviebookingapp.tools.JwtUtils Generating refresh cookie
2023-06-22 17:19:57,478 [http-nio-8088-exec-6] INFO  c.m.contollers.BookingController Sign in user
2023-06-22 17:20:16,139 [http-nio-8088-exec-3] INFO  com.moviebookingapp.tools.JwtUtils Start - validateToken
2023-06-22 17:20:16,145 [http-nio-8088-exec-3] INFO  com.moviebookingapp.tools.JwtUtils End - validateToken
2023-06-22 17:20:16,152 [http-nio-8088-exec-3] INFO  c.m.tools.AuthTokenFilter authenticated user: joel, now setting appropriate security context.
2023-06-22 17:20:16,168 [http-nio-8088-exec-3] INFO  c.m.contollers.BookingController Start - deleteMovie
2023-06-22 17:20:16,197 [http-nio-8088-exec-3] INFO  c.m.contollers.BookingController End - deleteMovie
2023-10-31 14:58:10,027 [restartedMain] INFO  c.m.MoviebookingApplication Starting MoviebookingApplication using Java 17.0.2 with PID 6480 (C:\Users\2050610\OneDrive - Cognizant\Desktop\HBA-backend\moviebookingapp\target\classes started by 2050610 in C:\Users\2050610\OneDrive - Cognizant\Desktop\HBA-backend\moviebookingapp)
2023-10-31 14:58:10,029 [restartedMain] DEBUG c.m.MoviebookingApplication Running with Spring Boot v3.1.0, Spring v6.0.9
2023-10-31 14:58:10,040 [restartedMain] INFO  c.m.MoviebookingApplication No active profile set, falling back to 1 default profile: "default"
2023-10-31 14:58:15,634 [restartedMain] DEBUG c.m.tools.AuthTokenFilter Filter 'authTokenFilter' configured for use
2023-10-31 14:58:19,227 [restartedMain] INFO  c.m.MoviebookingApplication Started MoviebookingApplication in 10.098 seconds (process running for 11.883)
2023-10-31 15:01:53,668 [http-nio-8088-exec-8] ERROR c.m.tools.AuthEntryPointJwt Unauthorized error: Bad credentials
2023-10-31 15:02:54,565 [http-nio-8088-exec-8] ERROR c.m.tools.AuthEntryPointJwt Unauthorized error: Full authentication is required to access this resource
2023-10-31 15:05:51,795 [http-nio-8088-exec-8] INFO  c.m.contollers.BookingController New user registered successfully!
2023-10-31 15:06:14,739 [http-nio-8088-exec-3] INFO  com.moviebookingapp.tools.JwtUtils Start - generateToken
2023-10-31 15:06:14,741 [http-nio-8088-exec-3] INFO  com.moviebookingapp.tools.JwtUtils End - generateToken
2023-10-31 15:06:14,807 [http-nio-8088-exec-3] INFO  com.moviebookingapp.tools.JwtUtils Generating cookie
2023-10-31 15:06:14,811 [http-nio-8088-exec-3] INFO  com.moviebookingapp.tools.JwtUtils Generating refresh cookie
2023-10-31 15:06:14,811 [http-nio-8088-exec-3] INFO  c.m.contollers.BookingController Sign in user
2023-10-31 15:07:18,662 [http-nio-8088-exec-8] INFO  com.moviebookingapp.tools.JwtUtils Start - generateToken
2023-10-31 15:07:18,662 [http-nio-8088-exec-8] INFO  com.moviebookingapp.tools.JwtUtils End - generateToken
2023-10-31 15:07:18,664 [http-nio-8088-exec-8] INFO  com.moviebookingapp.tools.JwtUtils Generating cookie
2023-10-31 15:07:18,664 [http-nio-8088-exec-8] INFO  com.moviebookingapp.tools.JwtUtils Generating refresh cookie
2023-10-31 15:07:18,664 [http-nio-8088-exec-8] INFO  c.m.contollers.BookingController Sign in user
2023-10-31 16:54:08,213 [restartedMain] INFO  c.m.MoviebookingApplication Starting MoviebookingApplication using Java 17.0.2 with PID 26732 (C:\Users\2050610\OneDrive - Cognizant\Desktop\HBA-backend\moviebookingapp\target\classes started by 2050610 in C:\Users\2050610\OneDrive - Cognizant\Desktop\HBA-backend\moviebookingapp)
2023-10-31 16:54:08,215 [restartedMain] DEBUG c.m.MoviebookingApplication Running with Spring Boot v3.1.0, Spring v6.0.9
2023-10-31 16:54:08,216 [restartedMain] INFO  c.m.MoviebookingApplication No active profile set, falling back to 1 default profile: "default"
2023-10-31 16:54:16,661 [restartedMain] DEBUG c.m.tools.AuthTokenFilter Filter 'authTokenFilter' configured for use
2023-10-31 16:54:19,702 [restartedMain] INFO  c.m.MoviebookingApplication Started MoviebookingApplication in 12.839 seconds (process running for 15.397)
2023-10-31 16:55:12,234 [http-nio-8088-exec-2] INFO  com.moviebookingapp.tools.JwtUtils Start - generateToken
2023-10-31 16:55:12,235 [http-nio-8088-exec-2] INFO  com.moviebookingapp.tools.JwtUtils End - generateToken
2023-10-31 16:55:12,274 [http-nio-8088-exec-2] INFO  com.moviebookingapp.tools.JwtUtils Generating cookie
2023-10-31 16:55:12,277 [http-nio-8088-exec-2] INFO  com.moviebookingapp.tools.JwtUtils Generating refresh cookie
2023-10-31 16:55:12,277 [http-nio-8088-exec-2] INFO  c.m.contollers.BookingController Sign in user
